[2025-06-04T08:30:30.573+0000] {local_task_job_runner.py:120} INFO - ::group::Pre task execution logs
[2025-06-04T08:30:30.687+0000] {taskinstance.py:2076} INFO - Dependencies all met for dep_context=non-requeueable deps ti=<TaskInstance: f1_data_extraction_pipeline.transform_all_detailed_results manual__2025-06-04T08:29:53+00:00 [queued]>
[2025-06-04T08:30:30.707+0000] {taskinstance.py:2076} INFO - Dependencies all met for dep_context=requeueable deps ti=<TaskInstance: f1_data_extraction_pipeline.transform_all_detailed_results manual__2025-06-04T08:29:53+00:00 [queued]>
[2025-06-04T08:30:30.708+0000] {taskinstance.py:2306} INFO - Starting attempt 1 of 1
[2025-06-04T08:30:30.737+0000] {taskinstance.py:2330} INFO - Executing <Task(PythonOperator): transform_all_detailed_results> on 2025-06-04 08:29:53+00:00
[2025-06-04T08:30:30.768+0000] {standard_task_runner.py:90} INFO - Running: ['***', 'tasks', 'run', 'f1_data_extraction_pipeline', 'transform_all_detailed_results', 'manual__2025-06-04T08:29:53+00:00', '--job-id', '14', '--raw', '--subdir', 'DAGS_FOLDER/f1_pipeline.py', '--cfg-path', '/tmp/tmpc5zngpz6']
[2025-06-04T08:30:30.778+0000] {standard_task_runner.py:91} INFO - Job 14: Subtask transform_all_detailed_results
[2025-06-04T08:30:31.099+0000] {logging_mixin.py:188} WARNING - /home/***/.local/lib/python3.12/site-packages/***/task/task_runner/standard_task_runner.py:61 DeprecationWarning: This process (pid=649) is multi-threaded, use of fork() may lead to deadlocks in the child.
[2025-06-04T08:30:31.100+0000] {standard_task_runner.py:63} INFO - Started process 650 to run task
[2025-06-04T08:30:31.117+0000] {task_command.py:426} INFO - Running <TaskInstance: f1_data_extraction_pipeline.transform_all_detailed_results manual__2025-06-04T08:29:53+00:00 [running]> on host 98906ef28ad4
[2025-06-04T08:30:31.171+0000] {taskinstance.py:2648} INFO - Exporting env vars: AIRFLOW_CTX_DAG_OWNER='***' AIRFLOW_CTX_DAG_ID='f1_data_extraction_pipeline' AIRFLOW_CTX_TASK_ID='transform_all_detailed_results' AIRFLOW_CTX_EXECUTION_DATE='2025-06-04T08:29:53+00:00' AIRFLOW_CTX_TRY_NUMBER='1' AIRFLOW_CTX_DAG_RUN_ID='manual__2025-06-04T08:29:53+00:00'
[2025-06-04T08:30:31.171+0000] {taskinstance.py:430} INFO - ::endgroup::
[2025-06-04T08:30:31.178+0000] {logging_mixin.py:188} INFO - Error: Results file not found for year 2023, round [ at /opt/***/data/raw/2023/round_[_results.json
[2025-06-04T08:30:31.180+0000] {logging_mixin.py:188} INFO - Error: Results file not found for year 2023, round , at /opt/***/data/raw/2023/round_,_results.json
[2025-06-04T08:30:31.181+0000] {logging_mixin.py:188} INFO - Error: Results file not found for year 2023, round   at /opt/***/data/raw/2023/round_ _results.json
[2025-06-04T08:30:31.182+0000] {logging_mixin.py:188} INFO - Error: Results file not found for year 2023, round , at /opt/***/data/raw/2023/round_,_results.json
[2025-06-04T08:30:31.182+0000] {logging_mixin.py:188} INFO - Error: Results file not found for year 2023, round   at /opt/***/data/raw/2023/round_ _results.json
[2025-06-04T08:30:31.183+0000] {logging_mixin.py:188} INFO - Error: Results file not found for year 2023, round , at /opt/***/data/raw/2023/round_,_results.json
[2025-06-04T08:30:31.183+0000] {logging_mixin.py:188} INFO - Error: Results file not found for year 2023, round   at /opt/***/data/raw/2023/round_ _results.json
[2025-06-04T08:30:31.184+0000] {logging_mixin.py:188} INFO - Error: Results file not found for year 2023, round , at /opt/***/data/raw/2023/round_,_results.json
[2025-06-04T08:30:31.184+0000] {logging_mixin.py:188} INFO - Error: Results file not found for year 2023, round   at /opt/***/data/raw/2023/round_ _results.json
[2025-06-04T08:30:31.185+0000] {logging_mixin.py:188} INFO - Error: Results file not found for year 2023, round , at /opt/***/data/raw/2023/round_,_results.json
[2025-06-04T08:30:31.185+0000] {logging_mixin.py:188} INFO - Error: Results file not found for year 2023, round   at /opt/***/data/raw/2023/round_ _results.json
[2025-06-04T08:30:31.186+0000] {logging_mixin.py:188} INFO - Error: Results file not found for year 2023, round , at /opt/***/data/raw/2023/round_,_results.json
[2025-06-04T08:30:31.186+0000] {logging_mixin.py:188} INFO - Error: Results file not found for year 2023, round   at /opt/***/data/raw/2023/round_ _results.json
[2025-06-04T08:30:31.187+0000] {logging_mixin.py:188} INFO - Error: Results file not found for year 2023, round , at /opt/***/data/raw/2023/round_,_results.json
[2025-06-04T08:30:31.187+0000] {logging_mixin.py:188} INFO - Error: Results file not found for year 2023, round   at /opt/***/data/raw/2023/round_ _results.json
[2025-06-04T08:30:31.188+0000] {logging_mixin.py:188} INFO - Error: Results file not found for year 2023, round , at /opt/***/data/raw/2023/round_,_results.json
[2025-06-04T08:30:31.188+0000] {logging_mixin.py:188} INFO - Error: Results file not found for year 2023, round   at /opt/***/data/raw/2023/round_ _results.json
[2025-06-04T08:30:31.189+0000] {logging_mixin.py:188} INFO - Error: Results file not found for year 2023, round , at /opt/***/data/raw/2023/round_,_results.json
[2025-06-04T08:30:31.189+0000] {logging_mixin.py:188} INFO - Error: Results file not found for year 2023, round   at /opt/***/data/raw/2023/round_ _results.json
[2025-06-04T08:30:31.190+0000] {logging_mixin.py:188} INFO - Error: Results file not found for year 2023, round 0 at /opt/***/data/raw/2023/round_0_results.json
[2025-06-04T08:30:31.190+0000] {logging_mixin.py:188} INFO - Error: Results file not found for year 2023, round , at /opt/***/data/raw/2023/round_,_results.json
[2025-06-04T08:30:31.190+0000] {logging_mixin.py:188} INFO - Error: Results file not found for year 2023, round   at /opt/***/data/raw/2023/round_ _results.json
[2025-06-04T08:30:31.191+0000] {logging_mixin.py:188} INFO - Error: Results file not found for year 2023, round , at /opt/***/data/raw/2023/round_,_results.json
[2025-06-04T08:30:31.192+0000] {logging_mixin.py:188} INFO - Error: Results file not found for year 2023, round   at /opt/***/data/raw/2023/round_ _results.json
[2025-06-04T08:30:31.193+0000] {logging_mixin.py:188} INFO - Error: Results file not found for year 2023, round , at /opt/***/data/raw/2023/round_,_results.json
[2025-06-04T08:30:31.193+0000] {logging_mixin.py:188} INFO - Error: Results file not found for year 2023, round   at /opt/***/data/raw/2023/round_ _results.json
[2025-06-04T08:30:31.193+0000] {logging_mixin.py:188} INFO - Error: Results file not found for year 2023, round , at /opt/***/data/raw/2023/round_,_results.json
[2025-06-04T08:30:31.194+0000] {logging_mixin.py:188} INFO - Error: Results file not found for year 2023, round   at /opt/***/data/raw/2023/round_ _results.json
[2025-06-04T08:30:31.195+0000] {logging_mixin.py:188} INFO - Error: Results file not found for year 2023, round , at /opt/***/data/raw/2023/round_,_results.json
[2025-06-04T08:30:31.195+0000] {logging_mixin.py:188} INFO - Error: Results file not found for year 2023, round   at /opt/***/data/raw/2023/round_ _results.json
[2025-06-04T08:30:31.196+0000] {logging_mixin.py:188} INFO - Error: Results file not found for year 2023, round , at /opt/***/data/raw/2023/round_,_results.json
[2025-06-04T08:30:31.196+0000] {logging_mixin.py:188} INFO - Error: Results file not found for year 2023, round   at /opt/***/data/raw/2023/round_ _results.json
[2025-06-04T08:30:31.197+0000] {logging_mixin.py:188} INFO - Error: Results file not found for year 2023, round , at /opt/***/data/raw/2023/round_,_results.json
[2025-06-04T08:30:31.197+0000] {logging_mixin.py:188} INFO - Error: Results file not found for year 2023, round   at /opt/***/data/raw/2023/round_ _results.json
[2025-06-04T08:30:31.198+0000] {logging_mixin.py:188} INFO - Error: Results file not found for year 2023, round , at /opt/***/data/raw/2023/round_,_results.json
[2025-06-04T08:30:31.198+0000] {logging_mixin.py:188} INFO - Error: Results file not found for year 2023, round   at /opt/***/data/raw/2023/round_ _results.json
[2025-06-04T08:30:31.198+0000] {logging_mixin.py:188} INFO - Error: Results file not found for year 2023, round , at /opt/***/data/raw/2023/round_,_results.json
[2025-06-04T08:30:31.199+0000] {logging_mixin.py:188} INFO - Error: Results file not found for year 2023, round   at /opt/***/data/raw/2023/round_ _results.json
[2025-06-04T08:30:31.199+0000] {logging_mixin.py:188} INFO - Error: Results file not found for year 2023, round , at /opt/***/data/raw/2023/round_,_results.json
[2025-06-04T08:30:31.199+0000] {logging_mixin.py:188} INFO - Error: Results file not found for year 2023, round   at /opt/***/data/raw/2023/round_ _results.json
[2025-06-04T08:30:31.200+0000] {logging_mixin.py:188} INFO - Error: Results file not found for year 2023, round 0 at /opt/***/data/raw/2023/round_0_results.json
[2025-06-04T08:30:31.200+0000] {logging_mixin.py:188} INFO - Error: Results file not found for year 2023, round , at /opt/***/data/raw/2023/round_,_results.json
[2025-06-04T08:30:31.200+0000] {logging_mixin.py:188} INFO - Error: Results file not found for year 2023, round   at /opt/***/data/raw/2023/round_ _results.json
[2025-06-04T08:30:31.201+0000] {logging_mixin.py:188} INFO - Error: Results file not found for year 2023, round , at /opt/***/data/raw/2023/round_,_results.json
[2025-06-04T08:30:31.201+0000] {logging_mixin.py:188} INFO - Error: Results file not found for year 2023, round   at /opt/***/data/raw/2023/round_ _results.json
[2025-06-04T08:30:31.202+0000] {logging_mixin.py:188} INFO - Error: Results file not found for year 2023, round ] at /opt/***/data/raw/2023/round_]_results.json
[2025-06-04T08:30:31.215+0000] {logging_mixin.py:188} INFO - Detailed results for year 2023 saved to /opt/***/data/processed/2023/detailed_results.csv.
[2025-06-04T08:30:31.216+0000] {logging_mixin.py:188} INFO - Drivers data for year 2023 saved to /opt/***/data/processed/2023/drivers.csv.
[2025-06-04T08:30:31.217+0000] {logging_mixin.py:188} INFO - Constructors data for year 2023 saved to /opt/***/data/processed/2023/constructors.csv.
[2025-06-04T08:30:31.217+0000] {python.py:237} INFO - Done. Returned value was: True
[2025-06-04T08:30:31.217+0000] {taskinstance.py:441} INFO - ::group::Post task execution logs
[2025-06-04T08:30:31.229+0000] {taskinstance.py:1206} INFO - Marking task as SUCCESS. dag_id=f1_data_extraction_pipeline, task_id=transform_all_detailed_results, run_id=manual__2025-06-04T08:29:53+00:00, execution_date=20250604T082953, start_date=20250604T083030, end_date=20250604T083031
[2025-06-04T08:30:31.242+0000] {local_task_job_runner.py:240} INFO - Task exited with return code 0
[2025-06-04T08:30:31.252+0000] {taskinstance.py:3503} INFO - 1 downstream tasks scheduled from follow-on schedule check
[2025-06-04T08:30:31.253+0000] {local_task_job_runner.py:222} INFO - ::endgroup::
