[2025-06-04T12:12:03.870+0000] {local_task_job_runner.py:120} INFO - ::group::Pre task execution logs
[2025-06-04T12:12:03.944+0000] {taskinstance.py:2076} INFO - Dependencies all met for dep_context=non-requeueable deps ti=<TaskInstance: f1_data_extraction_pipeline.transform_all_detailed_results manual__2025-06-04T12:11:24+00:00 [queued]>
[2025-06-04T12:12:03.961+0000] {taskinstance.py:2076} INFO - Dependencies all met for dep_context=requeueable deps ti=<TaskInstance: f1_data_extraction_pipeline.transform_all_detailed_results manual__2025-06-04T12:11:24+00:00 [queued]>
[2025-06-04T12:12:03.961+0000] {taskinstance.py:2306} INFO - Starting attempt 1 of 1
[2025-06-04T12:12:03.979+0000] {taskinstance.py:2330} INFO - Executing <Task(PythonOperator): transform_all_detailed_results> on 2025-06-04 12:11:24+00:00
[2025-06-04T12:12:04.009+0000] {logging_mixin.py:188} WARNING - /home/***/.local/lib/python3.12/site-packages/***/task/task_runner/standard_task_runner.py:61 DeprecationWarning: This process (pid=356) is multi-threaded, use of fork() may lead to deadlocks in the child.
[2025-06-04T12:12:04.008+0000] {standard_task_runner.py:90} INFO - Running: ['***', 'tasks', 'run', 'f1_data_extraction_pipeline', 'transform_all_detailed_results', 'manual__2025-06-04T12:11:24+00:00', '--job-id', '11', '--raw', '--subdir', 'DAGS_FOLDER/f1_pipeline.py', '--cfg-path', '/tmp/tmp8qy6gbqz']
[2025-06-04T12:12:04.012+0000] {standard_task_runner.py:63} INFO - Started process 357 to run task
[2025-06-04T12:12:04.013+0000] {standard_task_runner.py:91} INFO - Job 11: Subtask transform_all_detailed_results
[2025-06-04T12:12:04.138+0000] {task_command.py:426} INFO - Running <TaskInstance: f1_data_extraction_pipeline.transform_all_detailed_results manual__2025-06-04T12:11:24+00:00 [running]> on host e747f96e55ee
[2025-06-04T12:12:05.267+0000] {taskinstance.py:2648} INFO - Exporting env vars: AIRFLOW_CTX_DAG_OWNER='***' AIRFLOW_CTX_DAG_ID='f1_data_extraction_pipeline' AIRFLOW_CTX_TASK_ID='transform_all_detailed_results' AIRFLOW_CTX_EXECUTION_DATE='2025-06-04T12:11:24+00:00' AIRFLOW_CTX_TRY_NUMBER='1' AIRFLOW_CTX_DAG_RUN_ID='manual__2025-06-04T12:11:24+00:00'
[2025-06-04T12:12:05.269+0000] {taskinstance.py:430} INFO - ::endgroup::
[2025-06-04T12:12:05.288+0000] {logging_mixin.py:188} INFO - Error: Results file not found for year 2024, round [ at /opt/***/data/raw/2024/round_[_results.json
[2025-06-04T12:12:05.292+0000] {logging_mixin.py:188} INFO - → Adding constructor_id = 'red_bull' from round 1
[2025-06-04T12:12:05.293+0000] {logging_mixin.py:188} INFO - → Adding constructor_id = 'ferrari' from round 1
[2025-06-04T12:12:05.295+0000] {logging_mixin.py:188} INFO - → Adding constructor_id = 'mercedes' from round 1
[2025-06-04T12:12:05.296+0000] {logging_mixin.py:188} INFO - → Adding constructor_id = 'mclaren' from round 1
[2025-06-04T12:12:05.298+0000] {logging_mixin.py:188} INFO - → Adding constructor_id = 'aston_martin' from round 1
[2025-06-04T12:12:05.298+0000] {logging_mixin.py:188} INFO - → Adding constructor_id = 'sauber' from round 1
[2025-06-04T12:12:05.299+0000] {logging_mixin.py:188} INFO - → Adding constructor_id = 'haas' from round 1
[2025-06-04T12:12:05.300+0000] {logging_mixin.py:188} INFO - → Adding constructor_id = 'rb' from round 1
[2025-06-04T12:12:05.301+0000] {logging_mixin.py:188} INFO - → Adding constructor_id = 'williams' from round 1
[2025-06-04T12:12:05.301+0000] {logging_mixin.py:188} INFO - → Adding constructor_id = 'alpine' from round 1
[2025-06-04T12:12:05.302+0000] {logging_mixin.py:188} INFO - Error: Results file not found for year 2024, round , at /opt/***/data/raw/2024/round_,_results.json
[2025-06-04T12:12:05.304+0000] {logging_mixin.py:188} INFO - Error: Results file not found for year 2024, round   at /opt/***/data/raw/2024/round_ _results.json
[2025-06-04T12:12:05.308+0000] {logging_mixin.py:188} INFO - Error: Results file not found for year 2024, round , at /opt/***/data/raw/2024/round_,_results.json
[2025-06-04T12:12:05.310+0000] {logging_mixin.py:188} INFO - Error: Results file not found for year 2024, round   at /opt/***/data/raw/2024/round_ _results.json
[2025-06-04T12:12:05.316+0000] {logging_mixin.py:188} INFO - Error: Results file not found for year 2024, round , at /opt/***/data/raw/2024/round_,_results.json
[2025-06-04T12:12:05.317+0000] {logging_mixin.py:188} INFO - Error: Results file not found for year 2024, round   at /opt/***/data/raw/2024/round_ _results.json
[2025-06-04T12:12:05.322+0000] {logging_mixin.py:188} INFO - Error: Results file not found for year 2024, round , at /opt/***/data/raw/2024/round_,_results.json
[2025-06-04T12:12:05.323+0000] {logging_mixin.py:188} INFO - Error: Results file not found for year 2024, round   at /opt/***/data/raw/2024/round_ _results.json
[2025-06-04T12:12:05.327+0000] {logging_mixin.py:188} INFO - Error: Results file not found for year 2024, round , at /opt/***/data/raw/2024/round_,_results.json
[2025-06-04T12:12:05.328+0000] {logging_mixin.py:188} INFO - Error: Results file not found for year 2024, round   at /opt/***/data/raw/2024/round_ _results.json
[2025-06-04T12:12:05.333+0000] {logging_mixin.py:188} INFO - Error: Results file not found for year 2024, round , at /opt/***/data/raw/2024/round_,_results.json
[2025-06-04T12:12:05.335+0000] {logging_mixin.py:188} INFO - Error: Results file not found for year 2024, round   at /opt/***/data/raw/2024/round_ _results.json
[2025-06-04T12:12:05.340+0000] {logging_mixin.py:188} INFO - Error: Results file not found for year 2024, round , at /opt/***/data/raw/2024/round_,_results.json
[2025-06-04T12:12:05.341+0000] {logging_mixin.py:188} INFO - Error: Results file not found for year 2024, round   at /opt/***/data/raw/2024/round_ _results.json
[2025-06-04T12:12:05.345+0000] {logging_mixin.py:188} INFO - Error: Results file not found for year 2024, round , at /opt/***/data/raw/2024/round_,_results.json
[2025-06-04T12:12:05.347+0000] {logging_mixin.py:188} INFO - Error: Results file not found for year 2024, round   at /opt/***/data/raw/2024/round_ _results.json
[2025-06-04T12:12:05.352+0000] {logging_mixin.py:188} INFO - Error: Results file not found for year 2024, round , at /opt/***/data/raw/2024/round_,_results.json
[2025-06-04T12:12:05.353+0000] {logging_mixin.py:188} INFO - Error: Results file not found for year 2024, round   at /opt/***/data/raw/2024/round_ _results.json
[2025-06-04T12:12:05.356+0000] {logging_mixin.py:188} INFO - Error: Results file not found for year 2024, round 0 at /opt/***/data/raw/2024/round_0_results.json
[2025-06-04T12:12:05.357+0000] {logging_mixin.py:188} INFO - Error: Results file not found for year 2024, round , at /opt/***/data/raw/2024/round_,_results.json
[2025-06-04T12:12:05.358+0000] {logging_mixin.py:188} INFO - Error: Results file not found for year 2024, round   at /opt/***/data/raw/2024/round_ _results.json
[2025-06-04T12:12:05.360+0000] {logging_mixin.py:188} INFO - Error: Results file not found for year 2024, round , at /opt/***/data/raw/2024/round_,_results.json
[2025-06-04T12:12:05.361+0000] {logging_mixin.py:188} INFO - Error: Results file not found for year 2024, round   at /opt/***/data/raw/2024/round_ _results.json
[2025-06-04T12:12:05.365+0000] {logging_mixin.py:188} INFO - Error: Results file not found for year 2024, round , at /opt/***/data/raw/2024/round_,_results.json
[2025-06-04T12:12:05.367+0000] {logging_mixin.py:188} INFO - Error: Results file not found for year 2024, round   at /opt/***/data/raw/2024/round_ _results.json
[2025-06-04T12:12:05.387+0000] {logging_mixin.py:188} INFO - Error: Results file not found for year 2024, round , at /opt/***/data/raw/2024/round_,_results.json
[2025-06-04T12:12:05.388+0000] {logging_mixin.py:188} INFO - Error: Results file not found for year 2024, round   at /opt/***/data/raw/2024/round_ _results.json
[2025-06-04T12:12:05.394+0000] {logging_mixin.py:188} INFO - Error: Results file not found for year 2024, round , at /opt/***/data/raw/2024/round_,_results.json
[2025-06-04T12:12:05.394+0000] {logging_mixin.py:188} INFO - Error: Results file not found for year 2024, round   at /opt/***/data/raw/2024/round_ _results.json
[2025-06-04T12:12:05.396+0000] {logging_mixin.py:188} INFO - Error: Results file not found for year 2024, round , at /opt/***/data/raw/2024/round_,_results.json
[2025-06-04T12:12:05.397+0000] {logging_mixin.py:188} INFO - Error: Results file not found for year 2024, round   at /opt/***/data/raw/2024/round_ _results.json
[2025-06-04T12:12:05.399+0000] {logging_mixin.py:188} INFO - Error: Results file not found for year 2024, round , at /opt/***/data/raw/2024/round_,_results.json
[2025-06-04T12:12:05.399+0000] {logging_mixin.py:188} INFO - Error: Results file not found for year 2024, round   at /opt/***/data/raw/2024/round_ _results.json
[2025-06-04T12:12:05.401+0000] {logging_mixin.py:188} INFO - Error: Results file not found for year 2024, round , at /opt/***/data/raw/2024/round_,_results.json
[2025-06-04T12:12:05.401+0000] {logging_mixin.py:188} INFO - Error: Results file not found for year 2024, round   at /opt/***/data/raw/2024/round_ _results.json
[2025-06-04T12:12:05.403+0000] {logging_mixin.py:188} INFO - Error: Results file not found for year 2024, round , at /opt/***/data/raw/2024/round_,_results.json
[2025-06-04T12:12:05.403+0000] {logging_mixin.py:188} INFO - Error: Results file not found for year 2024, round   at /opt/***/data/raw/2024/round_ _results.json
[2025-06-04T12:12:05.404+0000] {logging_mixin.py:188} INFO - Error: Results file not found for year 2024, round , at /opt/***/data/raw/2024/round_,_results.json
[2025-06-04T12:12:05.405+0000] {logging_mixin.py:188} INFO - Error: Results file not found for year 2024, round   at /opt/***/data/raw/2024/round_ _results.json
[2025-06-04T12:12:05.406+0000] {logging_mixin.py:188} INFO - Error: Results file not found for year 2024, round 0 at /opt/***/data/raw/2024/round_0_results.json
[2025-06-04T12:12:05.406+0000] {logging_mixin.py:188} INFO - Error: Results file not found for year 2024, round , at /opt/***/data/raw/2024/round_,_results.json
[2025-06-04T12:12:05.406+0000] {logging_mixin.py:188} INFO - Error: Results file not found for year 2024, round   at /opt/***/data/raw/2024/round_ _results.json
[2025-06-04T12:12:05.407+0000] {logging_mixin.py:188} INFO - Error: Results file not found for year 2024, round , at /opt/***/data/raw/2024/round_,_results.json
[2025-06-04T12:12:05.408+0000] {logging_mixin.py:188} INFO - Error: Results file not found for year 2024, round   at /opt/***/data/raw/2024/round_ _results.json
[2025-06-04T12:12:05.409+0000] {logging_mixin.py:188} INFO - Error: Results file not found for year 2024, round , at /opt/***/data/raw/2024/round_,_results.json
[2025-06-04T12:12:05.410+0000] {logging_mixin.py:188} INFO - Error: Results file not found for year 2024, round   at /opt/***/data/raw/2024/round_ _results.json
[2025-06-04T12:12:05.411+0000] {logging_mixin.py:188} INFO - Error: Results file not found for year 2024, round , at /opt/***/data/raw/2024/round_,_results.json
[2025-06-04T12:12:05.411+0000] {logging_mixin.py:188} INFO - Error: Results file not found for year 2024, round   at /opt/***/data/raw/2024/round_ _results.json
[2025-06-04T12:12:05.412+0000] {logging_mixin.py:188} INFO - Error: Results file not found for year 2024, round ] at /opt/***/data/raw/2024/round_]_results.json
[2025-06-04T12:12:05.445+0000] {logging_mixin.py:188} INFO - Detailed results for year 2024 saved to /opt/***/data/processed/2024/detailed_results.csv.
[2025-06-04T12:12:05.449+0000] {logging_mixin.py:188} INFO - Drivers data for year 2024 saved to /opt/***/data/processed/2024/drivers.csv.
[2025-06-04T12:12:05.450+0000] {logging_mixin.py:188} INFO - Constructors data for year 2024 saved to /opt/***/data/processed/2024/constructors.csv.
[2025-06-04T12:12:05.451+0000] {python.py:237} INFO - Done. Returned value was: True
[2025-06-04T12:12:05.451+0000] {taskinstance.py:441} INFO - ::group::Post task execution logs
[2025-06-04T12:12:05.468+0000] {taskinstance.py:1206} INFO - Marking task as SUCCESS. dag_id=f1_data_extraction_pipeline, task_id=transform_all_detailed_results, run_id=manual__2025-06-04T12:11:24+00:00, execution_date=20250604T121124, start_date=20250604T121203, end_date=20250604T121205
[2025-06-04T12:12:05.523+0000] {local_task_job_runner.py:240} INFO - Task exited with return code 0
[2025-06-04T12:12:05.608+0000] {taskinstance.py:3503} INFO - 1 downstream tasks scheduled from follow-on schedule check
[2025-06-04T12:12:05.614+0000] {local_task_job_runner.py:222} INFO - ::endgroup::
