[2025-06-04T09:34:47.695+0000] {local_task_job_runner.py:120} INFO - ::group::Pre task execution logs
[2025-06-04T09:34:47.710+0000] {taskinstance.py:2076} INFO - Dependencies all met for dep_context=non-requeueable deps ti=<TaskInstance: f1_data_extraction_pipeline.fetch_all_round_details manual__2025-06-04T09:34:41+00:00 [queued]>
[2025-06-04T09:34:47.714+0000] {taskinstance.py:2076} INFO - Dependencies all met for dep_context=requeueable deps ti=<TaskInstance: f1_data_extraction_pipeline.fetch_all_round_details manual__2025-06-04T09:34:41+00:00 [queued]>
[2025-06-04T09:34:47.714+0000] {taskinstance.py:2306} INFO - Starting attempt 1 of 1
[2025-06-04T09:34:47.719+0000] {taskinstance.py:2330} INFO - Executing <Task(PythonOperator): fetch_all_round_details> on 2025-06-04 09:34:41+00:00
[2025-06-04T09:34:47.724+0000] {standard_task_runner.py:90} INFO - Running: ['***', 'tasks', 'run', 'f1_data_extraction_pipeline', 'fetch_all_round_details', 'manual__2025-06-04T09:34:41+00:00', '--job-id', '24', '--raw', '--subdir', 'DAGS_FOLDER/f1_pipeline.py', '--cfg-path', '/tmp/tmpbfua0wbd']
[2025-06-04T09:34:47.726+0000] {logging_mixin.py:188} WARNING - /home/***/.local/lib/python3.12/site-packages/***/task/task_runner/standard_task_runner.py:61 DeprecationWarning: This process (pid=717) is multi-threaded, use of fork() may lead to deadlocks in the child.
[2025-06-04T09:34:47.726+0000] {standard_task_runner.py:63} INFO - Started process 718 to run task
[2025-06-04T09:34:47.726+0000] {standard_task_runner.py:91} INFO - Job 24: Subtask fetch_all_round_details
[2025-06-04T09:34:47.748+0000] {task_command.py:426} INFO - Running <TaskInstance: f1_data_extraction_pipeline.fetch_all_round_details manual__2025-06-04T09:34:41+00:00 [running]> on host bbce21915965
[2025-06-04T09:34:47.882+0000] {taskinstance.py:2648} INFO - Exporting env vars: AIRFLOW_CTX_DAG_OWNER='***' AIRFLOW_CTX_DAG_ID='f1_data_extraction_pipeline' AIRFLOW_CTX_TASK_ID='fetch_all_round_details' AIRFLOW_CTX_EXECUTION_DATE='2025-06-04T09:34:41+00:00' AIRFLOW_CTX_TRY_NUMBER='1' AIRFLOW_CTX_DAG_RUN_ID='manual__2025-06-04T09:34:41+00:00'
[2025-06-04T09:34:47.882+0000] {taskinstance.py:430} INFO - ::endgroup::
[2025-06-04T09:34:47.887+0000] {logging_mixin.py:188} INFO - Chaîne XCom brute pour rounds_list: '[1, 2, 3, 4, 5, 6, 7, 8, 9, 10, 11, 12, 13, 14, 15, 16, 17, 18, 19, 20, 21, 22]'
[2025-06-04T09:34:47.887+0000] {logging_mixin.py:188} INFO - Extraction des résultats pour l'année 2022, rounds (liste parsée): [1, 2, 3, 4, 5, 6, 7, 8, 9, 10, 11, 12, 13, 14, 15, 16, 17, 18, 19, 20, 21, 22]
[2025-06-04T09:34:47.888+0000] {logging_mixin.py:188} INFO - Fetching F1 race results for 2022 round 1 from https://ergast.com/api/f1/2022/1/results.json...
[2025-06-04T09:34:47.888+0000] {logging_mixin.py:188} INFO - Data will be saved relative to: /opt/***/data/raw
[2025-06-04T09:34:49.254+0000] {logging_mixin.py:188} INFO - Results for round 1 of season 2022 saved to /opt/***/data/raw/2022/round_1_results.json
[2025-06-04T09:34:49.255+0000] {logging_mixin.py:188} INFO - Fetching F1 race results for 2022 round 2 from https://ergast.com/api/f1/2022/2/results.json...
[2025-06-04T09:34:49.255+0000] {logging_mixin.py:188} INFO - Data will be saved relative to: /opt/***/data/raw
[2025-06-04T09:34:50.447+0000] {logging_mixin.py:188} INFO - Results for round 2 of season 2022 saved to /opt/***/data/raw/2022/round_2_results.json
[2025-06-04T09:34:50.449+0000] {logging_mixin.py:188} INFO - Fetching F1 race results for 2022 round 3 from https://ergast.com/api/f1/2022/3/results.json...
[2025-06-04T09:34:50.450+0000] {logging_mixin.py:188} INFO - Data will be saved relative to: /opt/***/data/raw
[2025-06-04T09:34:51.636+0000] {logging_mixin.py:188} INFO - Results for round 3 of season 2022 saved to /opt/***/data/raw/2022/round_3_results.json
[2025-06-04T09:34:51.638+0000] {logging_mixin.py:188} INFO - Fetching F1 race results for 2022 round 4 from https://ergast.com/api/f1/2022/4/results.json...
[2025-06-04T09:34:51.639+0000] {logging_mixin.py:188} INFO - Data will be saved relative to: /opt/***/data/raw
[2025-06-04T09:34:53.677+0000] {logging_mixin.py:188} INFO - Results for round 4 of season 2022 saved to /opt/***/data/raw/2022/round_4_results.json
[2025-06-04T09:34:53.681+0000] {logging_mixin.py:188} INFO - Fetching F1 race results for 2022 round 5 from https://ergast.com/api/f1/2022/5/results.json...
[2025-06-04T09:34:53.682+0000] {logging_mixin.py:188} INFO - Data will be saved relative to: /opt/***/data/raw
[2025-06-04T09:34:54.881+0000] {logging_mixin.py:188} INFO - Results for round 5 of season 2022 saved to /opt/***/data/raw/2022/round_5_results.json
[2025-06-04T09:34:54.889+0000] {logging_mixin.py:188} INFO - Fetching F1 race results for 2022 round 6 from https://ergast.com/api/f1/2022/6/results.json...
[2025-06-04T09:34:54.890+0000] {logging_mixin.py:188} INFO - Data will be saved relative to: /opt/***/data/raw
[2025-06-04T09:34:56.668+0000] {logging_mixin.py:188} INFO - Results for round 6 of season 2022 saved to /opt/***/data/raw/2022/round_6_results.json
[2025-06-04T09:34:56.675+0000] {logging_mixin.py:188} INFO - Fetching F1 race results for 2022 round 7 from https://ergast.com/api/f1/2022/7/results.json...
[2025-06-04T09:34:56.675+0000] {logging_mixin.py:188} INFO - Data will be saved relative to: /opt/***/data/raw
[2025-06-04T09:34:57.976+0000] {logging_mixin.py:188} INFO - Results for round 7 of season 2022 saved to /opt/***/data/raw/2022/round_7_results.json
[2025-06-04T09:34:57.977+0000] {logging_mixin.py:188} INFO - Fetching F1 race results for 2022 round 8 from https://ergast.com/api/f1/2022/8/results.json...
[2025-06-04T09:34:57.977+0000] {logging_mixin.py:188} INFO - Data will be saved relative to: /opt/***/data/raw
[2025-06-04T09:34:58.874+0000] {logging_mixin.py:188} INFO - Results for round 8 of season 2022 saved to /opt/***/data/raw/2022/round_8_results.json
[2025-06-04T09:34:58.878+0000] {logging_mixin.py:188} INFO - Fetching F1 race results for 2022 round 9 from https://ergast.com/api/f1/2022/9/results.json...
[2025-06-04T09:34:58.880+0000] {logging_mixin.py:188} INFO - Data will be saved relative to: /opt/***/data/raw
[2025-06-04T09:34:59.801+0000] {logging_mixin.py:188} INFO - Results for round 9 of season 2022 saved to /opt/***/data/raw/2022/round_9_results.json
[2025-06-04T09:34:59.804+0000] {logging_mixin.py:188} INFO - Fetching F1 race results for 2022 round 10 from https://ergast.com/api/f1/2022/10/results.json...
[2025-06-04T09:34:59.804+0000] {logging_mixin.py:188} INFO - Data will be saved relative to: /opt/***/data/raw
[2025-06-04T09:35:00.657+0000] {logging_mixin.py:188} INFO - Results for round 10 of season 2022 saved to /opt/***/data/raw/2022/round_10_results.json
[2025-06-04T09:35:00.659+0000] {logging_mixin.py:188} INFO - Fetching F1 race results for 2022 round 11 from https://ergast.com/api/f1/2022/11/results.json...
[2025-06-04T09:35:00.659+0000] {logging_mixin.py:188} INFO - Data will be saved relative to: /opt/***/data/raw
[2025-06-04T09:35:03.197+0000] {logging_mixin.py:188} INFO - Results for round 11 of season 2022 saved to /opt/***/data/raw/2022/round_11_results.json
[2025-06-04T09:35:03.199+0000] {logging_mixin.py:188} INFO - Fetching F1 race results for 2022 round 12 from https://ergast.com/api/f1/2022/12/results.json...
[2025-06-04T09:35:03.200+0000] {logging_mixin.py:188} INFO - Data will be saved relative to: /opt/***/data/raw
[2025-06-04T09:35:05.679+0000] {logging_mixin.py:188} INFO - Results for round 12 of season 2022 saved to /opt/***/data/raw/2022/round_12_results.json
[2025-06-04T09:35:05.692+0000] {logging_mixin.py:188} INFO - Fetching F1 race results for 2022 round 13 from https://ergast.com/api/f1/2022/13/results.json...
[2025-06-04T09:35:05.694+0000] {logging_mixin.py:188} INFO - Data will be saved relative to: /opt/***/data/raw
[2025-06-04T09:35:06.587+0000] {logging_mixin.py:188} INFO - Results for round 13 of season 2022 saved to /opt/***/data/raw/2022/round_13_results.json
[2025-06-04T09:35:06.590+0000] {logging_mixin.py:188} INFO - Fetching F1 race results for 2022 round 14 from https://ergast.com/api/f1/2022/14/results.json...
[2025-06-04T09:35:06.591+0000] {logging_mixin.py:188} INFO - Data will be saved relative to: /opt/***/data/raw
[2025-06-04T09:35:07.937+0000] {logging_mixin.py:188} INFO - Results for round 14 of season 2022 saved to /opt/***/data/raw/2022/round_14_results.json
[2025-06-04T09:35:07.939+0000] {logging_mixin.py:188} INFO - Fetching F1 race results for 2022 round 15 from https://ergast.com/api/f1/2022/15/results.json...
[2025-06-04T09:35:07.940+0000] {logging_mixin.py:188} INFO - Data will be saved relative to: /opt/***/data/raw
[2025-06-04T09:35:09.049+0000] {logging_mixin.py:188} INFO - Results for round 15 of season 2022 saved to /opt/***/data/raw/2022/round_15_results.json
[2025-06-04T09:35:09.060+0000] {logging_mixin.py:188} INFO - Fetching F1 race results for 2022 round 16 from https://ergast.com/api/f1/2022/16/results.json...
[2025-06-04T09:35:09.062+0000] {logging_mixin.py:188} INFO - Data will be saved relative to: /opt/***/data/raw
[2025-06-04T09:35:10.605+0000] {logging_mixin.py:188} INFO - Results for round 16 of season 2022 saved to /opt/***/data/raw/2022/round_16_results.json
[2025-06-04T09:35:10.623+0000] {logging_mixin.py:188} INFO - Fetching F1 race results for 2022 round 17 from https://ergast.com/api/f1/2022/17/results.json...
[2025-06-04T09:35:10.625+0000] {logging_mixin.py:188} INFO - Data will be saved relative to: /opt/***/data/raw
[2025-06-04T09:35:11.632+0000] {logging_mixin.py:188} INFO - Results for round 17 of season 2022 saved to /opt/***/data/raw/2022/round_17_results.json
[2025-06-04T09:35:11.665+0000] {logging_mixin.py:188} INFO - Fetching F1 race results for 2022 round 18 from https://ergast.com/api/f1/2022/18/results.json...
[2025-06-04T09:35:11.673+0000] {logging_mixin.py:188} INFO - Data will be saved relative to: /opt/***/data/raw
[2025-06-04T09:35:13.551+0000] {logging_mixin.py:188} INFO - Results for round 18 of season 2022 saved to /opt/***/data/raw/2022/round_18_results.json
[2025-06-04T09:35:13.570+0000] {logging_mixin.py:188} INFO - Fetching F1 race results for 2022 round 19 from https://ergast.com/api/f1/2022/19/results.json...
[2025-06-04T09:35:13.572+0000] {logging_mixin.py:188} INFO - Data will be saved relative to: /opt/***/data/raw
[2025-06-04T09:35:14.422+0000] {logging_mixin.py:188} INFO - Results for round 19 of season 2022 saved to /opt/***/data/raw/2022/round_19_results.json
[2025-06-04T09:35:14.424+0000] {logging_mixin.py:188} INFO - Fetching F1 race results for 2022 round 20 from https://ergast.com/api/f1/2022/20/results.json...
[2025-06-04T09:35:14.426+0000] {logging_mixin.py:188} INFO - Data will be saved relative to: /opt/***/data/raw
[2025-06-04T09:35:16.216+0000] {logging_mixin.py:188} INFO - Results for round 20 of season 2022 saved to /opt/***/data/raw/2022/round_20_results.json
[2025-06-04T09:35:16.219+0000] {logging_mixin.py:188} INFO - Fetching F1 race results for 2022 round 21 from https://ergast.com/api/f1/2022/21/results.json...
[2025-06-04T09:35:16.220+0000] {logging_mixin.py:188} INFO - Data will be saved relative to: /opt/***/data/raw
[2025-06-04T09:35:17.644+0000] {logging_mixin.py:188} INFO - Results for round 21 of season 2022 saved to /opt/***/data/raw/2022/round_21_results.json
[2025-06-04T09:35:17.646+0000] {logging_mixin.py:188} INFO - Fetching F1 race results for 2022 round 22 from https://ergast.com/api/f1/2022/22/results.json...
[2025-06-04T09:35:17.647+0000] {logging_mixin.py:188} INFO - Data will be saved relative to: /opt/***/data/raw
[2025-06-04T09:35:18.791+0000] {logging_mixin.py:188} INFO - Results for round 22 of season 2022 saved to /opt/***/data/raw/2022/round_22_results.json
[2025-06-04T09:35:18.793+0000] {logging_mixin.py:188} INFO - Extraction des résultats de tous les rounds terminée pour l'année 2022.
[2025-06-04T09:35:18.795+0000] {python.py:237} INFO - Done. Returned value was: None
[2025-06-04T09:35:18.797+0000] {taskinstance.py:441} INFO - ::group::Post task execution logs
[2025-06-04T09:35:18.842+0000] {taskinstance.py:1206} INFO - Marking task as SUCCESS. dag_id=f1_data_extraction_pipeline, task_id=fetch_all_round_details, run_id=manual__2025-06-04T09:34:41+00:00, execution_date=20250604T093441, start_date=20250604T093447, end_date=20250604T093518
[2025-06-04T09:35:18.920+0000] {local_task_job_runner.py:240} INFO - Task exited with return code 0
[2025-06-04T09:35:19.189+0000] {taskinstance.py:3503} INFO - 1 downstream tasks scheduled from follow-on schedule check
[2025-06-04T09:35:19.190+0000] {local_task_job_runner.py:222} INFO - ::endgroup::
