[2025-06-03T19:03:39.070+0000] {local_task_job_runner.py:120} INFO - ::group::Pre task execution logs
[2025-06-03T19:03:39.084+0000] {taskinstance.py:2076} INFO - Dependencies all met for dep_context=non-requeueable deps ti=<TaskInstance: f1_data_extraction_pipeline.fetch_all_round_details manual__2025-06-03T19:03:35+00:00 [queued]>
[2025-06-03T19:03:39.088+0000] {taskinstance.py:2076} INFO - Dependencies all met for dep_context=requeueable deps ti=<TaskInstance: f1_data_extraction_pipeline.fetch_all_round_details manual__2025-06-03T19:03:35+00:00 [queued]>
[2025-06-03T19:03:39.088+0000] {taskinstance.py:2306} INFO - Starting attempt 1 of 1
[2025-06-03T19:03:39.094+0000] {taskinstance.py:2330} INFO - Executing <Task(PythonOperator): fetch_all_round_details> on 2025-06-03 19:03:35+00:00
[2025-06-03T19:03:39.099+0000] {standard_task_runner.py:90} INFO - Running: ['***', 'tasks', 'run', 'f1_data_extraction_pipeline', 'fetch_all_round_details', 'manual__2025-06-03T19:03:35+00:00', '--job-id', '9', '--raw', '--subdir', 'DAGS_FOLDER/f1_pipeline.py', '--cfg-path', '/tmp/tmpfbfwkg8y']
[2025-06-03T19:03:39.100+0000] {standard_task_runner.py:91} INFO - Job 9: Subtask fetch_all_round_details
[2025-06-03T19:03:39.194+0000] {logging_mixin.py:188} WARNING - /home/***/.local/lib/python3.12/site-packages/***/task/task_runner/standard_task_runner.py:61 DeprecationWarning: This process (pid=253) is multi-threaded, use of fork() may lead to deadlocks in the child.
[2025-06-03T19:03:39.199+0000] {standard_task_runner.py:63} INFO - Started process 254 to run task
[2025-06-03T19:03:39.211+0000] {task_command.py:426} INFO - Running <TaskInstance: f1_data_extraction_pipeline.fetch_all_round_details manual__2025-06-03T19:03:35+00:00 [running]> on host 8ce6f59a219c
[2025-06-03T19:03:39.247+0000] {taskinstance.py:2648} INFO - Exporting env vars: AIRFLOW_CTX_DAG_OWNER='***' AIRFLOW_CTX_DAG_ID='f1_data_extraction_pipeline' AIRFLOW_CTX_TASK_ID='fetch_all_round_details' AIRFLOW_CTX_EXECUTION_DATE='2025-06-03T19:03:35+00:00' AIRFLOW_CTX_TRY_NUMBER='1' AIRFLOW_CTX_DAG_RUN_ID='manual__2025-06-03T19:03:35+00:00'
[2025-06-03T19:03:39.248+0000] {taskinstance.py:430} INFO - ::endgroup::
[2025-06-03T19:03:39.252+0000] {logging_mixin.py:188} INFO - Chaîne XCom brute pour rounds_list: '[1, 2, 3, 4, 5, 6, 7, 8, 9, 10, 11, 12, 13, 14, 15, 16, 17, 18, 19, 20, 21, 22, 23, 24]'
[2025-06-03T19:03:39.252+0000] {logging_mixin.py:188} INFO - Extraction des résultats pour l'année 2024, rounds (liste parsée): [1, 2, 3, 4, 5, 6, 7, 8, 9, 10, 11, 12, 13, 14, 15, 16, 17, 18, 19, 20, 21, 22, 23, 24]
[2025-06-03T19:03:39.253+0000] {logging_mixin.py:188} INFO - Fetching F1 race results for 2024 round 1 from https://ergast.com/api/f1/2024/1/results.json...
[2025-06-03T19:03:39.253+0000] {logging_mixin.py:188} INFO - Data will be saved relative to: /opt/***/data/raw
[2025-06-03T19:03:39.364+0000] {logging_mixin.py:188} INFO - Results for round 1 of season 2024 saved to /opt/***/data/raw/2024/round_1_results.json
[2025-06-03T19:03:39.364+0000] {logging_mixin.py:188} INFO - Fetching F1 race results for 2024 round 2 from https://ergast.com/api/f1/2024/2/results.json...
[2025-06-03T19:03:39.365+0000] {logging_mixin.py:188} INFO - Data will be saved relative to: /opt/***/data/raw
[2025-06-03T19:03:39.476+0000] {logging_mixin.py:188} INFO - Results for round 2 of season 2024 saved to /opt/***/data/raw/2024/round_2_results.json
[2025-06-03T19:03:39.476+0000] {logging_mixin.py:188} INFO - Fetching F1 race results for 2024 round 3 from https://ergast.com/api/f1/2024/3/results.json...
[2025-06-03T19:03:39.477+0000] {logging_mixin.py:188} INFO - Data will be saved relative to: /opt/***/data/raw
[2025-06-03T19:03:39.589+0000] {logging_mixin.py:188} INFO - Results for round 3 of season 2024 saved to /opt/***/data/raw/2024/round_3_results.json
[2025-06-03T19:03:39.589+0000] {logging_mixin.py:188} INFO - Fetching F1 race results for 2024 round 4 from https://ergast.com/api/f1/2024/4/results.json...
[2025-06-03T19:03:39.590+0000] {logging_mixin.py:188} INFO - Data will be saved relative to: /opt/***/data/raw
[2025-06-03T19:03:39.699+0000] {logging_mixin.py:188} INFO - Results for round 4 of season 2024 saved to /opt/***/data/raw/2024/round_4_results.json
[2025-06-03T19:03:39.700+0000] {logging_mixin.py:188} INFO - Fetching F1 race results for 2024 round 5 from https://ergast.com/api/f1/2024/5/results.json...
[2025-06-03T19:03:39.701+0000] {logging_mixin.py:188} INFO - Data will be saved relative to: /opt/***/data/raw
[2025-06-03T19:03:39.821+0000] {logging_mixin.py:188} INFO - Results for round 5 of season 2024 saved to /opt/***/data/raw/2024/round_5_results.json
[2025-06-03T19:03:39.822+0000] {logging_mixin.py:188} INFO - Fetching F1 race results for 2024 round 6 from https://ergast.com/api/f1/2024/6/results.json...
[2025-06-03T19:03:39.823+0000] {logging_mixin.py:188} INFO - Data will be saved relative to: /opt/***/data/raw
[2025-06-03T19:03:39.938+0000] {logging_mixin.py:188} INFO - Results for round 6 of season 2024 saved to /opt/***/data/raw/2024/round_6_results.json
[2025-06-03T19:03:39.939+0000] {logging_mixin.py:188} INFO - Fetching F1 race results for 2024 round 7 from https://ergast.com/api/f1/2024/7/results.json...
[2025-06-03T19:03:39.940+0000] {logging_mixin.py:188} INFO - Data will be saved relative to: /opt/***/data/raw
[2025-06-03T19:03:40.061+0000] {logging_mixin.py:188} INFO - Results for round 7 of season 2024 saved to /opt/***/data/raw/2024/round_7_results.json
[2025-06-03T19:03:40.062+0000] {logging_mixin.py:188} INFO - Fetching F1 race results for 2024 round 8 from https://ergast.com/api/f1/2024/8/results.json...
[2025-06-03T19:03:40.063+0000] {logging_mixin.py:188} INFO - Data will be saved relative to: /opt/***/data/raw
[2025-06-03T19:03:40.170+0000] {logging_mixin.py:188} INFO - Results for round 8 of season 2024 saved to /opt/***/data/raw/2024/round_8_results.json
[2025-06-03T19:03:40.171+0000] {logging_mixin.py:188} INFO - Fetching F1 race results for 2024 round 9 from https://ergast.com/api/f1/2024/9/results.json...
[2025-06-03T19:03:40.171+0000] {logging_mixin.py:188} INFO - Data will be saved relative to: /opt/***/data/raw
[2025-06-03T19:03:40.276+0000] {logging_mixin.py:188} INFO - Results for round 9 of season 2024 saved to /opt/***/data/raw/2024/round_9_results.json
[2025-06-03T19:03:40.277+0000] {logging_mixin.py:188} INFO - Fetching F1 race results for 2024 round 10 from https://ergast.com/api/f1/2024/10/results.json...
[2025-06-03T19:03:40.278+0000] {logging_mixin.py:188} INFO - Data will be saved relative to: /opt/***/data/raw
[2025-06-03T19:03:40.393+0000] {logging_mixin.py:188} INFO - Results for round 10 of season 2024 saved to /opt/***/data/raw/2024/round_10_results.json
[2025-06-03T19:03:40.394+0000] {logging_mixin.py:188} INFO - Fetching F1 race results for 2024 round 11 from https://ergast.com/api/f1/2024/11/results.json...
[2025-06-03T19:03:40.395+0000] {logging_mixin.py:188} INFO - Data will be saved relative to: /opt/***/data/raw
[2025-06-03T19:03:40.510+0000] {logging_mixin.py:188} INFO - Results for round 11 of season 2024 saved to /opt/***/data/raw/2024/round_11_results.json
[2025-06-03T19:03:40.513+0000] {logging_mixin.py:188} INFO - Fetching F1 race results for 2024 round 12 from https://ergast.com/api/f1/2024/12/results.json...
[2025-06-03T19:03:40.513+0000] {logging_mixin.py:188} INFO - Data will be saved relative to: /opt/***/data/raw
[2025-06-03T19:03:40.635+0000] {logging_mixin.py:188} INFO - Results for round 12 of season 2024 saved to /opt/***/data/raw/2024/round_12_results.json
[2025-06-03T19:03:40.637+0000] {logging_mixin.py:188} INFO - Fetching F1 race results for 2024 round 13 from https://ergast.com/api/f1/2024/13/results.json...
[2025-06-03T19:03:40.638+0000] {logging_mixin.py:188} INFO - Data will be saved relative to: /opt/***/data/raw
[2025-06-03T19:03:40.763+0000] {logging_mixin.py:188} INFO - Results for round 13 of season 2024 saved to /opt/***/data/raw/2024/round_13_results.json
[2025-06-03T19:03:40.764+0000] {logging_mixin.py:188} INFO - Fetching F1 race results for 2024 round 14 from https://ergast.com/api/f1/2024/14/results.json...
[2025-06-03T19:03:40.765+0000] {logging_mixin.py:188} INFO - Data will be saved relative to: /opt/***/data/raw
[2025-06-03T19:03:40.877+0000] {logging_mixin.py:188} INFO - Results for round 14 of season 2024 saved to /opt/***/data/raw/2024/round_14_results.json
[2025-06-03T19:03:40.878+0000] {logging_mixin.py:188} INFO - Fetching F1 race results for 2024 round 15 from https://ergast.com/api/f1/2024/15/results.json...
[2025-06-03T19:03:40.880+0000] {logging_mixin.py:188} INFO - Data will be saved relative to: /opt/***/data/raw
[2025-06-03T19:03:40.997+0000] {logging_mixin.py:188} INFO - Results for round 15 of season 2024 saved to /opt/***/data/raw/2024/round_15_results.json
[2025-06-03T19:03:40.999+0000] {logging_mixin.py:188} INFO - Fetching F1 race results for 2024 round 16 from https://ergast.com/api/f1/2024/16/results.json...
[2025-06-03T19:03:40.999+0000] {logging_mixin.py:188} INFO - Data will be saved relative to: /opt/***/data/raw
[2025-06-03T19:03:41.115+0000] {logging_mixin.py:188} INFO - Results for round 16 of season 2024 saved to /opt/***/data/raw/2024/round_16_results.json
[2025-06-03T19:03:41.117+0000] {logging_mixin.py:188} INFO - Fetching F1 race results for 2024 round 17 from https://ergast.com/api/f1/2024/17/results.json...
[2025-06-03T19:03:41.117+0000] {logging_mixin.py:188} INFO - Data will be saved relative to: /opt/***/data/raw
[2025-06-03T19:03:41.228+0000] {logging_mixin.py:188} INFO - Results for round 17 of season 2024 saved to /opt/***/data/raw/2024/round_17_results.json
[2025-06-03T19:03:41.229+0000] {logging_mixin.py:188} INFO - Fetching F1 race results for 2024 round 18 from https://ergast.com/api/f1/2024/18/results.json...
[2025-06-03T19:03:41.230+0000] {logging_mixin.py:188} INFO - Data will be saved relative to: /opt/***/data/raw
[2025-06-03T19:03:41.342+0000] {logging_mixin.py:188} INFO - Results for round 18 of season 2024 saved to /opt/***/data/raw/2024/round_18_results.json
[2025-06-03T19:03:41.344+0000] {logging_mixin.py:188} INFO - Fetching F1 race results for 2024 round 19 from https://ergast.com/api/f1/2024/19/results.json...
[2025-06-03T19:03:41.344+0000] {logging_mixin.py:188} INFO - Data will be saved relative to: /opt/***/data/raw
[2025-06-03T19:03:41.458+0000] {logging_mixin.py:188} INFO - Results for round 19 of season 2024 saved to /opt/***/data/raw/2024/round_19_results.json
[2025-06-03T19:03:41.460+0000] {logging_mixin.py:188} INFO - Fetching F1 race results for 2024 round 20 from https://ergast.com/api/f1/2024/20/results.json...
[2025-06-03T19:03:41.460+0000] {logging_mixin.py:188} INFO - Data will be saved relative to: /opt/***/data/raw
[2025-06-03T19:03:41.576+0000] {logging_mixin.py:188} INFO - Results for round 20 of season 2024 saved to /opt/***/data/raw/2024/round_20_results.json
[2025-06-03T19:03:41.578+0000] {logging_mixin.py:188} INFO - Fetching F1 race results for 2024 round 21 from https://ergast.com/api/f1/2024/21/results.json...
[2025-06-03T19:03:41.579+0000] {logging_mixin.py:188} INFO - Data will be saved relative to: /opt/***/data/raw
[2025-06-03T19:03:41.695+0000] {logging_mixin.py:188} INFO - Results for round 21 of season 2024 saved to /opt/***/data/raw/2024/round_21_results.json
[2025-06-03T19:03:41.696+0000] {logging_mixin.py:188} INFO - Fetching F1 race results for 2024 round 22 from https://ergast.com/api/f1/2024/22/results.json...
[2025-06-03T19:03:41.697+0000] {logging_mixin.py:188} INFO - Data will be saved relative to: /opt/***/data/raw
[2025-06-03T19:03:41.828+0000] {logging_mixin.py:188} INFO - Results for round 22 of season 2024 saved to /opt/***/data/raw/2024/round_22_results.json
[2025-06-03T19:03:41.829+0000] {logging_mixin.py:188} INFO - Fetching F1 race results for 2024 round 23 from https://ergast.com/api/f1/2024/23/results.json...
[2025-06-03T19:03:41.829+0000] {logging_mixin.py:188} INFO - Data will be saved relative to: /opt/***/data/raw
[2025-06-03T19:03:41.941+0000] {logging_mixin.py:188} INFO - Results for round 23 of season 2024 saved to /opt/***/data/raw/2024/round_23_results.json
[2025-06-03T19:03:41.942+0000] {logging_mixin.py:188} INFO - Fetching F1 race results for 2024 round 24 from https://ergast.com/api/f1/2024/24/results.json...
[2025-06-03T19:03:41.943+0000] {logging_mixin.py:188} INFO - Data will be saved relative to: /opt/***/data/raw
[2025-06-03T19:03:42.064+0000] {logging_mixin.py:188} INFO - Results for round 24 of season 2024 saved to /opt/***/data/raw/2024/round_24_results.json
[2025-06-03T19:03:42.066+0000] {logging_mixin.py:188} INFO - Extraction des résultats de tous les rounds terminée pour l'année 2024.
[2025-06-03T19:03:42.067+0000] {python.py:237} INFO - Done. Returned value was: None
[2025-06-03T19:03:42.067+0000] {taskinstance.py:441} INFO - ::group::Post task execution logs
[2025-06-03T19:03:42.083+0000] {taskinstance.py:1206} INFO - Marking task as SUCCESS. dag_id=f1_data_extraction_pipeline, task_id=fetch_all_round_details, run_id=manual__2025-06-03T19:03:35+00:00, execution_date=20250603T190335, start_date=20250603T190339, end_date=20250603T190342
[2025-06-03T19:03:42.120+0000] {local_task_job_runner.py:240} INFO - Task exited with return code 0
[2025-06-03T19:03:42.141+0000] {taskinstance.py:3503} INFO - 0 downstream tasks scheduled from follow-on schedule check
[2025-06-03T19:03:42.142+0000] {local_task_job_runner.py:222} INFO - ::endgroup::
