[2025-06-04T08:42:06.303+0000] {local_task_job_runner.py:120} INFO - ::group::Pre task execution logs
[2025-06-04T08:42:06.319+0000] {taskinstance.py:2076} INFO - Dependencies all met for dep_context=non-requeueable deps ti=<TaskInstance: f1_data_extraction_pipeline.load_data_to_postgres manual__2025-06-04T08:41:57+00:00 [queued]>
[2025-06-04T08:42:06.322+0000] {taskinstance.py:2076} INFO - Dependencies all met for dep_context=requeueable deps ti=<TaskInstance: f1_data_extraction_pipeline.load_data_to_postgres manual__2025-06-04T08:41:57+00:00 [queued]>
[2025-06-04T08:42:06.322+0000] {taskinstance.py:2306} INFO - Starting attempt 1 of 1
[2025-06-04T08:42:06.327+0000] {taskinstance.py:2330} INFO - Executing <Task(PythonOperator): load_data_to_postgres> on 2025-06-04 08:41:57+00:00
[2025-06-04T08:42:06.331+0000] {standard_task_runner.py:90} INFO - Running: ['***', 'tasks', 'run', 'f1_data_extraction_pipeline', 'load_data_to_postgres', 'manual__2025-06-04T08:41:57+00:00', '--job-id', '11', '--raw', '--subdir', 'DAGS_FOLDER/f1_pipeline.py', '--cfg-path', '/tmp/tmpvio2m4ey']
[2025-06-04T08:42:06.334+0000] {standard_task_runner.py:91} INFO - Job 11: Subtask load_data_to_postgres
[2025-06-04T08:42:06.333+0000] {logging_mixin.py:188} WARNING - /home/***/.local/lib/python3.12/site-packages/***/task/task_runner/standard_task_runner.py:61 DeprecationWarning: This process (pid=230) is multi-threaded, use of fork() may lead to deadlocks in the child.
[2025-06-04T08:42:06.335+0000] {standard_task_runner.py:63} INFO - Started process 231 to run task
[2025-06-04T08:42:06.443+0000] {task_command.py:426} INFO - Running <TaskInstance: f1_data_extraction_pipeline.load_data_to_postgres manual__2025-06-04T08:41:57+00:00 [running]> on host 2d9db0dcbf62
[2025-06-04T08:42:06.474+0000] {taskinstance.py:2648} INFO - Exporting env vars: AIRFLOW_CTX_DAG_OWNER='***' AIRFLOW_CTX_DAG_ID='f1_data_extraction_pipeline' AIRFLOW_CTX_TASK_ID='load_data_to_postgres' AIRFLOW_CTX_EXECUTION_DATE='2025-06-04T08:41:57+00:00' AIRFLOW_CTX_TRY_NUMBER='1' AIRFLOW_CTX_DAG_RUN_ID='manual__2025-06-04T08:41:57+00:00'
[2025-06-04T08:42:06.474+0000] {taskinstance.py:430} INFO - ::endgroup::
[2025-06-04T08:42:06.479+0000] {logging_mixin.py:188} INFO - Début du chargement en base de données pour l'année 2024.
[2025-06-04T08:42:06.479+0000] {logging_mixin.py:188} INFO - Nettoyage préalable : DELETE FROM results WHERE race_id LIKE '2024_%';
[2025-06-04T08:42:06.487+0000] {base.py:84} INFO - Using connection ID 'f1_postgres_db' for task execution.
[2025-06-04T08:42:06.490+0000] {sql.py:487} INFO - Running statement: DELETE FROM results WHERE race_id LIKE '2024_%';, parameters: None
[2025-06-04T08:42:06.490+0000] {sql.py:496} INFO - Rows affected: 0
[2025-06-04T08:42:06.490+0000] {logging_mixin.py:188} INFO - Nettoyage préalable : DELETE FROM races WHERE year = 2024;
[2025-06-04T08:42:06.494+0000] {base.py:84} INFO - Using connection ID 'f1_postgres_db' for task execution.
[2025-06-04T08:42:06.497+0000] {sql.py:487} INFO - Running statement: DELETE FROM races WHERE year = 2024;, parameters: None
[2025-06-04T08:42:06.498+0000] {sql.py:496} INFO - Rows affected: 0
[2025-06-04T08:42:06.498+0000] {logging_mixin.py:188} INFO - 
--- Début du traitement pour circuits_info.csv vers table circuits ---
[2025-06-04T08:42:06.505+0000] {base.py:84} INFO - Using connection ID 'f1_postgres_db' for task execution.
[2025-06-04T08:42:06.515+0000] {logging_mixin.py:188} INFO - Données de /opt/***/data/processed/2024/circuits_info.csv chargées avec succès dans la table circuits.
[2025-06-04T08:42:06.516+0000] {logging_mixin.py:188} INFO - --- Résultat pour circuits_info.csv: Succès ---
[2025-06-04T08:42:06.516+0000] {logging_mixin.py:188} INFO - 
--- Début du traitement pour drivers.csv vers table drivers ---
[2025-06-04T08:42:06.520+0000] {base.py:84} INFO - Using connection ID 'f1_postgres_db' for task execution.
[2025-06-04T08:42:06.526+0000] {logging_mixin.py:188} INFO - Données de /opt/***/data/processed/2024/drivers.csv chargées avec succès dans la table drivers.
[2025-06-04T08:42:06.526+0000] {logging_mixin.py:188} INFO - --- Résultat pour drivers.csv: Succès ---
[2025-06-04T08:42:06.526+0000] {logging_mixin.py:188} INFO - 
--- Début du traitement pour constructors.csv vers table constructors ---
[2025-06-04T08:42:06.531+0000] {base.py:84} INFO - Using connection ID 'f1_postgres_db' for task execution.
[2025-06-04T08:42:06.536+0000] {logging_mixin.py:188} INFO - Données de /opt/***/data/processed/2024/constructors.csv chargées avec succès dans la table constructors.
[2025-06-04T08:42:06.536+0000] {logging_mixin.py:188} INFO - --- Résultat pour constructors.csv: Succès ---
[2025-06-04T08:42:06.536+0000] {logging_mixin.py:188} INFO - 
--- Début du traitement pour races_schedule.csv vers table races ---
[2025-06-04T08:42:06.540+0000] {base.py:84} INFO - Using connection ID 'f1_postgres_db' for task execution.
[2025-06-04T08:42:06.546+0000] {logging_mixin.py:188} INFO - Données de /opt/***/data/processed/2024/races_schedule.csv chargées avec succès dans la table races.
[2025-06-04T08:42:06.546+0000] {logging_mixin.py:188} INFO - --- Résultat pour races_schedule.csv: Succès ---
[2025-06-04T08:42:06.547+0000] {logging_mixin.py:188} INFO - 
--- Début du traitement pour detailed_results.csv vers table results ---
[2025-06-04T08:42:06.551+0000] {base.py:84} INFO - Using connection ID 'f1_postgres_db' for task execution.
[2025-06-04T08:42:06.563+0000] {logging_mixin.py:188} INFO - Données de /opt/***/data/processed/2024/detailed_results.csv chargées avec succès dans la table results.
[2025-06-04T08:42:06.564+0000] {logging_mixin.py:188} INFO - --- Résultat pour detailed_results.csv: Succès ---
[2025-06-04T08:42:06.564+0000] {logging_mixin.py:188} INFO - 
Valeur finale de overall_success avant le check: True
[2025-06-04T08:42:06.564+0000] {logging_mixin.py:188} INFO - Chargement en base de données pour l'année 2024 terminé SANS ERREUR FINALE.
[2025-06-04T08:42:06.564+0000] {python.py:237} INFO - Done. Returned value was: None
[2025-06-04T08:42:06.564+0000] {taskinstance.py:441} INFO - ::group::Post task execution logs
[2025-06-04T08:42:06.569+0000] {taskinstance.py:1206} INFO - Marking task as SUCCESS. dag_id=f1_data_extraction_pipeline, task_id=load_data_to_postgres, run_id=manual__2025-06-04T08:41:57+00:00, execution_date=20250604T084157, start_date=20250604T084206, end_date=20250604T084206
[2025-06-04T08:42:06.604+0000] {local_task_job_runner.py:240} INFO - Task exited with return code 0
[2025-06-04T08:42:06.692+0000] {taskinstance.py:3503} INFO - 0 downstream tasks scheduled from follow-on schedule check
[2025-06-04T08:42:06.693+0000] {local_task_job_runner.py:222} INFO - ::endgroup::
