[2025-06-04T12:12:08.619+0000] {local_task_job_runner.py:120} INFO - ::group::Pre task execution logs
[2025-06-04T12:12:08.633+0000] {taskinstance.py:2076} INFO - Dependencies all met for dep_context=non-requeueable deps ti=<TaskInstance: f1_data_extraction_pipeline.transform_all_detailed_results manual__2025-06-04T12:11:30+00:00 [queued]>
[2025-06-04T12:12:08.636+0000] {taskinstance.py:2076} INFO - Dependencies all met for dep_context=requeueable deps ti=<TaskInstance: f1_data_extraction_pipeline.transform_all_detailed_results manual__2025-06-04T12:11:30+00:00 [queued]>
[2025-06-04T12:12:08.636+0000] {taskinstance.py:2306} INFO - Starting attempt 1 of 1
[2025-06-04T12:12:08.641+0000] {taskinstance.py:2330} INFO - Executing <Task(PythonOperator): transform_all_detailed_results> on 2025-06-04 12:11:30+00:00
[2025-06-04T12:12:08.645+0000] {logging_mixin.py:188} WARNING - /home/***/.local/lib/python3.12/site-packages/***/task/task_runner/standard_task_runner.py:61 DeprecationWarning: This process (pid=360) is multi-threaded, use of fork() may lead to deadlocks in the child.
[2025-06-04T12:12:08.646+0000] {standard_task_runner.py:63} INFO - Started process 361 to run task
[2025-06-04T12:12:08.645+0000] {standard_task_runner.py:90} INFO - Running: ['***', 'tasks', 'run', 'f1_data_extraction_pipeline', 'transform_all_detailed_results', 'manual__2025-06-04T12:11:30+00:00', '--job-id', '13', '--raw', '--subdir', 'DAGS_FOLDER/f1_pipeline.py', '--cfg-path', '/tmp/tmp32w9dr3c']
[2025-06-04T12:12:08.646+0000] {standard_task_runner.py:91} INFO - Job 13: Subtask transform_all_detailed_results
[2025-06-04T12:12:08.669+0000] {task_command.py:426} INFO - Running <TaskInstance: f1_data_extraction_pipeline.transform_all_detailed_results manual__2025-06-04T12:11:30+00:00 [running]> on host e747f96e55ee
[2025-06-04T12:12:08.805+0000] {taskinstance.py:2648} INFO - Exporting env vars: AIRFLOW_CTX_DAG_OWNER='***' AIRFLOW_CTX_DAG_ID='f1_data_extraction_pipeline' AIRFLOW_CTX_TASK_ID='transform_all_detailed_results' AIRFLOW_CTX_EXECUTION_DATE='2025-06-04T12:11:30+00:00' AIRFLOW_CTX_TRY_NUMBER='1' AIRFLOW_CTX_DAG_RUN_ID='manual__2025-06-04T12:11:30+00:00'
[2025-06-04T12:12:08.805+0000] {taskinstance.py:430} INFO - ::endgroup::
[2025-06-04T12:12:08.810+0000] {logging_mixin.py:188} INFO - Error: Results file not found for year 2023, round [ at /opt/***/data/raw/2023/round_[_results.json
[2025-06-04T12:12:08.811+0000] {logging_mixin.py:188} INFO - → Adding constructor_id = 'red_bull' from round 1
[2025-06-04T12:12:08.811+0000] {logging_mixin.py:188} INFO - → Adding constructor_id = 'aston_martin' from round 1
[2025-06-04T12:12:08.811+0000] {logging_mixin.py:188} INFO - → Adding constructor_id = 'ferrari' from round 1
[2025-06-04T12:12:08.811+0000] {logging_mixin.py:188} INFO - → Adding constructor_id = 'mercedes' from round 1
[2025-06-04T12:12:08.811+0000] {logging_mixin.py:188} INFO - → Adding constructor_id = 'alfa' from round 1
[2025-06-04T12:12:08.811+0000] {logging_mixin.py:188} INFO - → Adding constructor_id = 'alpine' from round 1
[2025-06-04T12:12:08.812+0000] {logging_mixin.py:188} INFO - → Adding constructor_id = 'williams' from round 1
[2025-06-04T12:12:08.812+0000] {logging_mixin.py:188} INFO - → Adding constructor_id = 'alphatauri' from round 1
[2025-06-04T12:12:08.812+0000] {logging_mixin.py:188} INFO - → Adding constructor_id = 'haas' from round 1
[2025-06-04T12:12:08.812+0000] {logging_mixin.py:188} INFO - → Adding constructor_id = 'mclaren' from round 1
[2025-06-04T12:12:08.812+0000] {logging_mixin.py:188} INFO - Error: Results file not found for year 2023, round , at /opt/***/data/raw/2023/round_,_results.json
[2025-06-04T12:12:08.812+0000] {logging_mixin.py:188} INFO - Error: Results file not found for year 2023, round   at /opt/***/data/raw/2023/round_ _results.json
[2025-06-04T12:12:08.813+0000] {logging_mixin.py:188} INFO - Error: Results file not found for year 2023, round , at /opt/***/data/raw/2023/round_,_results.json
[2025-06-04T12:12:08.813+0000] {logging_mixin.py:188} INFO - Error: Results file not found for year 2023, round   at /opt/***/data/raw/2023/round_ _results.json
[2025-06-04T12:12:08.814+0000] {logging_mixin.py:188} INFO - Error: Results file not found for year 2023, round , at /opt/***/data/raw/2023/round_,_results.json
[2025-06-04T12:12:08.814+0000] {logging_mixin.py:188} INFO - Error: Results file not found for year 2023, round   at /opt/***/data/raw/2023/round_ _results.json
[2025-06-04T12:12:08.815+0000] {logging_mixin.py:188} INFO - Error: Results file not found for year 2023, round , at /opt/***/data/raw/2023/round_,_results.json
[2025-06-04T12:12:08.815+0000] {logging_mixin.py:188} INFO - Error: Results file not found for year 2023, round   at /opt/***/data/raw/2023/round_ _results.json
[2025-06-04T12:12:08.815+0000] {logging_mixin.py:188} INFO - Error: Results file not found for year 2023, round , at /opt/***/data/raw/2023/round_,_results.json
[2025-06-04T12:12:08.815+0000] {logging_mixin.py:188} INFO - Error: Results file not found for year 2023, round   at /opt/***/data/raw/2023/round_ _results.json
[2025-06-04T12:12:08.816+0000] {logging_mixin.py:188} INFO - Error: Results file not found for year 2023, round , at /opt/***/data/raw/2023/round_,_results.json
[2025-06-04T12:12:08.816+0000] {logging_mixin.py:188} INFO - Error: Results file not found for year 2023, round   at /opt/***/data/raw/2023/round_ _results.json
[2025-06-04T12:12:08.817+0000] {logging_mixin.py:188} INFO - Error: Results file not found for year 2023, round , at /opt/***/data/raw/2023/round_,_results.json
[2025-06-04T12:12:08.817+0000] {logging_mixin.py:188} INFO - Error: Results file not found for year 2023, round   at /opt/***/data/raw/2023/round_ _results.json
[2025-06-04T12:12:08.818+0000] {logging_mixin.py:188} INFO - Error: Results file not found for year 2023, round , at /opt/***/data/raw/2023/round_,_results.json
[2025-06-04T12:12:08.818+0000] {logging_mixin.py:188} INFO - Error: Results file not found for year 2023, round   at /opt/***/data/raw/2023/round_ _results.json
[2025-06-04T12:12:08.818+0000] {logging_mixin.py:188} INFO - Error: Results file not found for year 2023, round , at /opt/***/data/raw/2023/round_,_results.json
[2025-06-04T12:12:08.818+0000] {logging_mixin.py:188} INFO - Error: Results file not found for year 2023, round   at /opt/***/data/raw/2023/round_ _results.json
[2025-06-04T12:12:08.819+0000] {logging_mixin.py:188} INFO - Error: Results file not found for year 2023, round 0 at /opt/***/data/raw/2023/round_0_results.json
[2025-06-04T12:12:08.819+0000] {logging_mixin.py:188} INFO - Error: Results file not found for year 2023, round , at /opt/***/data/raw/2023/round_,_results.json
[2025-06-04T12:12:08.820+0000] {logging_mixin.py:188} INFO - Error: Results file not found for year 2023, round   at /opt/***/data/raw/2023/round_ _results.json
[2025-06-04T12:12:08.820+0000] {logging_mixin.py:188} INFO - Error: Results file not found for year 2023, round , at /opt/***/data/raw/2023/round_,_results.json
[2025-06-04T12:12:08.820+0000] {logging_mixin.py:188} INFO - Error: Results file not found for year 2023, round   at /opt/***/data/raw/2023/round_ _results.json
[2025-06-04T12:12:08.821+0000] {logging_mixin.py:188} INFO - Error: Results file not found for year 2023, round , at /opt/***/data/raw/2023/round_,_results.json
[2025-06-04T12:12:08.821+0000] {logging_mixin.py:188} INFO - Error: Results file not found for year 2023, round   at /opt/***/data/raw/2023/round_ _results.json
[2025-06-04T12:12:08.822+0000] {logging_mixin.py:188} INFO - Error: Results file not found for year 2023, round , at /opt/***/data/raw/2023/round_,_results.json
[2025-06-04T12:12:08.822+0000] {logging_mixin.py:188} INFO - Error: Results file not found for year 2023, round   at /opt/***/data/raw/2023/round_ _results.json
[2025-06-04T12:12:08.823+0000] {logging_mixin.py:188} INFO - Error: Results file not found for year 2023, round , at /opt/***/data/raw/2023/round_,_results.json
[2025-06-04T12:12:08.823+0000] {logging_mixin.py:188} INFO - Error: Results file not found for year 2023, round   at /opt/***/data/raw/2023/round_ _results.json
[2025-06-04T12:12:08.824+0000] {logging_mixin.py:188} INFO - Error: Results file not found for year 2023, round , at /opt/***/data/raw/2023/round_,_results.json
[2025-06-04T12:12:08.824+0000] {logging_mixin.py:188} INFO - Error: Results file not found for year 2023, round   at /opt/***/data/raw/2023/round_ _results.json
[2025-06-04T12:12:08.825+0000] {logging_mixin.py:188} INFO - Error: Results file not found for year 2023, round , at /opt/***/data/raw/2023/round_,_results.json
[2025-06-04T12:12:08.825+0000] {logging_mixin.py:188} INFO - Error: Results file not found for year 2023, round   at /opt/***/data/raw/2023/round_ _results.json
[2025-06-04T12:12:08.826+0000] {logging_mixin.py:188} INFO - Error: Results file not found for year 2023, round , at /opt/***/data/raw/2023/round_,_results.json
[2025-06-04T12:12:08.826+0000] {logging_mixin.py:188} INFO - Error: Results file not found for year 2023, round   at /opt/***/data/raw/2023/round_ _results.json
[2025-06-04T12:12:08.827+0000] {logging_mixin.py:188} INFO - Error: Results file not found for year 2023, round , at /opt/***/data/raw/2023/round_,_results.json
[2025-06-04T12:12:08.827+0000] {logging_mixin.py:188} INFO - Error: Results file not found for year 2023, round   at /opt/***/data/raw/2023/round_ _results.json
[2025-06-04T12:12:08.827+0000] {logging_mixin.py:188} INFO - Error: Results file not found for year 2023, round , at /opt/***/data/raw/2023/round_,_results.json
[2025-06-04T12:12:08.828+0000] {logging_mixin.py:188} INFO - Error: Results file not found for year 2023, round   at /opt/***/data/raw/2023/round_ _results.json
[2025-06-04T12:12:08.828+0000] {logging_mixin.py:188} INFO - Error: Results file not found for year 2023, round 0 at /opt/***/data/raw/2023/round_0_results.json
[2025-06-04T12:12:08.828+0000] {logging_mixin.py:188} INFO - Error: Results file not found for year 2023, round , at /opt/***/data/raw/2023/round_,_results.json
[2025-06-04T12:12:08.828+0000] {logging_mixin.py:188} INFO - Error: Results file not found for year 2023, round   at /opt/***/data/raw/2023/round_ _results.json
[2025-06-04T12:12:08.829+0000] {logging_mixin.py:188} INFO - Error: Results file not found for year 2023, round , at /opt/***/data/raw/2023/round_,_results.json
[2025-06-04T12:12:08.829+0000] {logging_mixin.py:188} INFO - Error: Results file not found for year 2023, round   at /opt/***/data/raw/2023/round_ _results.json
[2025-06-04T12:12:08.830+0000] {logging_mixin.py:188} INFO - Error: Results file not found for year 2023, round ] at /opt/***/data/raw/2023/round_]_results.json
[2025-06-04T12:12:08.836+0000] {logging_mixin.py:188} INFO - Detailed results for year 2023 saved to /opt/***/data/processed/2023/detailed_results.csv.
[2025-06-04T12:12:08.837+0000] {logging_mixin.py:188} INFO - Drivers data for year 2023 saved to /opt/***/data/processed/2023/drivers.csv.
[2025-06-04T12:12:08.838+0000] {logging_mixin.py:188} INFO - Constructors data for year 2023 saved to /opt/***/data/processed/2023/constructors.csv.
[2025-06-04T12:12:08.838+0000] {python.py:237} INFO - Done. Returned value was: True
[2025-06-04T12:12:08.838+0000] {taskinstance.py:441} INFO - ::group::Post task execution logs
[2025-06-04T12:12:08.848+0000] {taskinstance.py:1206} INFO - Marking task as SUCCESS. dag_id=f1_data_extraction_pipeline, task_id=transform_all_detailed_results, run_id=manual__2025-06-04T12:11:30+00:00, execution_date=20250604T121130, start_date=20250604T121208, end_date=20250604T121208
[2025-06-04T12:12:08.876+0000] {local_task_job_runner.py:240} INFO - Task exited with return code 0
[2025-06-04T12:12:08.887+0000] {taskinstance.py:3503} INFO - 1 downstream tasks scheduled from follow-on schedule check
[2025-06-04T12:12:08.888+0000] {local_task_job_runner.py:222} INFO - ::endgroup::
