[2025-06-04T09:34:05.761+0000] {local_task_job_runner.py:120} INFO - ::group::Pre task execution logs
[2025-06-04T09:34:05.776+0000] {taskinstance.py:2076} INFO - Dependencies all met for dep_context=non-requeueable deps ti=<TaskInstance: f1_data_extraction_pipeline.fetch_all_round_details manual__2025-06-04T09:33:59+00:00 [queued]>
[2025-06-04T09:34:05.779+0000] {taskinstance.py:2076} INFO - Dependencies all met for dep_context=requeueable deps ti=<TaskInstance: f1_data_extraction_pipeline.fetch_all_round_details manual__2025-06-04T09:33:59+00:00 [queued]>
[2025-06-04T09:34:05.779+0000] {taskinstance.py:2306} INFO - Starting attempt 1 of 1
[2025-06-04T09:34:05.783+0000] {taskinstance.py:2330} INFO - Executing <Task(PythonOperator): fetch_all_round_details> on 2025-06-04 09:33:59+00:00
[2025-06-04T09:34:05.788+0000] {standard_task_runner.py:90} INFO - Running: ['***', 'tasks', 'run', 'f1_data_extraction_pipeline', 'fetch_all_round_details', 'manual__2025-06-04T09:33:59+00:00', '--job-id', '19', '--raw', '--subdir', 'DAGS_FOLDER/f1_pipeline.py', '--cfg-path', '/tmp/tmpdui6cqjr']
[2025-06-04T09:34:05.789+0000] {standard_task_runner.py:91} INFO - Job 19: Subtask fetch_all_round_details
[2025-06-04T09:34:05.789+0000] {logging_mixin.py:188} WARNING - /home/***/.local/lib/python3.12/site-packages/***/task/task_runner/standard_task_runner.py:61 DeprecationWarning: This process (pid=689) is multi-threaded, use of fork() may lead to deadlocks in the child.
[2025-06-04T09:34:05.790+0000] {standard_task_runner.py:63} INFO - Started process 690 to run task
[2025-06-04T09:34:05.810+0000] {task_command.py:426} INFO - Running <TaskInstance: f1_data_extraction_pipeline.fetch_all_round_details manual__2025-06-04T09:33:59+00:00 [running]> on host bbce21915965
[2025-06-04T09:34:05.937+0000] {taskinstance.py:2648} INFO - Exporting env vars: AIRFLOW_CTX_DAG_OWNER='***' AIRFLOW_CTX_DAG_ID='f1_data_extraction_pipeline' AIRFLOW_CTX_TASK_ID='fetch_all_round_details' AIRFLOW_CTX_EXECUTION_DATE='2025-06-04T09:33:59+00:00' AIRFLOW_CTX_TRY_NUMBER='1' AIRFLOW_CTX_DAG_RUN_ID='manual__2025-06-04T09:33:59+00:00'
[2025-06-04T09:34:05.937+0000] {taskinstance.py:430} INFO - ::endgroup::
[2025-06-04T09:34:05.942+0000] {logging_mixin.py:188} INFO - Chaîne XCom brute pour rounds_list: '[1, 2, 3, 4, 5, 6, 7, 8, 9, 10, 11, 12, 13, 14, 15, 16, 17, 18, 19, 20, 21, 22]'
[2025-06-04T09:34:05.942+0000] {logging_mixin.py:188} INFO - Extraction des résultats pour l'année 2023, rounds (liste parsée): [1, 2, 3, 4, 5, 6, 7, 8, 9, 10, 11, 12, 13, 14, 15, 16, 17, 18, 19, 20, 21, 22]
[2025-06-04T09:34:05.942+0000] {logging_mixin.py:188} INFO - Fetching F1 race results for 2023 round 1 from https://ergast.com/api/f1/2023/1/results.json...
[2025-06-04T09:34:05.942+0000] {logging_mixin.py:188} INFO - Data will be saved relative to: /opt/***/data/raw
[2025-06-04T09:34:07.310+0000] {logging_mixin.py:188} INFO - Results for round 1 of season 2023 saved to /opt/***/data/raw/2023/round_1_results.json
[2025-06-04T09:34:07.312+0000] {logging_mixin.py:188} INFO - Fetching F1 race results for 2023 round 2 from https://ergast.com/api/f1/2023/2/results.json...
[2025-06-04T09:34:07.313+0000] {logging_mixin.py:188} INFO - Data will be saved relative to: /opt/***/data/raw
[2025-06-04T09:34:08.640+0000] {logging_mixin.py:188} INFO - Results for round 2 of season 2023 saved to /opt/***/data/raw/2023/round_2_results.json
[2025-06-04T09:34:08.643+0000] {logging_mixin.py:188} INFO - Fetching F1 race results for 2023 round 3 from https://ergast.com/api/f1/2023/3/results.json...
[2025-06-04T09:34:08.645+0000] {logging_mixin.py:188} INFO - Data will be saved relative to: /opt/***/data/raw
[2025-06-04T09:34:10.328+0000] {logging_mixin.py:188} INFO - Results for round 3 of season 2023 saved to /opt/***/data/raw/2023/round_3_results.json
[2025-06-04T09:34:10.341+0000] {logging_mixin.py:188} INFO - Fetching F1 race results for 2023 round 4 from https://ergast.com/api/f1/2023/4/results.json...
[2025-06-04T09:34:10.343+0000] {logging_mixin.py:188} INFO - Data will be saved relative to: /opt/***/data/raw
[2025-06-04T09:34:11.698+0000] {logging_mixin.py:188} INFO - Results for round 4 of season 2023 saved to /opt/***/data/raw/2023/round_4_results.json
[2025-06-04T09:34:11.701+0000] {logging_mixin.py:188} INFO - Fetching F1 race results for 2023 round 5 from https://ergast.com/api/f1/2023/5/results.json...
[2025-06-04T09:34:11.701+0000] {logging_mixin.py:188} INFO - Data will be saved relative to: /opt/***/data/raw
[2025-06-04T09:34:12.879+0000] {logging_mixin.py:188} INFO - Results for round 5 of season 2023 saved to /opt/***/data/raw/2023/round_5_results.json
[2025-06-04T09:34:12.880+0000] {logging_mixin.py:188} INFO - Fetching F1 race results for 2023 round 6 from https://ergast.com/api/f1/2023/6/results.json...
[2025-06-04T09:34:12.881+0000] {logging_mixin.py:188} INFO - Data will be saved relative to: /opt/***/data/raw
[2025-06-04T09:34:13.693+0000] {logging_mixin.py:188} INFO - Results for round 6 of season 2023 saved to /opt/***/data/raw/2023/round_6_results.json
[2025-06-04T09:34:13.696+0000] {logging_mixin.py:188} INFO - Fetching F1 race results for 2023 round 7 from https://ergast.com/api/f1/2023/7/results.json...
[2025-06-04T09:34:13.697+0000] {logging_mixin.py:188} INFO - Data will be saved relative to: /opt/***/data/raw
[2025-06-04T09:34:14.890+0000] {logging_mixin.py:188} INFO - Results for round 7 of season 2023 saved to /opt/***/data/raw/2023/round_7_results.json
[2025-06-04T09:34:14.895+0000] {logging_mixin.py:188} INFO - Fetching F1 race results for 2023 round 8 from https://ergast.com/api/f1/2023/8/results.json...
[2025-06-04T09:34:14.896+0000] {logging_mixin.py:188} INFO - Data will be saved relative to: /opt/***/data/raw
[2025-06-04T09:34:15.742+0000] {logging_mixin.py:188} INFO - Results for round 8 of season 2023 saved to /opt/***/data/raw/2023/round_8_results.json
[2025-06-04T09:34:15.745+0000] {logging_mixin.py:188} INFO - Fetching F1 race results for 2023 round 9 from https://ergast.com/api/f1/2023/9/results.json...
[2025-06-04T09:34:15.745+0000] {logging_mixin.py:188} INFO - Data will be saved relative to: /opt/***/data/raw
[2025-06-04T09:34:16.782+0000] {logging_mixin.py:188} INFO - Results for round 9 of season 2023 saved to /opt/***/data/raw/2023/round_9_results.json
[2025-06-04T09:34:16.785+0000] {logging_mixin.py:188} INFO - Fetching F1 race results for 2023 round 10 from https://ergast.com/api/f1/2023/10/results.json...
[2025-06-04T09:34:16.786+0000] {logging_mixin.py:188} INFO - Data will be saved relative to: /opt/***/data/raw
[2025-06-04T09:34:17.646+0000] {logging_mixin.py:188} INFO - Results for round 10 of season 2023 saved to /opt/***/data/raw/2023/round_10_results.json
[2025-06-04T09:34:17.647+0000] {logging_mixin.py:188} INFO - Fetching F1 race results for 2023 round 11 from https://ergast.com/api/f1/2023/11/results.json...
[2025-06-04T09:34:17.647+0000] {logging_mixin.py:188} INFO - Data will be saved relative to: /opt/***/data/raw
[2025-06-04T09:34:20.313+0000] {logging_mixin.py:188} INFO - Results for round 11 of season 2023 saved to /opt/***/data/raw/2023/round_11_results.json
[2025-06-04T09:34:20.316+0000] {logging_mixin.py:188} INFO - Fetching F1 race results for 2023 round 12 from https://ergast.com/api/f1/2023/12/results.json...
[2025-06-04T09:34:20.316+0000] {logging_mixin.py:188} INFO - Data will be saved relative to: /opt/***/data/raw
[2025-06-04T09:34:21.933+0000] {logging_mixin.py:188} INFO - Results for round 12 of season 2023 saved to /opt/***/data/raw/2023/round_12_results.json
[2025-06-04T09:34:21.935+0000] {logging_mixin.py:188} INFO - Fetching F1 race results for 2023 round 13 from https://ergast.com/api/f1/2023/13/results.json...
[2025-06-04T09:34:21.935+0000] {logging_mixin.py:188} INFO - Data will be saved relative to: /opt/***/data/raw
[2025-06-04T09:34:23.098+0000] {logging_mixin.py:188} INFO - Results for round 13 of season 2023 saved to /opt/***/data/raw/2023/round_13_results.json
[2025-06-04T09:34:23.101+0000] {logging_mixin.py:188} INFO - Fetching F1 race results for 2023 round 14 from https://ergast.com/api/f1/2023/14/results.json...
[2025-06-04T09:34:23.102+0000] {logging_mixin.py:188} INFO - Data will be saved relative to: /opt/***/data/raw
[2025-06-04T09:34:23.896+0000] {logging_mixin.py:188} INFO - Results for round 14 of season 2023 saved to /opt/***/data/raw/2023/round_14_results.json
[2025-06-04T09:34:23.902+0000] {logging_mixin.py:188} INFO - Fetching F1 race results for 2023 round 15 from https://ergast.com/api/f1/2023/15/results.json...
[2025-06-04T09:34:23.903+0000] {logging_mixin.py:188} INFO - Data will be saved relative to: /opt/***/data/raw
[2025-06-04T09:34:25.768+0000] {logging_mixin.py:188} INFO - Results for round 15 of season 2023 saved to /opt/***/data/raw/2023/round_15_results.json
[2025-06-04T09:34:25.774+0000] {logging_mixin.py:188} INFO - Fetching F1 race results for 2023 round 16 from https://ergast.com/api/f1/2023/16/results.json...
[2025-06-04T09:34:25.775+0000] {logging_mixin.py:188} INFO - Data will be saved relative to: /opt/***/data/raw
[2025-06-04T09:34:27.366+0000] {logging_mixin.py:188} INFO - Results for round 16 of season 2023 saved to /opt/***/data/raw/2023/round_16_results.json
[2025-06-04T09:34:27.376+0000] {logging_mixin.py:188} INFO - Fetching F1 race results for 2023 round 17 from https://ergast.com/api/f1/2023/17/results.json...
[2025-06-04T09:34:27.377+0000] {logging_mixin.py:188} INFO - Data will be saved relative to: /opt/***/data/raw
[2025-06-04T09:34:28.534+0000] {logging_mixin.py:188} INFO - Results for round 17 of season 2023 saved to /opt/***/data/raw/2023/round_17_results.json
[2025-06-04T09:34:28.536+0000] {logging_mixin.py:188} INFO - Fetching F1 race results for 2023 round 18 from https://ergast.com/api/f1/2023/18/results.json...
[2025-06-04T09:34:28.537+0000] {logging_mixin.py:188} INFO - Data will be saved relative to: /opt/***/data/raw
[2025-06-04T09:34:30.127+0000] {logging_mixin.py:188} INFO - Results for round 18 of season 2023 saved to /opt/***/data/raw/2023/round_18_results.json
[2025-06-04T09:34:30.129+0000] {logging_mixin.py:188} INFO - Fetching F1 race results for 2023 round 19 from https://ergast.com/api/f1/2023/19/results.json...
[2025-06-04T09:34:30.130+0000] {logging_mixin.py:188} INFO - Data will be saved relative to: /opt/***/data/raw
[2025-06-04T09:34:31.769+0000] {logging_mixin.py:188} INFO - Results for round 19 of season 2023 saved to /opt/***/data/raw/2023/round_19_results.json
[2025-06-04T09:34:31.772+0000] {logging_mixin.py:188} INFO - Fetching F1 race results for 2023 round 20 from https://ergast.com/api/f1/2023/20/results.json...
[2025-06-04T09:34:31.773+0000] {logging_mixin.py:188} INFO - Data will be saved relative to: /opt/***/data/raw
[2025-06-04T09:34:32.929+0000] {logging_mixin.py:188} INFO - Results for round 20 of season 2023 saved to /opt/***/data/raw/2023/round_20_results.json
[2025-06-04T09:34:32.932+0000] {logging_mixin.py:188} INFO - Fetching F1 race results for 2023 round 21 from https://ergast.com/api/f1/2023/21/results.json...
[2025-06-04T09:34:32.933+0000] {logging_mixin.py:188} INFO - Data will be saved relative to: /opt/***/data/raw
[2025-06-04T09:34:34.244+0000] {logging_mixin.py:188} INFO - Results for round 21 of season 2023 saved to /opt/***/data/raw/2023/round_21_results.json
[2025-06-04T09:34:34.246+0000] {logging_mixin.py:188} INFO - Fetching F1 race results for 2023 round 22 from https://ergast.com/api/f1/2023/22/results.json...
[2025-06-04T09:34:34.247+0000] {logging_mixin.py:188} INFO - Data will be saved relative to: /opt/***/data/raw
[2025-06-04T09:34:35.069+0000] {logging_mixin.py:188} INFO - Results for round 22 of season 2023 saved to /opt/***/data/raw/2023/round_22_results.json
[2025-06-04T09:34:35.072+0000] {logging_mixin.py:188} INFO - Extraction des résultats de tous les rounds terminée pour l'année 2023.
[2025-06-04T09:34:35.074+0000] {python.py:237} INFO - Done. Returned value was: None
[2025-06-04T09:34:35.075+0000] {taskinstance.py:441} INFO - ::group::Post task execution logs
[2025-06-04T09:34:35.106+0000] {taskinstance.py:1206} INFO - Marking task as SUCCESS. dag_id=f1_data_extraction_pipeline, task_id=fetch_all_round_details, run_id=manual__2025-06-04T09:33:59+00:00, execution_date=20250604T093359, start_date=20250604T093405, end_date=20250604T093435
[2025-06-04T09:34:35.141+0000] {local_task_job_runner.py:240} INFO - Task exited with return code 0
[2025-06-04T09:34:35.327+0000] {taskinstance.py:3503} INFO - 1 downstream tasks scheduled from follow-on schedule check
[2025-06-04T09:34:35.328+0000] {local_task_job_runner.py:222} INFO - ::endgroup::
