[2025-06-04T08:29:29.394+0000] {local_task_job_runner.py:120} INFO - ::group::Pre task execution logs
[2025-06-04T08:29:29.416+0000] {taskinstance.py:2076} INFO - Dependencies all met for dep_context=non-requeueable deps ti=<TaskInstance: f1_data_extraction_pipeline.fetch_season_schedule_data manual__2025-06-04T08:29:23+00:00 [queued]>
[2025-06-04T08:29:29.420+0000] {taskinstance.py:2076} INFO - Dependencies all met for dep_context=requeueable deps ti=<TaskInstance: f1_data_extraction_pipeline.fetch_season_schedule_data manual__2025-06-04T08:29:23+00:00 [queued]>
[2025-06-04T08:29:29.421+0000] {taskinstance.py:2306} INFO - Starting attempt 1 of 1
[2025-06-04T08:29:29.427+0000] {taskinstance.py:2330} INFO - Executing <Task(PythonOperator): fetch_season_schedule_data> on 2025-06-04 08:29:23+00:00
[2025-06-04T08:29:29.433+0000] {standard_task_runner.py:90} INFO - Running: ['***', 'tasks', 'run', 'f1_data_extraction_pipeline', 'fetch_season_schedule_data', 'manual__2025-06-04T08:29:23+00:00', '--job-id', '8', '--raw', '--subdir', 'DAGS_FOLDER/f1_pipeline.py', '--cfg-path', '/tmp/tmpyk_aty2j']
[2025-06-04T08:29:29.435+0000] {standard_task_runner.py:91} INFO - Job 8: Subtask fetch_season_schedule_data
[2025-06-04T08:29:29.614+0000] {logging_mixin.py:188} WARNING - /home/***/.local/lib/python3.12/site-packages/***/task/task_runner/standard_task_runner.py:61 DeprecationWarning: This process (pid=601) is multi-threaded, use of fork() may lead to deadlocks in the child.
[2025-06-04T08:29:29.615+0000] {standard_task_runner.py:63} INFO - Started process 602 to run task
[2025-06-04T08:29:29.627+0000] {task_command.py:426} INFO - Running <TaskInstance: f1_data_extraction_pipeline.fetch_season_schedule_data manual__2025-06-04T08:29:23+00:00 [running]> on host 98906ef28ad4
[2025-06-04T08:29:29.680+0000] {taskinstance.py:2648} INFO - Exporting env vars: AIRFLOW_CTX_DAG_OWNER='***' AIRFLOW_CTX_DAG_ID='f1_data_extraction_pipeline' AIRFLOW_CTX_TASK_ID='fetch_season_schedule_data' AIRFLOW_CTX_EXECUTION_DATE='2025-06-04T08:29:23+00:00' AIRFLOW_CTX_TRY_NUMBER='1' AIRFLOW_CTX_DAG_RUN_ID='manual__2025-06-04T08:29:23+00:00'
[2025-06-04T08:29:29.681+0000] {taskinstance.py:430} INFO - ::endgroup::
[2025-06-04T08:29:29.696+0000] {logging_mixin.py:188} INFO - Fetching F1 data for season 2025 from https://ergast.com/api/f1/2025.json?limit=1000...
[2025-06-04T08:29:29.696+0000] {logging_mixin.py:188} INFO - Data will be saved relative to: /opt/***/data/raw
[2025-06-04T08:29:29.880+0000] {logging_mixin.py:188} INFO - Data for season 2025 saved to /opt/***/data/raw/2025/season_data.json
[2025-06-04T08:29:29.881+0000] {python.py:237} INFO - Done. Returned value was: {'MRData': {'xmlns': 'http://ergast.com/mrd/1.5', 'series': 'f1', 'url': 'http://ergast.com/api/f1/2025.json', 'limit': '100', 'offset': '0', 'total': '0', 'RaceTable': {'season': '2025', 'Races': []}}}
[2025-06-04T08:29:29.882+0000] {taskinstance.py:441} INFO - ::group::Post task execution logs
[2025-06-04T08:29:29.899+0000] {taskinstance.py:1206} INFO - Marking task as SUCCESS. dag_id=f1_data_extraction_pipeline, task_id=fetch_season_schedule_data, run_id=manual__2025-06-04T08:29:23+00:00, execution_date=20250604T082923, start_date=20250604T082929, end_date=20250604T082929
[2025-06-04T08:29:29.926+0000] {local_task_job_runner.py:240} INFO - Task exited with return code 0
[2025-06-04T08:29:29.940+0000] {taskinstance.py:3503} INFO - 1 downstream tasks scheduled from follow-on schedule check
[2025-06-04T08:29:29.941+0000] {local_task_job_runner.py:222} INFO - ::endgroup::
