[2025-06-04T07:57:21.622+0000] {local_task_job_runner.py:120} INFO - ::group::Pre task execution logs
[2025-06-04T07:57:21.645+0000] {taskinstance.py:2076} INFO - Dependencies all met for dep_context=non-requeueable deps ti=<TaskInstance: f1_data_extraction_pipeline.transform_all_detailed_results manual__2025-06-04T07:56:43+00:00 [queued]>
[2025-06-04T07:57:21.650+0000] {taskinstance.py:2076} INFO - Dependencies all met for dep_context=requeueable deps ti=<TaskInstance: f1_data_extraction_pipeline.transform_all_detailed_results manual__2025-06-04T07:56:43+00:00 [queued]>
[2025-06-04T07:57:21.650+0000] {taskinstance.py:2306} INFO - Starting attempt 1 of 1
[2025-06-04T07:57:21.658+0000] {taskinstance.py:2330} INFO - Executing <Task(PythonOperator): transform_all_detailed_results> on 2025-06-04 07:56:43+00:00
[2025-06-04T07:57:21.663+0000] {standard_task_runner.py:90} INFO - Running: ['***', 'tasks', 'run', 'f1_data_extraction_pipeline', 'transform_all_detailed_results', 'manual__2025-06-04T07:56:43+00:00', '--job-id', '31', '--raw', '--subdir', 'DAGS_FOLDER/f1_pipeline.py', '--cfg-path', '/tmp/tmpw_6_uzum']
[2025-06-04T07:57:21.666+0000] {standard_task_runner.py:91} INFO - Job 31: Subtask transform_all_detailed_results
[2025-06-04T07:57:21.861+0000] {logging_mixin.py:188} WARNING - /home/***/.local/lib/python3.12/site-packages/***/task/task_runner/standard_task_runner.py:61 DeprecationWarning: This process (pid=979) is multi-threaded, use of fork() may lead to deadlocks in the child.
[2025-06-04T07:57:21.861+0000] {standard_task_runner.py:63} INFO - Started process 980 to run task
[2025-06-04T07:57:21.875+0000] {task_command.py:426} INFO - Running <TaskInstance: f1_data_extraction_pipeline.transform_all_detailed_results manual__2025-06-04T07:56:43+00:00 [running]> on host b959d05d9e8c
[2025-06-04T07:57:21.916+0000] {taskinstance.py:2648} INFO - Exporting env vars: AIRFLOW_CTX_DAG_OWNER='***' AIRFLOW_CTX_DAG_ID='f1_data_extraction_pipeline' AIRFLOW_CTX_TASK_ID='transform_all_detailed_results' AIRFLOW_CTX_EXECUTION_DATE='2025-06-04T07:56:43+00:00' AIRFLOW_CTX_TRY_NUMBER='1' AIRFLOW_CTX_DAG_RUN_ID='manual__2025-06-04T07:56:43+00:00'
[2025-06-04T07:57:21.916+0000] {taskinstance.py:430} INFO - ::endgroup::
[2025-06-04T07:57:21.922+0000] {logging_mixin.py:188} INFO - Error: Results file not found for year 2022, round [ at /opt/***/data/raw/2022/round_[_results.json
[2025-06-04T07:57:21.924+0000] {logging_mixin.py:188} INFO - Error: Results file not found for year 2022, round , at /opt/***/data/raw/2022/round_,_results.json
[2025-06-04T07:57:21.925+0000] {logging_mixin.py:188} INFO - Error: Results file not found for year 2022, round   at /opt/***/data/raw/2022/round_ _results.json
[2025-06-04T07:57:21.926+0000] {logging_mixin.py:188} INFO - Error: Results file not found for year 2022, round , at /opt/***/data/raw/2022/round_,_results.json
[2025-06-04T07:57:21.926+0000] {logging_mixin.py:188} INFO - Error: Results file not found for year 2022, round   at /opt/***/data/raw/2022/round_ _results.json
[2025-06-04T07:57:21.927+0000] {logging_mixin.py:188} INFO - Error: Results file not found for year 2022, round , at /opt/***/data/raw/2022/round_,_results.json
[2025-06-04T07:57:21.927+0000] {logging_mixin.py:188} INFO - Error: Results file not found for year 2022, round   at /opt/***/data/raw/2022/round_ _results.json
[2025-06-04T07:57:21.928+0000] {logging_mixin.py:188} INFO - Error: Results file not found for year 2022, round , at /opt/***/data/raw/2022/round_,_results.json
[2025-06-04T07:57:21.928+0000] {logging_mixin.py:188} INFO - Error: Results file not found for year 2022, round   at /opt/***/data/raw/2022/round_ _results.json
[2025-06-04T07:57:21.928+0000] {logging_mixin.py:188} INFO - Error: Results file not found for year 2022, round , at /opt/***/data/raw/2022/round_,_results.json
[2025-06-04T07:57:21.928+0000] {logging_mixin.py:188} INFO - Error: Results file not found for year 2022, round   at /opt/***/data/raw/2022/round_ _results.json
[2025-06-04T07:57:21.929+0000] {logging_mixin.py:188} INFO - Error: Results file not found for year 2022, round , at /opt/***/data/raw/2022/round_,_results.json
[2025-06-04T07:57:21.929+0000] {logging_mixin.py:188} INFO - Error: Results file not found for year 2022, round   at /opt/***/data/raw/2022/round_ _results.json
[2025-06-04T07:57:21.930+0000] {logging_mixin.py:188} INFO - Error: Results file not found for year 2022, round , at /opt/***/data/raw/2022/round_,_results.json
[2025-06-04T07:57:21.930+0000] {logging_mixin.py:188} INFO - Error: Results file not found for year 2022, round   at /opt/***/data/raw/2022/round_ _results.json
[2025-06-04T07:57:21.930+0000] {logging_mixin.py:188} INFO - Error: Results file not found for year 2022, round , at /opt/***/data/raw/2022/round_,_results.json
[2025-06-04T07:57:21.930+0000] {logging_mixin.py:188} INFO - Error: Results file not found for year 2022, round   at /opt/***/data/raw/2022/round_ _results.json
[2025-06-04T07:57:21.931+0000] {logging_mixin.py:188} INFO - Error: Results file not found for year 2022, round , at /opt/***/data/raw/2022/round_,_results.json
[2025-06-04T07:57:21.931+0000] {logging_mixin.py:188} INFO - Error: Results file not found for year 2022, round   at /opt/***/data/raw/2022/round_ _results.json
[2025-06-04T07:57:21.931+0000] {logging_mixin.py:188} INFO - Error: Results file not found for year 2022, round 0 at /opt/***/data/raw/2022/round_0_results.json
[2025-06-04T07:57:21.931+0000] {logging_mixin.py:188} INFO - Error: Results file not found for year 2022, round , at /opt/***/data/raw/2022/round_,_results.json
[2025-06-04T07:57:21.932+0000] {logging_mixin.py:188} INFO - Error: Results file not found for year 2022, round   at /opt/***/data/raw/2022/round_ _results.json
[2025-06-04T07:57:21.932+0000] {logging_mixin.py:188} INFO - Error: Results file not found for year 2022, round , at /opt/***/data/raw/2022/round_,_results.json
[2025-06-04T07:57:21.932+0000] {logging_mixin.py:188} INFO - Error: Results file not found for year 2022, round   at /opt/***/data/raw/2022/round_ _results.json
[2025-06-04T07:57:21.933+0000] {logging_mixin.py:188} INFO - Error: Results file not found for year 2022, round , at /opt/***/data/raw/2022/round_,_results.json
[2025-06-04T07:57:21.933+0000] {logging_mixin.py:188} INFO - Error: Results file not found for year 2022, round   at /opt/***/data/raw/2022/round_ _results.json
[2025-06-04T07:57:21.934+0000] {logging_mixin.py:188} INFO - Error: Results file not found for year 2022, round , at /opt/***/data/raw/2022/round_,_results.json
[2025-06-04T07:57:21.934+0000] {logging_mixin.py:188} INFO - Error: Results file not found for year 2022, round   at /opt/***/data/raw/2022/round_ _results.json
[2025-06-04T07:57:21.934+0000] {logging_mixin.py:188} INFO - Error: Results file not found for year 2022, round , at /opt/***/data/raw/2022/round_,_results.json
[2025-06-04T07:57:21.934+0000] {logging_mixin.py:188} INFO - Error: Results file not found for year 2022, round   at /opt/***/data/raw/2022/round_ _results.json
[2025-06-04T07:57:21.935+0000] {logging_mixin.py:188} INFO - Error: Results file not found for year 2022, round , at /opt/***/data/raw/2022/round_,_results.json
[2025-06-04T07:57:21.935+0000] {logging_mixin.py:188} INFO - Error: Results file not found for year 2022, round   at /opt/***/data/raw/2022/round_ _results.json
[2025-06-04T07:57:21.936+0000] {logging_mixin.py:188} INFO - Error: Results file not found for year 2022, round , at /opt/***/data/raw/2022/round_,_results.json
[2025-06-04T07:57:21.936+0000] {logging_mixin.py:188} INFO - Error: Results file not found for year 2022, round   at /opt/***/data/raw/2022/round_ _results.json
[2025-06-04T07:57:21.936+0000] {logging_mixin.py:188} INFO - Error: Results file not found for year 2022, round , at /opt/***/data/raw/2022/round_,_results.json
[2025-06-04T07:57:21.936+0000] {logging_mixin.py:188} INFO - Error: Results file not found for year 2022, round   at /opt/***/data/raw/2022/round_ _results.json
[2025-06-04T07:57:21.937+0000] {logging_mixin.py:188} INFO - Error: Results file not found for year 2022, round , at /opt/***/data/raw/2022/round_,_results.json
[2025-06-04T07:57:21.937+0000] {logging_mixin.py:188} INFO - Error: Results file not found for year 2022, round   at /opt/***/data/raw/2022/round_ _results.json
[2025-06-04T07:57:21.938+0000] {logging_mixin.py:188} INFO - Error: Results file not found for year 2022, round , at /opt/***/data/raw/2022/round_,_results.json
[2025-06-04T07:57:21.938+0000] {logging_mixin.py:188} INFO - Error: Results file not found for year 2022, round   at /opt/***/data/raw/2022/round_ _results.json
[2025-06-04T07:57:21.938+0000] {logging_mixin.py:188} INFO - Error: Results file not found for year 2022, round 0 at /opt/***/data/raw/2022/round_0_results.json
[2025-06-04T07:57:21.938+0000] {logging_mixin.py:188} INFO - Error: Results file not found for year 2022, round , at /opt/***/data/raw/2022/round_,_results.json
[2025-06-04T07:57:21.938+0000] {logging_mixin.py:188} INFO - Error: Results file not found for year 2022, round   at /opt/***/data/raw/2022/round_ _results.json
[2025-06-04T07:57:21.939+0000] {logging_mixin.py:188} INFO - Error: Results file not found for year 2022, round , at /opt/***/data/raw/2022/round_,_results.json
[2025-06-04T07:57:21.939+0000] {logging_mixin.py:188} INFO - Error: Results file not found for year 2022, round   at /opt/***/data/raw/2022/round_ _results.json
[2025-06-04T07:57:21.940+0000] {logging_mixin.py:188} INFO - Error: Results file not found for year 2022, round ] at /opt/***/data/raw/2022/round_]_results.json
[2025-06-04T07:57:21.948+0000] {logging_mixin.py:188} INFO - Detailed results for year 2022 saved to /opt/***/data/processed/2022/detailed_results.csv.
[2025-06-04T07:57:21.949+0000] {logging_mixin.py:188} INFO - Drivers data for year 2022 saved to /opt/***/data/processed/2022/drivers.csv.
[2025-06-04T07:57:21.949+0000] {logging_mixin.py:188} INFO - Constructors data for year 2022 saved to /opt/***/data/processed/2022/constructors.csv.
[2025-06-04T07:57:21.950+0000] {python.py:237} INFO - Done. Returned value was: True
[2025-06-04T07:57:21.950+0000] {taskinstance.py:441} INFO - ::group::Post task execution logs
[2025-06-04T07:57:21.962+0000] {taskinstance.py:1206} INFO - Marking task as SUCCESS. dag_id=f1_data_extraction_pipeline, task_id=transform_all_detailed_results, run_id=manual__2025-06-04T07:56:43+00:00, execution_date=20250604T075643, start_date=20250604T075721, end_date=20250604T075721
[2025-06-04T07:57:22.006+0000] {local_task_job_runner.py:240} INFO - Task exited with return code 0
[2025-06-04T07:57:22.018+0000] {taskinstance.py:3503} INFO - 1 downstream tasks scheduled from follow-on schedule check
[2025-06-04T07:57:22.019+0000] {local_task_job_runner.py:222} INFO - ::endgroup::
