[2025-06-04T09:35:19.921+0000] {local_task_job_runner.py:120} INFO - ::group::Pre task execution logs
[2025-06-04T09:35:19.938+0000] {taskinstance.py:2076} INFO - Dependencies all met for dep_context=non-requeueable deps ti=<TaskInstance: f1_data_extraction_pipeline.transform_all_detailed_results manual__2025-06-04T09:34:41+00:00 [queued]>
[2025-06-04T09:35:19.941+0000] {taskinstance.py:2076} INFO - Dependencies all met for dep_context=requeueable deps ti=<TaskInstance: f1_data_extraction_pipeline.transform_all_detailed_results manual__2025-06-04T09:34:41+00:00 [queued]>
[2025-06-04T09:35:19.941+0000] {taskinstance.py:2306} INFO - Starting attempt 1 of 1
[2025-06-04T09:35:19.946+0000] {taskinstance.py:2330} INFO - Executing <Task(PythonOperator): transform_all_detailed_results> on 2025-06-04 09:34:41+00:00
[2025-06-04T09:35:19.950+0000] {standard_task_runner.py:90} INFO - Running: ['***', 'tasks', 'run', 'f1_data_extraction_pipeline', 'transform_all_detailed_results', 'manual__2025-06-04T09:34:41+00:00', '--job-id', '25', '--raw', '--subdir', 'DAGS_FOLDER/f1_pipeline.py', '--cfg-path', '/tmp/tmpastp_no3']
[2025-06-04T09:35:19.951+0000] {standard_task_runner.py:91} INFO - Job 25: Subtask transform_all_detailed_results
[2025-06-04T09:35:19.951+0000] {logging_mixin.py:188} WARNING - /home/***/.local/lib/python3.12/site-packages/***/task/task_runner/standard_task_runner.py:61 DeprecationWarning: This process (pid=737) is multi-threaded, use of fork() may lead to deadlocks in the child.
[2025-06-04T09:35:19.952+0000] {standard_task_runner.py:63} INFO - Started process 738 to run task
[2025-06-04T09:35:19.975+0000] {task_command.py:426} INFO - Running <TaskInstance: f1_data_extraction_pipeline.transform_all_detailed_results manual__2025-06-04T09:34:41+00:00 [running]> on host bbce21915965
[2025-06-04T09:35:20.132+0000] {taskinstance.py:2648} INFO - Exporting env vars: AIRFLOW_CTX_DAG_OWNER='***' AIRFLOW_CTX_DAG_ID='f1_data_extraction_pipeline' AIRFLOW_CTX_TASK_ID='transform_all_detailed_results' AIRFLOW_CTX_EXECUTION_DATE='2025-06-04T09:34:41+00:00' AIRFLOW_CTX_TRY_NUMBER='1' AIRFLOW_CTX_DAG_RUN_ID='manual__2025-06-04T09:34:41+00:00'
[2025-06-04T09:35:20.132+0000] {taskinstance.py:430} INFO - ::endgroup::
[2025-06-04T09:35:20.138+0000] {logging_mixin.py:188} INFO - Error: Results file not found for year 2022, round [ at /opt/***/data/raw/2022/round_[_results.json
[2025-06-04T09:35:20.139+0000] {logging_mixin.py:188} INFO - → Adding constructor_id = 'ferrari' from round 1
[2025-06-04T09:35:20.139+0000] {logging_mixin.py:188} INFO - → Adding constructor_id = 'mercedes' from round 1
[2025-06-04T09:35:20.139+0000] {logging_mixin.py:188} INFO - → Adding constructor_id = 'haas' from round 1
[2025-06-04T09:35:20.139+0000] {logging_mixin.py:188} INFO - → Adding constructor_id = 'alfa' from round 1
[2025-06-04T09:35:20.139+0000] {logging_mixin.py:188} INFO - → Adding constructor_id = 'alpine' from round 1
[2025-06-04T09:35:20.139+0000] {logging_mixin.py:188} INFO - → Adding constructor_id = 'alphatauri' from round 1
[2025-06-04T09:35:20.139+0000] {logging_mixin.py:188} INFO - → Adding constructor_id = 'aston_martin' from round 1
[2025-06-04T09:35:20.139+0000] {logging_mixin.py:188} INFO - → Adding constructor_id = 'williams' from round 1
[2025-06-04T09:35:20.139+0000] {logging_mixin.py:188} INFO - → Adding constructor_id = 'mclaren' from round 1
[2025-06-04T09:35:20.139+0000] {logging_mixin.py:188} INFO - → Adding constructor_id = 'red_bull' from round 1
[2025-06-04T09:35:20.139+0000] {logging_mixin.py:188} INFO - Error: Results file not found for year 2022, round , at /opt/***/data/raw/2022/round_,_results.json
[2025-06-04T09:35:20.140+0000] {logging_mixin.py:188} INFO - Error: Results file not found for year 2022, round   at /opt/***/data/raw/2022/round_ _results.json
[2025-06-04T09:35:20.140+0000] {logging_mixin.py:188} INFO - Error: Results file not found for year 2022, round , at /opt/***/data/raw/2022/round_,_results.json
[2025-06-04T09:35:20.140+0000] {logging_mixin.py:188} INFO - Error: Results file not found for year 2022, round   at /opt/***/data/raw/2022/round_ _results.json
[2025-06-04T09:35:20.141+0000] {logging_mixin.py:188} INFO - Error: Results file not found for year 2022, round , at /opt/***/data/raw/2022/round_,_results.json
[2025-06-04T09:35:20.141+0000] {logging_mixin.py:188} INFO - Error: Results file not found for year 2022, round   at /opt/***/data/raw/2022/round_ _results.json
[2025-06-04T09:35:20.142+0000] {logging_mixin.py:188} INFO - Error: Results file not found for year 2022, round , at /opt/***/data/raw/2022/round_,_results.json
[2025-06-04T09:35:20.142+0000] {logging_mixin.py:188} INFO - Error: Results file not found for year 2022, round   at /opt/***/data/raw/2022/round_ _results.json
[2025-06-04T09:35:20.142+0000] {logging_mixin.py:188} INFO - Error: Results file not found for year 2022, round , at /opt/***/data/raw/2022/round_,_results.json
[2025-06-04T09:35:20.142+0000] {logging_mixin.py:188} INFO - Error: Results file not found for year 2022, round   at /opt/***/data/raw/2022/round_ _results.json
[2025-06-04T09:35:20.143+0000] {logging_mixin.py:188} INFO - Error: Results file not found for year 2022, round , at /opt/***/data/raw/2022/round_,_results.json
[2025-06-04T09:35:20.143+0000] {logging_mixin.py:188} INFO - Error: Results file not found for year 2022, round   at /opt/***/data/raw/2022/round_ _results.json
[2025-06-04T09:35:20.143+0000] {logging_mixin.py:188} INFO - Error: Results file not found for year 2022, round , at /opt/***/data/raw/2022/round_,_results.json
[2025-06-04T09:35:20.144+0000] {logging_mixin.py:188} INFO - Error: Results file not found for year 2022, round   at /opt/***/data/raw/2022/round_ _results.json
[2025-06-04T09:35:20.144+0000] {logging_mixin.py:188} INFO - Error: Results file not found for year 2022, round , at /opt/***/data/raw/2022/round_,_results.json
[2025-06-04T09:35:20.144+0000] {logging_mixin.py:188} INFO - Error: Results file not found for year 2022, round   at /opt/***/data/raw/2022/round_ _results.json
[2025-06-04T09:35:20.144+0000] {logging_mixin.py:188} INFO - Error: Results file not found for year 2022, round , at /opt/***/data/raw/2022/round_,_results.json
[2025-06-04T09:35:20.145+0000] {logging_mixin.py:188} INFO - Error: Results file not found for year 2022, round   at /opt/***/data/raw/2022/round_ _results.json
[2025-06-04T09:35:20.145+0000] {logging_mixin.py:188} INFO - Error: Results file not found for year 2022, round 0 at /opt/***/data/raw/2022/round_0_results.json
[2025-06-04T09:35:20.145+0000] {logging_mixin.py:188} INFO - Error: Results file not found for year 2022, round , at /opt/***/data/raw/2022/round_,_results.json
[2025-06-04T09:35:20.145+0000] {logging_mixin.py:188} INFO - Error: Results file not found for year 2022, round   at /opt/***/data/raw/2022/round_ _results.json
[2025-06-04T09:35:20.146+0000] {logging_mixin.py:188} INFO - Error: Results file not found for year 2022, round , at /opt/***/data/raw/2022/round_,_results.json
[2025-06-04T09:35:20.146+0000] {logging_mixin.py:188} INFO - Error: Results file not found for year 2022, round   at /opt/***/data/raw/2022/round_ _results.json
[2025-06-04T09:35:20.147+0000] {logging_mixin.py:188} INFO - Error: Results file not found for year 2022, round , at /opt/***/data/raw/2022/round_,_results.json
[2025-06-04T09:35:20.147+0000] {logging_mixin.py:188} INFO - Error: Results file not found for year 2022, round   at /opt/***/data/raw/2022/round_ _results.json
[2025-06-04T09:35:20.147+0000] {logging_mixin.py:188} INFO - Error: Results file not found for year 2022, round , at /opt/***/data/raw/2022/round_,_results.json
[2025-06-04T09:35:20.148+0000] {logging_mixin.py:188} INFO - Error: Results file not found for year 2022, round   at /opt/***/data/raw/2022/round_ _results.json
[2025-06-04T09:35:20.148+0000] {logging_mixin.py:188} INFO - Error: Results file not found for year 2022, round , at /opt/***/data/raw/2022/round_,_results.json
[2025-06-04T09:35:20.148+0000] {logging_mixin.py:188} INFO - Error: Results file not found for year 2022, round   at /opt/***/data/raw/2022/round_ _results.json
[2025-06-04T09:35:20.149+0000] {logging_mixin.py:188} INFO - Error: Results file not found for year 2022, round , at /opt/***/data/raw/2022/round_,_results.json
[2025-06-04T09:35:20.149+0000] {logging_mixin.py:188} INFO - Error: Results file not found for year 2022, round   at /opt/***/data/raw/2022/round_ _results.json
[2025-06-04T09:35:20.150+0000] {logging_mixin.py:188} INFO - Error: Results file not found for year 2022, round , at /opt/***/data/raw/2022/round_,_results.json
[2025-06-04T09:35:20.150+0000] {logging_mixin.py:188} INFO - Error: Results file not found for year 2022, round   at /opt/***/data/raw/2022/round_ _results.json
[2025-06-04T09:35:20.150+0000] {logging_mixin.py:188} INFO - Error: Results file not found for year 2022, round , at /opt/***/data/raw/2022/round_,_results.json
[2025-06-04T09:35:20.150+0000] {logging_mixin.py:188} INFO - Error: Results file not found for year 2022, round   at /opt/***/data/raw/2022/round_ _results.json
[2025-06-04T09:35:20.151+0000] {logging_mixin.py:188} INFO - Error: Results file not found for year 2022, round , at /opt/***/data/raw/2022/round_,_results.json
[2025-06-04T09:35:20.151+0000] {logging_mixin.py:188} INFO - Error: Results file not found for year 2022, round   at /opt/***/data/raw/2022/round_ _results.json
[2025-06-04T09:35:20.152+0000] {logging_mixin.py:188} INFO - Error: Results file not found for year 2022, round , at /opt/***/data/raw/2022/round_,_results.json
[2025-06-04T09:35:20.152+0000] {logging_mixin.py:188} INFO - Error: Results file not found for year 2022, round   at /opt/***/data/raw/2022/round_ _results.json
[2025-06-04T09:35:20.152+0000] {logging_mixin.py:188} INFO - Error: Results file not found for year 2022, round 0 at /opt/***/data/raw/2022/round_0_results.json
[2025-06-04T09:35:20.152+0000] {logging_mixin.py:188} INFO - Error: Results file not found for year 2022, round , at /opt/***/data/raw/2022/round_,_results.json
[2025-06-04T09:35:20.152+0000] {logging_mixin.py:188} INFO - Error: Results file not found for year 2022, round   at /opt/***/data/raw/2022/round_ _results.json
[2025-06-04T09:35:20.153+0000] {logging_mixin.py:188} INFO - Error: Results file not found for year 2022, round , at /opt/***/data/raw/2022/round_,_results.json
[2025-06-04T09:35:20.153+0000] {logging_mixin.py:188} INFO - Error: Results file not found for year 2022, round   at /opt/***/data/raw/2022/round_ _results.json
[2025-06-04T09:35:20.153+0000] {logging_mixin.py:188} INFO - Error: Results file not found for year 2022, round ] at /opt/***/data/raw/2022/round_]_results.json
[2025-06-04T09:35:20.163+0000] {logging_mixin.py:188} INFO - Detailed results for year 2022 saved to /opt/***/data/processed/2022/detailed_results.csv.
[2025-06-04T09:35:20.165+0000] {logging_mixin.py:188} INFO - Drivers data for year 2022 saved to /opt/***/data/processed/2022/drivers.csv.
[2025-06-04T09:35:20.166+0000] {logging_mixin.py:188} INFO - Constructors data for year 2022 saved to /opt/***/data/processed/2022/constructors.csv.
[2025-06-04T09:35:20.166+0000] {python.py:237} INFO - Done. Returned value was: True
[2025-06-04T09:35:20.166+0000] {taskinstance.py:441} INFO - ::group::Post task execution logs
[2025-06-04T09:35:20.176+0000] {taskinstance.py:1206} INFO - Marking task as SUCCESS. dag_id=f1_data_extraction_pipeline, task_id=transform_all_detailed_results, run_id=manual__2025-06-04T09:34:41+00:00, execution_date=20250604T093441, start_date=20250604T093519, end_date=20250604T093520
[2025-06-04T09:35:20.226+0000] {local_task_job_runner.py:240} INFO - Task exited with return code 0
[2025-06-04T09:35:20.239+0000] {taskinstance.py:3503} INFO - 1 downstream tasks scheduled from follow-on schedule check
[2025-06-04T09:35:20.239+0000] {local_task_job_runner.py:222} INFO - ::endgroup::
