[2025-06-04T08:29:31.032+0000] {local_task_job_runner.py:120} INFO - ::group::Pre task execution logs
[2025-06-04T08:29:31.048+0000] {taskinstance.py:2076} INFO - Dependencies all met for dep_context=non-requeueable deps ti=<TaskInstance: f1_data_extraction_pipeline.transform_schedule_and_get_rounds manual__2025-06-04T08:29:23+00:00 [queued]>
[2025-06-04T08:29:31.051+0000] {taskinstance.py:2076} INFO - Dependencies all met for dep_context=requeueable deps ti=<TaskInstance: f1_data_extraction_pipeline.transform_schedule_and_get_rounds manual__2025-06-04T08:29:23+00:00 [queued]>
[2025-06-04T08:29:31.051+0000] {taskinstance.py:2306} INFO - Starting attempt 1 of 1
[2025-06-04T08:29:31.058+0000] {taskinstance.py:2330} INFO - Executing <Task(PythonOperator): transform_schedule_and_get_rounds> on 2025-06-04 08:29:23+00:00
[2025-06-04T08:29:31.062+0000] {standard_task_runner.py:90} INFO - Running: ['***', 'tasks', 'run', 'f1_data_extraction_pipeline', 'transform_schedule_and_get_rounds', 'manual__2025-06-04T08:29:23+00:00', '--job-id', '9', '--raw', '--subdir', 'DAGS_FOLDER/f1_pipeline.py', '--cfg-path', '/tmp/tmpra1brmr6']
[2025-06-04T08:29:31.068+0000] {standard_task_runner.py:91} INFO - Job 9: Subtask transform_schedule_and_get_rounds
[2025-06-04T08:29:31.167+0000] {logging_mixin.py:188} WARNING - /home/***/.local/lib/python3.12/site-packages/***/task/task_runner/standard_task_runner.py:61 DeprecationWarning: This process (pid=603) is multi-threaded, use of fork() may lead to deadlocks in the child.
[2025-06-04T08:29:31.168+0000] {standard_task_runner.py:63} INFO - Started process 604 to run task
[2025-06-04T08:29:31.186+0000] {task_command.py:426} INFO - Running <TaskInstance: f1_data_extraction_pipeline.transform_schedule_and_get_rounds manual__2025-06-04T08:29:23+00:00 [running]> on host 98906ef28ad4
[2025-06-04T08:29:31.220+0000] {taskinstance.py:2648} INFO - Exporting env vars: AIRFLOW_CTX_DAG_OWNER='***' AIRFLOW_CTX_DAG_ID='f1_data_extraction_pipeline' AIRFLOW_CTX_TASK_ID='transform_schedule_and_get_rounds' AIRFLOW_CTX_EXECUTION_DATE='2025-06-04T08:29:23+00:00' AIRFLOW_CTX_TRY_NUMBER='1' AIRFLOW_CTX_DAG_RUN_ID='manual__2025-06-04T08:29:23+00:00'
[2025-06-04T08:29:31.220+0000] {taskinstance.py:430} INFO - ::endgroup::
[2025-06-04T08:29:31.224+0000] {logging_mixin.py:188} INFO - Starting transformation for year 2025 from /opt/***/data/raw/2025/season_data.json
[2025-06-04T08:29:31.225+0000] {logging_mixin.py:188} INFO - No races found for year 2025.
[2025-06-04T08:29:31.225+0000] {python.py:237} INFO - Done. Returned value was: False
[2025-06-04T08:29:31.225+0000] {taskinstance.py:441} INFO - ::group::Post task execution logs
[2025-06-04T08:29:31.235+0000] {taskinstance.py:1206} INFO - Marking task as SUCCESS. dag_id=f1_data_extraction_pipeline, task_id=transform_schedule_and_get_rounds, run_id=manual__2025-06-04T08:29:23+00:00, execution_date=20250604T082923, start_date=20250604T082931, end_date=20250604T082931
[2025-06-04T08:29:31.272+0000] {local_task_job_runner.py:240} INFO - Task exited with return code 0
[2025-06-04T08:29:31.283+0000] {taskinstance.py:3503} INFO - 1 downstream tasks scheduled from follow-on schedule check
[2025-06-04T08:29:31.284+0000] {local_task_job_runner.py:222} INFO - ::endgroup::
