[2025-06-04T08:01:26.538+0000] {local_task_job_runner.py:120} INFO - ::group::Pre task execution logs
[2025-06-04T08:01:26.562+0000] {taskinstance.py:2076} INFO - Dependencies all met for dep_context=non-requeueable deps ti=<TaskInstance: f1_data_extraction_pipeline.transform_schedule_and_get_rounds manual__2025-06-04T08:01:23+00:00 [queued]>
[2025-06-04T08:01:26.568+0000] {taskinstance.py:2076} INFO - Dependencies all met for dep_context=requeueable deps ti=<TaskInstance: f1_data_extraction_pipeline.transform_schedule_and_get_rounds manual__2025-06-04T08:01:23+00:00 [queued]>
[2025-06-04T08:01:26.569+0000] {taskinstance.py:2306} INFO - Starting attempt 1 of 1
[2025-06-04T08:01:26.576+0000] {taskinstance.py:2330} INFO - Executing <Task(PythonOperator): transform_schedule_and_get_rounds> on 2025-06-04 08:01:23+00:00
[2025-06-04T08:01:26.581+0000] {standard_task_runner.py:90} INFO - Running: ['***', 'tasks', 'run', 'f1_data_extraction_pipeline', 'transform_schedule_and_get_rounds', 'manual__2025-06-04T08:01:23+00:00', '--job-id', '34', '--raw', '--subdir', 'DAGS_FOLDER/f1_pipeline.py', '--cfg-path', '/tmp/tmp006u8nj4']
[2025-06-04T08:01:26.584+0000] {standard_task_runner.py:91} INFO - Job 34: Subtask transform_schedule_and_get_rounds
[2025-06-04T08:01:26.701+0000] {logging_mixin.py:188} WARNING - /home/***/.local/lib/python3.12/site-packages/***/task/task_runner/standard_task_runner.py:61 DeprecationWarning: This process (pid=1120) is multi-threaded, use of fork() may lead to deadlocks in the child.
[2025-06-04T08:01:26.703+0000] {standard_task_runner.py:63} INFO - Started process 1121 to run task
[2025-06-04T08:01:26.740+0000] {task_command.py:426} INFO - Running <TaskInstance: f1_data_extraction_pipeline.transform_schedule_and_get_rounds manual__2025-06-04T08:01:23+00:00 [running]> on host b959d05d9e8c
[2025-06-04T08:01:26.780+0000] {taskinstance.py:2648} INFO - Exporting env vars: AIRFLOW_CTX_DAG_OWNER='***' AIRFLOW_CTX_DAG_ID='f1_data_extraction_pipeline' AIRFLOW_CTX_TASK_ID='transform_schedule_and_get_rounds' AIRFLOW_CTX_EXECUTION_DATE='2025-06-04T08:01:23+00:00' AIRFLOW_CTX_TRY_NUMBER='1' AIRFLOW_CTX_DAG_RUN_ID='manual__2025-06-04T08:01:23+00:00'
[2025-06-04T08:01:26.781+0000] {taskinstance.py:430} INFO - ::endgroup::
[2025-06-04T08:01:26.786+0000] {logging_mixin.py:188} INFO - Starting transformation for year 2024 from /opt/***/data/raw/2024/season_data.json
[2025-06-04T08:01:26.791+0000] {logging_mixin.py:188} INFO - Circuits info for year 2024 saved to /opt/***/data/processed/2024/circuits_info.csv
[2025-06-04T08:01:26.793+0000] {logging_mixin.py:188} INFO - Races for year 2024 saved to /opt/***/data/processed/2024/races_schedule.csv.
[2025-06-04T08:01:26.793+0000] {python.py:237} INFO - Done. Returned value was: [1, 2, 3, 4, 5, 6, 7, 8, 9, 10, 11, 12, 13, 14, 15, 16, 17, 18, 19, 20, 21, 22, 23, 24]
[2025-06-04T08:01:26.794+0000] {taskinstance.py:441} INFO - ::group::Post task execution logs
[2025-06-04T08:01:26.805+0000] {taskinstance.py:1206} INFO - Marking task as SUCCESS. dag_id=f1_data_extraction_pipeline, task_id=transform_schedule_and_get_rounds, run_id=manual__2025-06-04T08:01:23+00:00, execution_date=20250604T080123, start_date=20250604T080126, end_date=20250604T080126
[2025-06-04T08:01:26.841+0000] {local_task_job_runner.py:240} INFO - Task exited with return code 0
[2025-06-04T08:01:26.855+0000] {taskinstance.py:3503} INFO - 1 downstream tasks scheduled from follow-on schedule check
[2025-06-04T08:01:26.855+0000] {local_task_job_runner.py:222} INFO - ::endgroup::
