[2025-06-04T08:30:35.526+0000] {local_task_job_runner.py:120} INFO - ::group::Pre task execution logs
[2025-06-04T08:30:35.540+0000] {taskinstance.py:2076} INFO - Dependencies all met for dep_context=non-requeueable deps ti=<TaskInstance: f1_data_extraction_pipeline.fetch_all_round_details manual__2025-06-04T08:30:30+00:00 [queued]>
[2025-06-04T08:30:35.543+0000] {taskinstance.py:2076} INFO - Dependencies all met for dep_context=requeueable deps ti=<TaskInstance: f1_data_extraction_pipeline.fetch_all_round_details manual__2025-06-04T08:30:30+00:00 [queued]>
[2025-06-04T08:30:35.543+0000] {taskinstance.py:2306} INFO - Starting attempt 1 of 1
[2025-06-04T08:30:35.548+0000] {taskinstance.py:2330} INFO - Executing <Task(PythonOperator): fetch_all_round_details> on 2025-06-04 08:30:30+00:00
[2025-06-04T08:30:35.552+0000] {standard_task_runner.py:90} INFO - Running: ['***', 'tasks', 'run', 'f1_data_extraction_pipeline', 'fetch_all_round_details', 'manual__2025-06-04T08:30:30+00:00', '--job-id', '18', '--raw', '--subdir', 'DAGS_FOLDER/f1_pipeline.py', '--cfg-path', '/tmp/tmpvjw9rsmw']
[2025-06-04T08:30:35.555+0000] {standard_task_runner.py:91} INFO - Job 18: Subtask fetch_all_round_details
[2025-06-04T08:30:35.647+0000] {logging_mixin.py:188} WARNING - /home/***/.local/lib/python3.12/site-packages/***/task/task_runner/standard_task_runner.py:61 DeprecationWarning: This process (pid=657) is multi-threaded, use of fork() may lead to deadlocks in the child.
[2025-06-04T08:30:35.649+0000] {standard_task_runner.py:63} INFO - Started process 658 to run task
[2025-06-04T08:30:35.670+0000] {task_command.py:426} INFO - Running <TaskInstance: f1_data_extraction_pipeline.fetch_all_round_details manual__2025-06-04T08:30:30+00:00 [running]> on host 98906ef28ad4
[2025-06-04T08:30:35.711+0000] {taskinstance.py:2648} INFO - Exporting env vars: AIRFLOW_CTX_DAG_OWNER='***' AIRFLOW_CTX_DAG_ID='f1_data_extraction_pipeline' AIRFLOW_CTX_TASK_ID='fetch_all_round_details' AIRFLOW_CTX_EXECUTION_DATE='2025-06-04T08:30:30+00:00' AIRFLOW_CTX_TRY_NUMBER='1' AIRFLOW_CTX_DAG_RUN_ID='manual__2025-06-04T08:30:30+00:00'
[2025-06-04T08:30:35.711+0000] {taskinstance.py:430} INFO - ::endgroup::
[2025-06-04T08:30:35.715+0000] {logging_mixin.py:188} INFO - Chaîne XCom brute pour rounds_list: '[1, 2, 3, 4, 5, 6, 7, 8, 9, 10, 11, 12, 13, 14, 15, 16, 17, 18, 19, 20, 21, 22]'
[2025-06-04T08:30:35.716+0000] {logging_mixin.py:188} INFO - Extraction des résultats pour l'année 2022, rounds (liste parsée): [1, 2, 3, 4, 5, 6, 7, 8, 9, 10, 11, 12, 13, 14, 15, 16, 17, 18, 19, 20, 21, 22]
[2025-06-04T08:30:35.716+0000] {logging_mixin.py:188} INFO - Fetching F1 race results for 2022 round 1 from https://ergast.com/api/f1/2022/1/results.json...
[2025-06-04T08:30:35.716+0000] {logging_mixin.py:188} INFO - Data will be saved relative to: /opt/***/data/raw
[2025-06-04T08:30:36.657+0000] {logging_mixin.py:188} INFO - Results for round 1 of season 2022 saved to /opt/***/data/raw/2022/round_1_results.json
[2025-06-04T08:30:36.659+0000] {logging_mixin.py:188} INFO - Fetching F1 race results for 2022 round 2 from https://ergast.com/api/f1/2022/2/results.json...
[2025-06-04T08:30:36.659+0000] {logging_mixin.py:188} INFO - Data will be saved relative to: /opt/***/data/raw
[2025-06-04T08:30:38.535+0000] {logging_mixin.py:188} INFO - Results for round 2 of season 2022 saved to /opt/***/data/raw/2022/round_2_results.json
[2025-06-04T08:30:38.537+0000] {logging_mixin.py:188} INFO - Fetching F1 race results for 2022 round 3 from https://ergast.com/api/f1/2022/3/results.json...
[2025-06-04T08:30:38.537+0000] {logging_mixin.py:188} INFO - Data will be saved relative to: /opt/***/data/raw
[2025-06-04T08:30:39.430+0000] {logging_mixin.py:188} INFO - Results for round 3 of season 2022 saved to /opt/***/data/raw/2022/round_3_results.json
[2025-06-04T08:30:39.432+0000] {logging_mixin.py:188} INFO - Fetching F1 race results for 2022 round 4 from https://ergast.com/api/f1/2022/4/results.json...
[2025-06-04T08:30:39.433+0000] {logging_mixin.py:188} INFO - Data will be saved relative to: /opt/***/data/raw
[2025-06-04T08:30:40.245+0000] {logging_mixin.py:188} INFO - Results for round 4 of season 2022 saved to /opt/***/data/raw/2022/round_4_results.json
[2025-06-04T08:30:40.247+0000] {logging_mixin.py:188} INFO - Fetching F1 race results for 2022 round 5 from https://ergast.com/api/f1/2022/5/results.json...
[2025-06-04T08:30:40.248+0000] {logging_mixin.py:188} INFO - Data will be saved relative to: /opt/***/data/raw
[2025-06-04T08:30:41.172+0000] {logging_mixin.py:188} INFO - Results for round 5 of season 2022 saved to /opt/***/data/raw/2022/round_5_results.json
[2025-06-04T08:30:41.175+0000] {logging_mixin.py:188} INFO - Fetching F1 race results for 2022 round 6 from https://ergast.com/api/f1/2022/6/results.json...
[2025-06-04T08:30:41.176+0000] {logging_mixin.py:188} INFO - Data will be saved relative to: /opt/***/data/raw
[2025-06-04T08:30:43.021+0000] {logging_mixin.py:188} INFO - Results for round 6 of season 2022 saved to /opt/***/data/raw/2022/round_6_results.json
[2025-06-04T08:30:43.026+0000] {logging_mixin.py:188} INFO - Fetching F1 race results for 2022 round 7 from https://ergast.com/api/f1/2022/7/results.json...
[2025-06-04T08:30:43.027+0000] {logging_mixin.py:188} INFO - Data will be saved relative to: /opt/***/data/raw
[2025-06-04T08:30:43.824+0000] {logging_mixin.py:188} INFO - Results for round 7 of season 2022 saved to /opt/***/data/raw/2022/round_7_results.json
[2025-06-04T08:30:43.826+0000] {logging_mixin.py:188} INFO - Fetching F1 race results for 2022 round 8 from https://ergast.com/api/f1/2022/8/results.json...
[2025-06-04T08:30:43.827+0000] {logging_mixin.py:188} INFO - Data will be saved relative to: /opt/***/data/raw
[2025-06-04T08:30:45.594+0000] {logging_mixin.py:188} INFO - Results for round 8 of season 2022 saved to /opt/***/data/raw/2022/round_8_results.json
[2025-06-04T08:30:45.615+0000] {logging_mixin.py:188} INFO - Fetching F1 race results for 2022 round 9 from https://ergast.com/api/f1/2022/9/results.json...
[2025-06-04T08:30:45.616+0000] {logging_mixin.py:188} INFO - Data will be saved relative to: /opt/***/data/raw
[2025-06-04T08:30:46.541+0000] {logging_mixin.py:188} INFO - Results for round 9 of season 2022 saved to /opt/***/data/raw/2022/round_9_results.json
[2025-06-04T08:30:46.544+0000] {logging_mixin.py:188} INFO - Fetching F1 race results for 2022 round 10 from https://ergast.com/api/f1/2022/10/results.json...
[2025-06-04T08:30:46.545+0000] {logging_mixin.py:188} INFO - Data will be saved relative to: /opt/***/data/raw
[2025-06-04T08:30:48.708+0000] {logging_mixin.py:188} INFO - Results for round 10 of season 2022 saved to /opt/***/data/raw/2022/round_10_results.json
[2025-06-04T08:30:48.710+0000] {logging_mixin.py:188} INFO - Fetching F1 race results for 2022 round 11 from https://ergast.com/api/f1/2022/11/results.json...
[2025-06-04T08:30:48.710+0000] {logging_mixin.py:188} INFO - Data will be saved relative to: /opt/***/data/raw
[2025-06-04T08:30:50.512+0000] {logging_mixin.py:188} INFO - Results for round 11 of season 2022 saved to /opt/***/data/raw/2022/round_11_results.json
[2025-06-04T08:30:50.514+0000] {logging_mixin.py:188} INFO - Fetching F1 race results for 2022 round 12 from https://ergast.com/api/f1/2022/12/results.json...
[2025-06-04T08:30:50.515+0000] {logging_mixin.py:188} INFO - Data will be saved relative to: /opt/***/data/raw
[2025-06-04T08:30:51.443+0000] {logging_mixin.py:188} INFO - Results for round 12 of season 2022 saved to /opt/***/data/raw/2022/round_12_results.json
[2025-06-04T08:30:51.446+0000] {logging_mixin.py:188} INFO - Fetching F1 race results for 2022 round 13 from https://ergast.com/api/f1/2022/13/results.json...
[2025-06-04T08:30:51.447+0000] {logging_mixin.py:188} INFO - Data will be saved relative to: /opt/***/data/raw
[2025-06-04T08:30:53.312+0000] {logging_mixin.py:188} INFO - Results for round 13 of season 2022 saved to /opt/***/data/raw/2022/round_13_results.json
[2025-06-04T08:30:53.316+0000] {logging_mixin.py:188} INFO - Fetching F1 race results for 2022 round 14 from https://ergast.com/api/f1/2022/14/results.json...
[2025-06-04T08:30:53.317+0000] {logging_mixin.py:188} INFO - Data will be saved relative to: /opt/***/data/raw
[2025-06-04T08:30:54.253+0000] {logging_mixin.py:188} INFO - Results for round 14 of season 2022 saved to /opt/***/data/raw/2022/round_14_results.json
[2025-06-04T08:30:54.254+0000] {logging_mixin.py:188} INFO - Fetching F1 race results for 2022 round 15 from https://ergast.com/api/f1/2022/15/results.json...
[2025-06-04T08:30:54.254+0000] {logging_mixin.py:188} INFO - Data will be saved relative to: /opt/***/data/raw
[2025-06-04T08:30:55.085+0000] {logging_mixin.py:188} INFO - Results for round 15 of season 2022 saved to /opt/***/data/raw/2022/round_15_results.json
[2025-06-04T08:30:55.087+0000] {logging_mixin.py:188} INFO - Fetching F1 race results for 2022 round 16 from https://ergast.com/api/f1/2022/16/results.json...
[2025-06-04T08:30:55.088+0000] {logging_mixin.py:188} INFO - Data will be saved relative to: /opt/***/data/raw
[2025-06-04T08:30:55.912+0000] {logging_mixin.py:188} INFO - Results for round 16 of season 2022 saved to /opt/***/data/raw/2022/round_16_results.json
[2025-06-04T08:30:55.913+0000] {logging_mixin.py:188} INFO - Fetching F1 race results for 2022 round 17 from https://ergast.com/api/f1/2022/17/results.json...
[2025-06-04T08:30:55.914+0000] {logging_mixin.py:188} INFO - Data will be saved relative to: /opt/***/data/raw
[2025-06-04T08:30:57.110+0000] {logging_mixin.py:188} INFO - Results for round 17 of season 2022 saved to /opt/***/data/raw/2022/round_17_results.json
[2025-06-04T08:30:57.116+0000] {logging_mixin.py:188} INFO - Fetching F1 race results for 2022 round 18 from https://ergast.com/api/f1/2022/18/results.json...
[2025-06-04T08:30:57.117+0000] {logging_mixin.py:188} INFO - Data will be saved relative to: /opt/***/data/raw
[2025-06-04T08:30:57.974+0000] {logging_mixin.py:188} INFO - Results for round 18 of season 2022 saved to /opt/***/data/raw/2022/round_18_results.json
[2025-06-04T08:30:57.977+0000] {logging_mixin.py:188} INFO - Fetching F1 race results for 2022 round 19 from https://ergast.com/api/f1/2022/19/results.json...
[2025-06-04T08:30:57.978+0000] {logging_mixin.py:188} INFO - Data will be saved relative to: /opt/***/data/raw
[2025-06-04T08:30:59.290+0000] {logging_mixin.py:188} INFO - Results for round 19 of season 2022 saved to /opt/***/data/raw/2022/round_19_results.json
[2025-06-04T08:30:59.293+0000] {logging_mixin.py:188} INFO - Fetching F1 race results for 2022 round 20 from https://ergast.com/api/f1/2022/20/results.json...
[2025-06-04T08:30:59.294+0000] {logging_mixin.py:188} INFO - Data will be saved relative to: /opt/***/data/raw
[2025-06-04T08:31:00.224+0000] {logging_mixin.py:188} INFO - Results for round 20 of season 2022 saved to /opt/***/data/raw/2022/round_20_results.json
[2025-06-04T08:31:00.233+0000] {logging_mixin.py:188} INFO - Fetching F1 race results for 2022 round 21 from https://ergast.com/api/f1/2022/21/results.json...
[2025-06-04T08:31:00.237+0000] {logging_mixin.py:188} INFO - Data will be saved relative to: /opt/***/data/raw
[2025-06-04T08:31:01.247+0000] {logging_mixin.py:188} INFO - Results for round 21 of season 2022 saved to /opt/***/data/raw/2022/round_21_results.json
[2025-06-04T08:31:01.252+0000] {logging_mixin.py:188} INFO - Fetching F1 race results for 2022 round 22 from https://ergast.com/api/f1/2022/22/results.json...
[2025-06-04T08:31:01.253+0000] {logging_mixin.py:188} INFO - Data will be saved relative to: /opt/***/data/raw
[2025-06-04T08:31:02.475+0000] {logging_mixin.py:188} INFO - Results for round 22 of season 2022 saved to /opt/***/data/raw/2022/round_22_results.json
[2025-06-04T08:31:02.477+0000] {logging_mixin.py:188} INFO - Extraction des résultats de tous les rounds terminée pour l'année 2022.
[2025-06-04T08:31:02.478+0000] {python.py:237} INFO - Done. Returned value was: None
[2025-06-04T08:31:02.478+0000] {taskinstance.py:441} INFO - ::group::Post task execution logs
[2025-06-04T08:31:02.505+0000] {taskinstance.py:1206} INFO - Marking task as SUCCESS. dag_id=f1_data_extraction_pipeline, task_id=fetch_all_round_details, run_id=manual__2025-06-04T08:30:30+00:00, execution_date=20250604T083030, start_date=20250604T083035, end_date=20250604T083102
[2025-06-04T08:31:02.534+0000] {local_task_job_runner.py:240} INFO - Task exited with return code 0
[2025-06-04T08:31:02.559+0000] {taskinstance.py:3503} INFO - 1 downstream tasks scheduled from follow-on schedule check
[2025-06-04T08:31:02.560+0000] {local_task_job_runner.py:222} INFO - ::endgroup::
