[2025-06-04T09:23:40.245+0000] {local_task_job_runner.py:120} INFO - ::group::Pre task execution logs
[2025-06-04T09:23:40.260+0000] {taskinstance.py:2076} INFO - Dependencies all met for dep_context=non-requeueable deps ti=<TaskInstance: f1_data_extraction_pipeline.fetch_all_round_details manual__2025-06-04T09:23:35+00:00 [queued]>
[2025-06-04T09:23:40.263+0000] {taskinstance.py:2076} INFO - Dependencies all met for dep_context=requeueable deps ti=<TaskInstance: f1_data_extraction_pipeline.fetch_all_round_details manual__2025-06-04T09:23:35+00:00 [queued]>
[2025-06-04T09:23:40.263+0000] {taskinstance.py:2306} INFO - Starting attempt 1 of 1
[2025-06-04T09:23:40.268+0000] {taskinstance.py:2330} INFO - Executing <Task(PythonOperator): fetch_all_round_details> on 2025-06-04 09:23:35+00:00
[2025-06-04T09:23:40.272+0000] {standard_task_runner.py:90} INFO - Running: ['***', 'tasks', 'run', 'f1_data_extraction_pipeline', 'fetch_all_round_details', 'manual__2025-06-04T09:23:35+00:00', '--job-id', '4', '--raw', '--subdir', 'DAGS_FOLDER/f1_pipeline.py', '--cfg-path', '/tmp/tmpyakok9gb']
[2025-06-04T09:23:40.273+0000] {standard_task_runner.py:91} INFO - Job 4: Subtask fetch_all_round_details
[2025-06-04T09:23:40.272+0000] {logging_mixin.py:188} WARNING - /home/***/.local/lib/python3.12/site-packages/***/task/task_runner/standard_task_runner.py:61 DeprecationWarning: This process (pid=289) is multi-threaded, use of fork() may lead to deadlocks in the child.
[2025-06-04T09:23:40.274+0000] {standard_task_runner.py:63} INFO - Started process 290 to run task
[2025-06-04T09:23:40.294+0000] {task_command.py:426} INFO - Running <TaskInstance: f1_data_extraction_pipeline.fetch_all_round_details manual__2025-06-04T09:23:35+00:00 [running]> on host bbce21915965
[2025-06-04T09:23:40.406+0000] {taskinstance.py:2648} INFO - Exporting env vars: AIRFLOW_CTX_DAG_OWNER='***' AIRFLOW_CTX_DAG_ID='f1_data_extraction_pipeline' AIRFLOW_CTX_TASK_ID='fetch_all_round_details' AIRFLOW_CTX_EXECUTION_DATE='2025-06-04T09:23:35+00:00' AIRFLOW_CTX_TRY_NUMBER='1' AIRFLOW_CTX_DAG_RUN_ID='manual__2025-06-04T09:23:35+00:00'
[2025-06-04T09:23:40.407+0000] {taskinstance.py:430} INFO - ::endgroup::
[2025-06-04T09:23:40.411+0000] {logging_mixin.py:188} INFO - Chaîne XCom brute pour rounds_list: '[1, 2, 3, 4, 5, 6, 7, 8, 9, 10, 11, 12, 13, 14, 15, 16, 17, 18, 19, 20, 21, 22, 23, 24]'
[2025-06-04T09:23:40.411+0000] {logging_mixin.py:188} INFO - Extraction des résultats pour l'année 2024, rounds (liste parsée): [1, 2, 3, 4, 5, 6, 7, 8, 9, 10, 11, 12, 13, 14, 15, 16, 17, 18, 19, 20, 21, 22, 23, 24]
[2025-06-04T09:23:40.411+0000] {logging_mixin.py:188} INFO - Fetching F1 race results for 2024 round 1 from https://ergast.com/api/f1/2024/1/results.json...
[2025-06-04T09:23:40.411+0000] {logging_mixin.py:188} INFO - Data will be saved relative to: /opt/***/data/raw
[2025-06-04T09:23:41.918+0000] {logging_mixin.py:188} INFO - Results for round 1 of season 2024 saved to /opt/***/data/raw/2024/round_1_results.json
[2025-06-04T09:23:41.919+0000] {logging_mixin.py:188} INFO - Fetching F1 race results for 2024 round 2 from https://ergast.com/api/f1/2024/2/results.json...
[2025-06-04T09:23:41.920+0000] {logging_mixin.py:188} INFO - Data will be saved relative to: /opt/***/data/raw
[2025-06-04T09:23:43.050+0000] {logging_mixin.py:188} INFO - Results for round 2 of season 2024 saved to /opt/***/data/raw/2024/round_2_results.json
[2025-06-04T09:23:43.052+0000] {logging_mixin.py:188} INFO - Fetching F1 race results for 2024 round 3 from https://ergast.com/api/f1/2024/3/results.json...
[2025-06-04T09:23:43.052+0000] {logging_mixin.py:188} INFO - Data will be saved relative to: /opt/***/data/raw
[2025-06-04T09:23:44.281+0000] {logging_mixin.py:188} INFO - Results for round 3 of season 2024 saved to /opt/***/data/raw/2024/round_3_results.json
[2025-06-04T09:23:44.284+0000] {logging_mixin.py:188} INFO - Fetching F1 race results for 2024 round 4 from https://ergast.com/api/f1/2024/4/results.json...
[2025-06-04T09:23:44.285+0000] {logging_mixin.py:188} INFO - Data will be saved relative to: /opt/***/data/raw
[2025-06-04T09:23:45.673+0000] {logging_mixin.py:188} INFO - Results for round 4 of season 2024 saved to /opt/***/data/raw/2024/round_4_results.json
[2025-06-04T09:23:45.675+0000] {logging_mixin.py:188} INFO - Fetching F1 race results for 2024 round 5 from https://ergast.com/api/f1/2024/5/results.json...
[2025-06-04T09:23:45.676+0000] {logging_mixin.py:188} INFO - Data will be saved relative to: /opt/***/data/raw
[2025-06-04T09:23:46.936+0000] {logging_mixin.py:188} INFO - Results for round 5 of season 2024 saved to /opt/***/data/raw/2024/round_5_results.json
[2025-06-04T09:23:46.938+0000] {logging_mixin.py:188} INFO - Fetching F1 race results for 2024 round 6 from https://ergast.com/api/f1/2024/6/results.json...
[2025-06-04T09:23:46.939+0000] {logging_mixin.py:188} INFO - Data will be saved relative to: /opt/***/data/raw
[2025-06-04T09:23:47.882+0000] {logging_mixin.py:188} INFO - Results for round 6 of season 2024 saved to /opt/***/data/raw/2024/round_6_results.json
[2025-06-04T09:23:47.884+0000] {logging_mixin.py:188} INFO - Fetching F1 race results for 2024 round 7 from https://ergast.com/api/f1/2024/7/results.json...
[2025-06-04T09:23:47.885+0000] {logging_mixin.py:188} INFO - Data will be saved relative to: /opt/***/data/raw
[2025-06-04T09:23:48.780+0000] {logging_mixin.py:188} INFO - Results for round 7 of season 2024 saved to /opt/***/data/raw/2024/round_7_results.json
[2025-06-04T09:23:48.781+0000] {logging_mixin.py:188} INFO - Fetching F1 race results for 2024 round 8 from https://ergast.com/api/f1/2024/8/results.json...
[2025-06-04T09:23:48.782+0000] {logging_mixin.py:188} INFO - Data will be saved relative to: /opt/***/data/raw
[2025-06-04T09:23:49.664+0000] {logging_mixin.py:188} INFO - Results for round 8 of season 2024 saved to /opt/***/data/raw/2024/round_8_results.json
[2025-06-04T09:23:49.666+0000] {logging_mixin.py:188} INFO - Fetching F1 race results for 2024 round 9 from https://ergast.com/api/f1/2024/9/results.json...
[2025-06-04T09:23:49.667+0000] {logging_mixin.py:188} INFO - Data will be saved relative to: /opt/***/data/raw
[2025-06-04T09:23:50.938+0000] {logging_mixin.py:188} INFO - Results for round 9 of season 2024 saved to /opt/***/data/raw/2024/round_9_results.json
[2025-06-04T09:23:50.940+0000] {logging_mixin.py:188} INFO - Fetching F1 race results for 2024 round 10 from https://ergast.com/api/f1/2024/10/results.json...
[2025-06-04T09:23:50.941+0000] {logging_mixin.py:188} INFO - Data will be saved relative to: /opt/***/data/raw
[2025-06-04T09:23:52.249+0000] {logging_mixin.py:188} INFO - Results for round 10 of season 2024 saved to /opt/***/data/raw/2024/round_10_results.json
[2025-06-04T09:23:52.253+0000] {logging_mixin.py:188} INFO - Fetching F1 race results for 2024 round 11 from https://ergast.com/api/f1/2024/11/results.json...
[2025-06-04T09:23:52.253+0000] {logging_mixin.py:188} INFO - Data will be saved relative to: /opt/***/data/raw
[2025-06-04T09:23:53.809+0000] {logging_mixin.py:188} INFO - Results for round 11 of season 2024 saved to /opt/***/data/raw/2024/round_11_results.json
[2025-06-04T09:23:53.815+0000] {logging_mixin.py:188} INFO - Fetching F1 race results for 2024 round 12 from https://ergast.com/api/f1/2024/12/results.json...
[2025-06-04T09:23:53.816+0000] {logging_mixin.py:188} INFO - Data will be saved relative to: /opt/***/data/raw
[2025-06-04T09:23:54.712+0000] {logging_mixin.py:188} INFO - Results for round 12 of season 2024 saved to /opt/***/data/raw/2024/round_12_results.json
[2025-06-04T09:23:54.714+0000] {logging_mixin.py:188} INFO - Fetching F1 race results for 2024 round 13 from https://ergast.com/api/f1/2024/13/results.json...
[2025-06-04T09:23:54.717+0000] {logging_mixin.py:188} INFO - Data will be saved relative to: /opt/***/data/raw
[2025-06-04T09:23:55.579+0000] {logging_mixin.py:188} INFO - Results for round 13 of season 2024 saved to /opt/***/data/raw/2024/round_13_results.json
[2025-06-04T09:23:55.605+0000] {logging_mixin.py:188} INFO - Fetching F1 race results for 2024 round 14 from https://ergast.com/api/f1/2024/14/results.json...
[2025-06-04T09:23:55.609+0000] {logging_mixin.py:188} INFO - Data will be saved relative to: /opt/***/data/raw
[2025-06-04T09:23:57.287+0000] {logging_mixin.py:188} INFO - Results for round 14 of season 2024 saved to /opt/***/data/raw/2024/round_14_results.json
[2025-06-04T09:23:57.289+0000] {logging_mixin.py:188} INFO - Fetching F1 race results for 2024 round 15 from https://ergast.com/api/f1/2024/15/results.json...
[2025-06-04T09:23:57.290+0000] {logging_mixin.py:188} INFO - Data will be saved relative to: /opt/***/data/raw
[2025-06-04T09:23:58.201+0000] {logging_mixin.py:188} INFO - Results for round 15 of season 2024 saved to /opt/***/data/raw/2024/round_15_results.json
[2025-06-04T09:23:58.203+0000] {logging_mixin.py:188} INFO - Fetching F1 race results for 2024 round 16 from https://ergast.com/api/f1/2024/16/results.json...
[2025-06-04T09:23:58.203+0000] {logging_mixin.py:188} INFO - Data will be saved relative to: /opt/***/data/raw
[2025-06-04T09:23:59.755+0000] {logging_mixin.py:188} INFO - Results for round 16 of season 2024 saved to /opt/***/data/raw/2024/round_16_results.json
[2025-06-04T09:23:59.758+0000] {logging_mixin.py:188} INFO - Fetching F1 race results for 2024 round 17 from https://ergast.com/api/f1/2024/17/results.json...
[2025-06-04T09:23:59.759+0000] {logging_mixin.py:188} INFO - Data will be saved relative to: /opt/***/data/raw
[2025-06-04T09:24:02.527+0000] {logging_mixin.py:188} INFO - Results for round 17 of season 2024 saved to /opt/***/data/raw/2024/round_17_results.json
[2025-06-04T09:24:02.529+0000] {logging_mixin.py:188} INFO - Fetching F1 race results for 2024 round 18 from https://ergast.com/api/f1/2024/18/results.json...
[2025-06-04T09:24:02.530+0000] {logging_mixin.py:188} INFO - Data will be saved relative to: /opt/***/data/raw
[2025-06-04T09:24:03.839+0000] {logging_mixin.py:188} INFO - Results for round 18 of season 2024 saved to /opt/***/data/raw/2024/round_18_results.json
[2025-06-04T09:24:03.841+0000] {logging_mixin.py:188} INFO - Fetching F1 race results for 2024 round 19 from https://ergast.com/api/f1/2024/19/results.json...
[2025-06-04T09:24:03.842+0000] {logging_mixin.py:188} INFO - Data will be saved relative to: /opt/***/data/raw
[2025-06-04T09:24:04.699+0000] {logging_mixin.py:188} INFO - Results for round 19 of season 2024 saved to /opt/***/data/raw/2024/round_19_results.json
[2025-06-04T09:24:04.701+0000] {logging_mixin.py:188} INFO - Fetching F1 race results for 2024 round 20 from https://ergast.com/api/f1/2024/20/results.json...
[2025-06-04T09:24:04.702+0000] {logging_mixin.py:188} INFO - Data will be saved relative to: /opt/***/data/raw
[2025-06-04T09:24:06.194+0000] {logging_mixin.py:188} INFO - Results for round 20 of season 2024 saved to /opt/***/data/raw/2024/round_20_results.json
[2025-06-04T09:24:06.196+0000] {logging_mixin.py:188} INFO - Fetching F1 race results for 2024 round 21 from https://ergast.com/api/f1/2024/21/results.json...
[2025-06-04T09:24:06.196+0000] {logging_mixin.py:188} INFO - Data will be saved relative to: /opt/***/data/raw
[2025-06-04T09:24:07.840+0000] {logging_mixin.py:188} INFO - Results for round 21 of season 2024 saved to /opt/***/data/raw/2024/round_21_results.json
[2025-06-04T09:24:07.844+0000] {logging_mixin.py:188} INFO - Fetching F1 race results for 2024 round 22 from https://ergast.com/api/f1/2024/22/results.json...
[2025-06-04T09:24:07.844+0000] {logging_mixin.py:188} INFO - Data will be saved relative to: /opt/***/data/raw
[2025-06-04T09:24:08.979+0000] {logging_mixin.py:188} INFO - Results for round 22 of season 2024 saved to /opt/***/data/raw/2024/round_22_results.json
[2025-06-04T09:24:08.982+0000] {logging_mixin.py:188} INFO - Fetching F1 race results for 2024 round 23 from https://ergast.com/api/f1/2024/23/results.json...
[2025-06-04T09:24:08.983+0000] {logging_mixin.py:188} INFO - Data will be saved relative to: /opt/***/data/raw
[2025-06-04T09:24:10.294+0000] {logging_mixin.py:188} INFO - Results for round 23 of season 2024 saved to /opt/***/data/raw/2024/round_23_results.json
[2025-06-04T09:24:10.298+0000] {logging_mixin.py:188} INFO - Fetching F1 race results for 2024 round 24 from https://ergast.com/api/f1/2024/24/results.json...
[2025-06-04T09:24:10.301+0000] {logging_mixin.py:188} INFO - Data will be saved relative to: /opt/***/data/raw
[2025-06-04T09:24:11.978+0000] {logging_mixin.py:188} INFO - Results for round 24 of season 2024 saved to /opt/***/data/raw/2024/round_24_results.json
[2025-06-04T09:24:11.981+0000] {logging_mixin.py:188} INFO - Extraction des résultats de tous les rounds terminée pour l'année 2024.
[2025-06-04T09:24:11.982+0000] {python.py:237} INFO - Done. Returned value was: None
[2025-06-04T09:24:11.983+0000] {taskinstance.py:441} INFO - ::group::Post task execution logs
[2025-06-04T09:24:12.006+0000] {taskinstance.py:1206} INFO - Marking task as SUCCESS. dag_id=f1_data_extraction_pipeline, task_id=fetch_all_round_details, run_id=manual__2025-06-04T09:23:35+00:00, execution_date=20250604T092335, start_date=20250604T092340, end_date=20250604T092412
[2025-06-04T09:24:12.087+0000] {local_task_job_runner.py:240} INFO - Task exited with return code 0
[2025-06-04T09:24:12.310+0000] {taskinstance.py:3503} INFO - 1 downstream tasks scheduled from follow-on schedule check
[2025-06-04T09:24:12.311+0000] {local_task_job_runner.py:222} INFO - ::endgroup::
