[2025-06-04T08:38:47.856+0000] {local_task_job_runner.py:120} INFO - ::group::Pre task execution logs
[2025-06-04T08:38:47.876+0000] {taskinstance.py:2076} INFO - Dependencies all met for dep_context=non-requeueable deps ti=<TaskInstance: f1_data_extraction_pipeline.transform_all_detailed_results manual__2025-06-04T08:38:16+00:00 [queued]>
[2025-06-04T08:38:47.880+0000] {taskinstance.py:2076} INFO - Dependencies all met for dep_context=requeueable deps ti=<TaskInstance: f1_data_extraction_pipeline.transform_all_detailed_results manual__2025-06-04T08:38:16+00:00 [queued]>
[2025-06-04T08:38:47.880+0000] {taskinstance.py:2306} INFO - Starting attempt 1 of 1
[2025-06-04T08:38:47.886+0000] {taskinstance.py:2330} INFO - Executing <Task(PythonOperator): transform_all_detailed_results> on 2025-06-04 08:38:16+00:00
[2025-06-04T08:38:47.893+0000] {standard_task_runner.py:90} INFO - Running: ['***', 'tasks', 'run', 'f1_data_extraction_pipeline', 'transform_all_detailed_results', 'manual__2025-06-04T08:38:16+00:00', '--job-id', '35', '--raw', '--subdir', 'DAGS_FOLDER/f1_pipeline.py', '--cfg-path', '/tmp/tmp61w90z5g']
[2025-06-04T08:38:47.898+0000] {standard_task_runner.py:91} INFO - Job 35: Subtask transform_all_detailed_results
[2025-06-04T08:38:48.056+0000] {logging_mixin.py:188} WARNING - /home/***/.local/lib/python3.12/site-packages/***/task/task_runner/standard_task_runner.py:61 DeprecationWarning: This process (pid=378) is multi-threaded, use of fork() may lead to deadlocks in the child.
[2025-06-04T08:38:48.057+0000] {standard_task_runner.py:63} INFO - Started process 379 to run task
[2025-06-04T08:38:48.068+0000] {task_command.py:426} INFO - Running <TaskInstance: f1_data_extraction_pipeline.transform_all_detailed_results manual__2025-06-04T08:38:16+00:00 [running]> on host 431f40e8b563
[2025-06-04T08:38:48.107+0000] {taskinstance.py:2648} INFO - Exporting env vars: AIRFLOW_CTX_DAG_OWNER='***' AIRFLOW_CTX_DAG_ID='f1_data_extraction_pipeline' AIRFLOW_CTX_TASK_ID='transform_all_detailed_results' AIRFLOW_CTX_EXECUTION_DATE='2025-06-04T08:38:16+00:00' AIRFLOW_CTX_TRY_NUMBER='1' AIRFLOW_CTX_DAG_RUN_ID='manual__2025-06-04T08:38:16+00:00'
[2025-06-04T08:38:48.107+0000] {taskinstance.py:430} INFO - ::endgroup::
[2025-06-04T08:38:48.112+0000] {logging_mixin.py:188} INFO - Error: Results file not found for year 2022, round [ at /opt/***/data/raw/2022/round_[_results.json
[2025-06-04T08:38:48.114+0000] {logging_mixin.py:188} INFO - Error: Results file not found for year 2022, round , at /opt/***/data/raw/2022/round_,_results.json
[2025-06-04T08:38:48.114+0000] {logging_mixin.py:188} INFO - Error: Results file not found for year 2022, round   at /opt/***/data/raw/2022/round_ _results.json
[2025-06-04T08:38:48.114+0000] {logging_mixin.py:188} INFO - Error: Results file not found for year 2022, round , at /opt/***/data/raw/2022/round_,_results.json
[2025-06-04T08:38:48.115+0000] {logging_mixin.py:188} INFO - Error: Results file not found for year 2022, round   at /opt/***/data/raw/2022/round_ _results.json
[2025-06-04T08:38:48.115+0000] {logging_mixin.py:188} INFO - Error: Results file not found for year 2022, round , at /opt/***/data/raw/2022/round_,_results.json
[2025-06-04T08:38:48.115+0000] {logging_mixin.py:188} INFO - Error: Results file not found for year 2022, round   at /opt/***/data/raw/2022/round_ _results.json
[2025-06-04T08:38:48.116+0000] {logging_mixin.py:188} INFO - Error: Results file not found for year 2022, round , at /opt/***/data/raw/2022/round_,_results.json
[2025-06-04T08:38:48.116+0000] {logging_mixin.py:188} INFO - Error: Results file not found for year 2022, round   at /opt/***/data/raw/2022/round_ _results.json
[2025-06-04T08:38:48.116+0000] {logging_mixin.py:188} INFO - Error: Results file not found for year 2022, round , at /opt/***/data/raw/2022/round_,_results.json
[2025-06-04T08:38:48.117+0000] {logging_mixin.py:188} INFO - Error: Results file not found for year 2022, round   at /opt/***/data/raw/2022/round_ _results.json
[2025-06-04T08:38:48.117+0000] {logging_mixin.py:188} INFO - Error: Results file not found for year 2022, round , at /opt/***/data/raw/2022/round_,_results.json
[2025-06-04T08:38:48.117+0000] {logging_mixin.py:188} INFO - Error: Results file not found for year 2022, round   at /opt/***/data/raw/2022/round_ _results.json
[2025-06-04T08:38:48.118+0000] {logging_mixin.py:188} INFO - Error: Results file not found for year 2022, round , at /opt/***/data/raw/2022/round_,_results.json
[2025-06-04T08:38:48.118+0000] {logging_mixin.py:188} INFO - Error: Results file not found for year 2022, round   at /opt/***/data/raw/2022/round_ _results.json
[2025-06-04T08:38:48.118+0000] {logging_mixin.py:188} INFO - Error: Results file not found for year 2022, round , at /opt/***/data/raw/2022/round_,_results.json
[2025-06-04T08:38:48.118+0000] {logging_mixin.py:188} INFO - Error: Results file not found for year 2022, round   at /opt/***/data/raw/2022/round_ _results.json
[2025-06-04T08:38:48.119+0000] {logging_mixin.py:188} INFO - Error: Results file not found for year 2022, round , at /opt/***/data/raw/2022/round_,_results.json
[2025-06-04T08:38:48.119+0000] {logging_mixin.py:188} INFO - Error: Results file not found for year 2022, round   at /opt/***/data/raw/2022/round_ _results.json
[2025-06-04T08:38:48.119+0000] {logging_mixin.py:188} INFO - Error: Results file not found for year 2022, round 0 at /opt/***/data/raw/2022/round_0_results.json
[2025-06-04T08:38:48.120+0000] {logging_mixin.py:188} INFO - Error: Results file not found for year 2022, round , at /opt/***/data/raw/2022/round_,_results.json
[2025-06-04T08:38:48.120+0000] {logging_mixin.py:188} INFO - Error: Results file not found for year 2022, round   at /opt/***/data/raw/2022/round_ _results.json
[2025-06-04T08:38:48.120+0000] {logging_mixin.py:188} INFO - Error: Results file not found for year 2022, round , at /opt/***/data/raw/2022/round_,_results.json
[2025-06-04T08:38:48.120+0000] {logging_mixin.py:188} INFO - Error: Results file not found for year 2022, round   at /opt/***/data/raw/2022/round_ _results.json
[2025-06-04T08:38:48.121+0000] {logging_mixin.py:188} INFO - Error: Results file not found for year 2022, round , at /opt/***/data/raw/2022/round_,_results.json
[2025-06-04T08:38:48.121+0000] {logging_mixin.py:188} INFO - Error: Results file not found for year 2022, round   at /opt/***/data/raw/2022/round_ _results.json
[2025-06-04T08:38:48.122+0000] {logging_mixin.py:188} INFO - Error: Results file not found for year 2022, round , at /opt/***/data/raw/2022/round_,_results.json
[2025-06-04T08:38:48.122+0000] {logging_mixin.py:188} INFO - Error: Results file not found for year 2022, round   at /opt/***/data/raw/2022/round_ _results.json
[2025-06-04T08:38:48.123+0000] {logging_mixin.py:188} INFO - Error: Results file not found for year 2022, round , at /opt/***/data/raw/2022/round_,_results.json
[2025-06-04T08:38:48.123+0000] {logging_mixin.py:188} INFO - Error: Results file not found for year 2022, round   at /opt/***/data/raw/2022/round_ _results.json
[2025-06-04T08:38:48.123+0000] {logging_mixin.py:188} INFO - Error: Results file not found for year 2022, round , at /opt/***/data/raw/2022/round_,_results.json
[2025-06-04T08:38:48.123+0000] {logging_mixin.py:188} INFO - Error: Results file not found for year 2022, round   at /opt/***/data/raw/2022/round_ _results.json
[2025-06-04T08:38:48.124+0000] {logging_mixin.py:188} INFO - Error: Results file not found for year 2022, round , at /opt/***/data/raw/2022/round_,_results.json
[2025-06-04T08:38:48.124+0000] {logging_mixin.py:188} INFO - Error: Results file not found for year 2022, round   at /opt/***/data/raw/2022/round_ _results.json
[2025-06-04T08:38:48.125+0000] {logging_mixin.py:188} INFO - Error: Results file not found for year 2022, round , at /opt/***/data/raw/2022/round_,_results.json
[2025-06-04T08:38:48.125+0000] {logging_mixin.py:188} INFO - Error: Results file not found for year 2022, round   at /opt/***/data/raw/2022/round_ _results.json
[2025-06-04T08:38:48.126+0000] {logging_mixin.py:188} INFO - Error: Results file not found for year 2022, round , at /opt/***/data/raw/2022/round_,_results.json
[2025-06-04T08:38:48.126+0000] {logging_mixin.py:188} INFO - Error: Results file not found for year 2022, round   at /opt/***/data/raw/2022/round_ _results.json
[2025-06-04T08:38:48.126+0000] {logging_mixin.py:188} INFO - Error: Results file not found for year 2022, round , at /opt/***/data/raw/2022/round_,_results.json
[2025-06-04T08:38:48.126+0000] {logging_mixin.py:188} INFO - Error: Results file not found for year 2022, round   at /opt/***/data/raw/2022/round_ _results.json
[2025-06-04T08:38:48.127+0000] {logging_mixin.py:188} INFO - Error: Results file not found for year 2022, round 0 at /opt/***/data/raw/2022/round_0_results.json
[2025-06-04T08:38:48.127+0000] {logging_mixin.py:188} INFO - Error: Results file not found for year 2022, round , at /opt/***/data/raw/2022/round_,_results.json
[2025-06-04T08:38:48.127+0000] {logging_mixin.py:188} INFO - Error: Results file not found for year 2022, round   at /opt/***/data/raw/2022/round_ _results.json
[2025-06-04T08:38:48.128+0000] {logging_mixin.py:188} INFO - Error: Results file not found for year 2022, round , at /opt/***/data/raw/2022/round_,_results.json
[2025-06-04T08:38:48.128+0000] {logging_mixin.py:188} INFO - Error: Results file not found for year 2022, round   at /opt/***/data/raw/2022/round_ _results.json
[2025-06-04T08:38:48.128+0000] {logging_mixin.py:188} INFO - Error: Results file not found for year 2022, round ] at /opt/***/data/raw/2022/round_]_results.json
[2025-06-04T08:38:48.135+0000] {logging_mixin.py:188} INFO - Detailed results for year 2022 saved to /opt/***/data/processed/2022/detailed_results.csv.
[2025-06-04T08:38:48.136+0000] {logging_mixin.py:188} INFO - Drivers data for year 2022 saved to /opt/***/data/processed/2022/drivers.csv.
[2025-06-04T08:38:48.137+0000] {logging_mixin.py:188} INFO - Constructors data for year 2022 saved to /opt/***/data/processed/2022/constructors.csv.
[2025-06-04T08:38:48.137+0000] {python.py:237} INFO - Done. Returned value was: True
[2025-06-04T08:38:48.137+0000] {taskinstance.py:441} INFO - ::group::Post task execution logs
[2025-06-04T08:38:48.147+0000] {taskinstance.py:1206} INFO - Marking task as SUCCESS. dag_id=f1_data_extraction_pipeline, task_id=transform_all_detailed_results, run_id=manual__2025-06-04T08:38:16+00:00, execution_date=20250604T083816, start_date=20250604T083847, end_date=20250604T083848
[2025-06-04T08:38:48.157+0000] {local_task_job_runner.py:240} INFO - Task exited with return code 0
[2025-06-04T08:38:48.165+0000] {taskinstance.py:3503} INFO - 1 downstream tasks scheduled from follow-on schedule check
[2025-06-04T08:38:48.165+0000] {local_task_job_runner.py:222} INFO - ::endgroup::
