[2025-06-04T09:24:58.763+0000] {local_task_job_runner.py:120} INFO - ::group::Pre task execution logs
[2025-06-04T09:24:58.781+0000] {taskinstance.py:2076} INFO - Dependencies all met for dep_context=non-requeueable deps ti=<TaskInstance: f1_data_extraction_pipeline.transform_all_detailed_results manual__2025-06-04T09:24:23+00:00 [queued]>
[2025-06-04T09:24:58.785+0000] {taskinstance.py:2076} INFO - Dependencies all met for dep_context=requeueable deps ti=<TaskInstance: f1_data_extraction_pipeline.transform_all_detailed_results manual__2025-06-04T09:24:23+00:00 [queued]>
[2025-06-04T09:24:58.785+0000] {taskinstance.py:2306} INFO - Starting attempt 1 of 1
[2025-06-04T09:24:58.790+0000] {taskinstance.py:2330} INFO - Executing <Task(PythonOperator): transform_all_detailed_results> on 2025-06-04 09:24:23+00:00
[2025-06-04T09:24:58.795+0000] {logging_mixin.py:188} WARNING - /home/***/.local/lib/python3.12/site-packages/***/task/task_runner/standard_task_runner.py:61 DeprecationWarning: This process (pid=355) is multi-threaded, use of fork() may lead to deadlocks in the child.
[2025-06-04T09:24:58.794+0000] {standard_task_runner.py:90} INFO - Running: ['***', 'tasks', 'run', 'f1_data_extraction_pipeline', 'transform_all_detailed_results', 'manual__2025-06-04T09:24:23+00:00', '--job-id', '10', '--raw', '--subdir', 'DAGS_FOLDER/f1_pipeline.py', '--cfg-path', '/tmp/tmp4n42vtsg']
[2025-06-04T09:24:58.796+0000] {standard_task_runner.py:91} INFO - Job 10: Subtask transform_all_detailed_results
[2025-06-04T09:24:58.796+0000] {standard_task_runner.py:63} INFO - Started process 356 to run task
[2025-06-04T09:24:58.820+0000] {task_command.py:426} INFO - Running <TaskInstance: f1_data_extraction_pipeline.transform_all_detailed_results manual__2025-06-04T09:24:23+00:00 [running]> on host bbce21915965
[2025-06-04T09:24:58.953+0000] {taskinstance.py:2648} INFO - Exporting env vars: AIRFLOW_CTX_DAG_OWNER='***' AIRFLOW_CTX_DAG_ID='f1_data_extraction_pipeline' AIRFLOW_CTX_TASK_ID='transform_all_detailed_results' AIRFLOW_CTX_EXECUTION_DATE='2025-06-04T09:24:23+00:00' AIRFLOW_CTX_TRY_NUMBER='1' AIRFLOW_CTX_DAG_RUN_ID='manual__2025-06-04T09:24:23+00:00'
[2025-06-04T09:24:58.953+0000] {taskinstance.py:430} INFO - ::endgroup::
[2025-06-04T09:24:58.959+0000] {logging_mixin.py:188} INFO - Error: Results file not found for year 2023, round [ at /opt/***/data/raw/2023/round_[_results.json
[2025-06-04T09:24:58.960+0000] {logging_mixin.py:188} INFO - → Adding constructor_id = 'red_bull' from round 1
[2025-06-04T09:24:58.960+0000] {logging_mixin.py:188} INFO - → Adding constructor_id = 'aston_martin' from round 1
[2025-06-04T09:24:58.960+0000] {logging_mixin.py:188} INFO - → Adding constructor_id = 'ferrari' from round 1
[2025-06-04T09:24:58.960+0000] {logging_mixin.py:188} INFO - → Adding constructor_id = 'mercedes' from round 1
[2025-06-04T09:24:58.960+0000] {logging_mixin.py:188} INFO - → Adding constructor_id = 'alfa' from round 1
[2025-06-04T09:24:58.960+0000] {logging_mixin.py:188} INFO - → Adding constructor_id = 'alpine' from round 1
[2025-06-04T09:24:58.960+0000] {logging_mixin.py:188} INFO - → Adding constructor_id = 'williams' from round 1
[2025-06-04T09:24:58.961+0000] {logging_mixin.py:188} INFO - → Adding constructor_id = 'alphatauri' from round 1
[2025-06-04T09:24:58.961+0000] {logging_mixin.py:188} INFO - → Adding constructor_id = 'haas' from round 1
[2025-06-04T09:24:58.961+0000] {logging_mixin.py:188} INFO - → Adding constructor_id = 'mclaren' from round 1
[2025-06-04T09:24:58.961+0000] {logging_mixin.py:188} INFO - Error: Results file not found for year 2023, round , at /opt/***/data/raw/2023/round_,_results.json
[2025-06-04T09:24:58.961+0000] {logging_mixin.py:188} INFO - Error: Results file not found for year 2023, round   at /opt/***/data/raw/2023/round_ _results.json
[2025-06-04T09:24:58.962+0000] {logging_mixin.py:188} INFO - Error: Results file not found for year 2023, round , at /opt/***/data/raw/2023/round_,_results.json
[2025-06-04T09:24:58.962+0000] {logging_mixin.py:188} INFO - Error: Results file not found for year 2023, round   at /opt/***/data/raw/2023/round_ _results.json
[2025-06-04T09:24:58.962+0000] {logging_mixin.py:188} INFO - Error: Results file not found for year 2023, round , at /opt/***/data/raw/2023/round_,_results.json
[2025-06-04T09:24:58.962+0000] {logging_mixin.py:188} INFO - Error: Results file not found for year 2023, round   at /opt/***/data/raw/2023/round_ _results.json
[2025-06-04T09:24:58.963+0000] {logging_mixin.py:188} INFO - Error: Results file not found for year 2023, round , at /opt/***/data/raw/2023/round_,_results.json
[2025-06-04T09:24:58.963+0000] {logging_mixin.py:188} INFO - Error: Results file not found for year 2023, round   at /opt/***/data/raw/2023/round_ _results.json
[2025-06-04T09:24:58.963+0000] {logging_mixin.py:188} INFO - Error: Results file not found for year 2023, round , at /opt/***/data/raw/2023/round_,_results.json
[2025-06-04T09:24:58.964+0000] {logging_mixin.py:188} INFO - Error: Results file not found for year 2023, round   at /opt/***/data/raw/2023/round_ _results.json
[2025-06-04T09:24:58.964+0000] {logging_mixin.py:188} INFO - Error: Results file not found for year 2023, round , at /opt/***/data/raw/2023/round_,_results.json
[2025-06-04T09:24:58.964+0000] {logging_mixin.py:188} INFO - Error: Results file not found for year 2023, round   at /opt/***/data/raw/2023/round_ _results.json
[2025-06-04T09:24:58.965+0000] {logging_mixin.py:188} INFO - Error: Results file not found for year 2023, round , at /opt/***/data/raw/2023/round_,_results.json
[2025-06-04T09:24:58.965+0000] {logging_mixin.py:188} INFO - Error: Results file not found for year 2023, round   at /opt/***/data/raw/2023/round_ _results.json
[2025-06-04T09:24:58.965+0000] {logging_mixin.py:188} INFO - Error: Results file not found for year 2023, round , at /opt/***/data/raw/2023/round_,_results.json
[2025-06-04T09:24:58.965+0000] {logging_mixin.py:188} INFO - Error: Results file not found for year 2023, round   at /opt/***/data/raw/2023/round_ _results.json
[2025-06-04T09:24:58.966+0000] {logging_mixin.py:188} INFO - Error: Results file not found for year 2023, round , at /opt/***/data/raw/2023/round_,_results.json
[2025-06-04T09:24:58.966+0000] {logging_mixin.py:188} INFO - Error: Results file not found for year 2023, round   at /opt/***/data/raw/2023/round_ _results.json
[2025-06-04T09:24:58.966+0000] {logging_mixin.py:188} INFO - Error: Results file not found for year 2023, round 0 at /opt/***/data/raw/2023/round_0_results.json
[2025-06-04T09:24:58.966+0000] {logging_mixin.py:188} INFO - Error: Results file not found for year 2023, round , at /opt/***/data/raw/2023/round_,_results.json
[2025-06-04T09:24:58.966+0000] {logging_mixin.py:188} INFO - Error: Results file not found for year 2023, round   at /opt/***/data/raw/2023/round_ _results.json
[2025-06-04T09:24:58.967+0000] {logging_mixin.py:188} INFO - Error: Results file not found for year 2023, round , at /opt/***/data/raw/2023/round_,_results.json
[2025-06-04T09:24:58.967+0000] {logging_mixin.py:188} INFO - Error: Results file not found for year 2023, round   at /opt/***/data/raw/2023/round_ _results.json
[2025-06-04T09:24:58.968+0000] {logging_mixin.py:188} INFO - Error: Results file not found for year 2023, round , at /opt/***/data/raw/2023/round_,_results.json
[2025-06-04T09:24:58.968+0000] {logging_mixin.py:188} INFO - Error: Results file not found for year 2023, round   at /opt/***/data/raw/2023/round_ _results.json
[2025-06-04T09:24:58.969+0000] {logging_mixin.py:188} INFO - Error: Results file not found for year 2023, round , at /opt/***/data/raw/2023/round_,_results.json
[2025-06-04T09:24:58.969+0000] {logging_mixin.py:188} INFO - Error: Results file not found for year 2023, round   at /opt/***/data/raw/2023/round_ _results.json
[2025-06-04T09:24:58.969+0000] {logging_mixin.py:188} INFO - Error: Results file not found for year 2023, round , at /opt/***/data/raw/2023/round_,_results.json
[2025-06-04T09:24:58.969+0000] {logging_mixin.py:188} INFO - Error: Results file not found for year 2023, round   at /opt/***/data/raw/2023/round_ _results.json
[2025-06-04T09:24:58.970+0000] {logging_mixin.py:188} INFO - Error: Results file not found for year 2023, round , at /opt/***/data/raw/2023/round_,_results.json
[2025-06-04T09:24:58.970+0000] {logging_mixin.py:188} INFO - Error: Results file not found for year 2023, round   at /opt/***/data/raw/2023/round_ _results.json
[2025-06-04T09:24:58.971+0000] {logging_mixin.py:188} INFO - Error: Results file not found for year 2023, round , at /opt/***/data/raw/2023/round_,_results.json
[2025-06-04T09:24:58.971+0000] {logging_mixin.py:188} INFO - Error: Results file not found for year 2023, round   at /opt/***/data/raw/2023/round_ _results.json
[2025-06-04T09:24:58.972+0000] {logging_mixin.py:188} INFO - Error: Results file not found for year 2023, round , at /opt/***/data/raw/2023/round_,_results.json
[2025-06-04T09:24:58.972+0000] {logging_mixin.py:188} INFO - Error: Results file not found for year 2023, round   at /opt/***/data/raw/2023/round_ _results.json
[2025-06-04T09:24:58.972+0000] {logging_mixin.py:188} INFO - Error: Results file not found for year 2023, round , at /opt/***/data/raw/2023/round_,_results.json
[2025-06-04T09:24:58.972+0000] {logging_mixin.py:188} INFO - Error: Results file not found for year 2023, round   at /opt/***/data/raw/2023/round_ _results.json
[2025-06-04T09:24:58.973+0000] {logging_mixin.py:188} INFO - Error: Results file not found for year 2023, round , at /opt/***/data/raw/2023/round_,_results.json
[2025-06-04T09:24:58.973+0000] {logging_mixin.py:188} INFO - Error: Results file not found for year 2023, round   at /opt/***/data/raw/2023/round_ _results.json
[2025-06-04T09:24:58.974+0000] {logging_mixin.py:188} INFO - Error: Results file not found for year 2023, round 0 at /opt/***/data/raw/2023/round_0_results.json
[2025-06-04T09:24:58.974+0000] {logging_mixin.py:188} INFO - Error: Results file not found for year 2023, round , at /opt/***/data/raw/2023/round_,_results.json
[2025-06-04T09:24:58.974+0000] {logging_mixin.py:188} INFO - Error: Results file not found for year 2023, round   at /opt/***/data/raw/2023/round_ _results.json
[2025-06-04T09:24:58.974+0000] {logging_mixin.py:188} INFO - Error: Results file not found for year 2023, round , at /opt/***/data/raw/2023/round_,_results.json
[2025-06-04T09:24:58.975+0000] {logging_mixin.py:188} INFO - Error: Results file not found for year 2023, round   at /opt/***/data/raw/2023/round_ _results.json
[2025-06-04T09:24:58.975+0000] {logging_mixin.py:188} INFO - Error: Results file not found for year 2023, round ] at /opt/***/data/raw/2023/round_]_results.json
[2025-06-04T09:24:58.983+0000] {logging_mixin.py:188} INFO - Detailed results for year 2023 saved to /opt/***/data/processed/2023/detailed_results.csv.
[2025-06-04T09:24:58.984+0000] {logging_mixin.py:188} INFO - Drivers data for year 2023 saved to /opt/***/data/processed/2023/drivers.csv.
[2025-06-04T09:24:58.985+0000] {logging_mixin.py:188} INFO - Constructors data for year 2023 saved to /opt/***/data/processed/2023/constructors.csv.
[2025-06-04T09:24:58.985+0000] {python.py:237} INFO - Done. Returned value was: True
[2025-06-04T09:24:58.985+0000] {taskinstance.py:441} INFO - ::group::Post task execution logs
[2025-06-04T09:24:58.998+0000] {taskinstance.py:1206} INFO - Marking task as SUCCESS. dag_id=f1_data_extraction_pipeline, task_id=transform_all_detailed_results, run_id=manual__2025-06-04T09:24:23+00:00, execution_date=20250604T092423, start_date=20250604T092458, end_date=20250604T092458
[2025-06-04T09:24:59.026+0000] {local_task_job_runner.py:240} INFO - Task exited with return code 0
[2025-06-04T09:24:59.039+0000] {taskinstance.py:3503} INFO - 1 downstream tasks scheduled from follow-on schedule check
[2025-06-04T09:24:59.039+0000] {local_task_job_runner.py:222} INFO - ::endgroup::
