[2025-06-04T07:24:14.244+0000] {local_task_job_runner.py:120} INFO - ::group::Pre task execution logs
[2025-06-04T07:24:14.260+0000] {taskinstance.py:2076} INFO - Dependencies all met for dep_context=non-requeueable deps ti=<TaskInstance: f1_data_extraction_pipeline.transform_schedule_and_get_rounds manual__2025-06-04T07:24:11+00:00 [queued]>
[2025-06-04T07:24:14.264+0000] {taskinstance.py:2076} INFO - Dependencies all met for dep_context=requeueable deps ti=<TaskInstance: f1_data_extraction_pipeline.transform_schedule_and_get_rounds manual__2025-06-04T07:24:11+00:00 [queued]>
[2025-06-04T07:24:14.264+0000] {taskinstance.py:2306} INFO - Starting attempt 1 of 1
[2025-06-04T07:24:14.269+0000] {taskinstance.py:2330} INFO - Executing <Task(PythonOperator): transform_schedule_and_get_rounds> on 2025-06-04 07:24:11+00:00
[2025-06-04T07:24:14.273+0000] {standard_task_runner.py:90} INFO - Running: ['***', 'tasks', 'run', 'f1_data_extraction_pipeline', 'transform_schedule_and_get_rounds', 'manual__2025-06-04T07:24:11+00:00', '--job-id', '8', '--raw', '--subdir', 'DAGS_FOLDER/f1_pipeline.py', '--cfg-path', '/tmp/tmptb_xxvg9']
[2025-06-04T07:24:14.275+0000] {standard_task_runner.py:91} INFO - Job 8: Subtask transform_schedule_and_get_rounds
[2025-06-04T07:24:14.275+0000] {logging_mixin.py:188} WARNING - /home/***/.local/lib/python3.12/site-packages/***/task/task_runner/standard_task_runner.py:61 DeprecationWarning: This process (pid=368) is multi-threaded, use of fork() may lead to deadlocks in the child.
[2025-06-04T07:24:14.276+0000] {standard_task_runner.py:63} INFO - Started process 369 to run task
[2025-06-04T07:24:14.386+0000] {task_command.py:426} INFO - Running <TaskInstance: f1_data_extraction_pipeline.transform_schedule_and_get_rounds manual__2025-06-04T07:24:11+00:00 [running]> on host 557762b88ad0
[2025-06-04T07:24:14.419+0000] {taskinstance.py:2648} INFO - Exporting env vars: AIRFLOW_CTX_DAG_OWNER='***' AIRFLOW_CTX_DAG_ID='f1_data_extraction_pipeline' AIRFLOW_CTX_TASK_ID='transform_schedule_and_get_rounds' AIRFLOW_CTX_EXECUTION_DATE='2025-06-04T07:24:11+00:00' AIRFLOW_CTX_TRY_NUMBER='1' AIRFLOW_CTX_DAG_RUN_ID='manual__2025-06-04T07:24:11+00:00'
[2025-06-04T07:24:14.419+0000] {taskinstance.py:430} INFO - ::endgroup::
[2025-06-04T07:24:14.424+0000] {logging_mixin.py:188} INFO - Starting transformation for year 2024 from /opt/***/data/raw/2024/season_data.json
[2025-06-04T07:24:14.428+0000] {logging_mixin.py:188} INFO - Races for year 2024 saved to /opt/***/data/processed/2024/races_schedule.csv.
[2025-06-04T07:24:14.428+0000] {python.py:237} INFO - Done. Returned value was: [1, 2, 3, 4, 5, 6, 7, 8, 9, 10, 11, 12, 13, 14, 15, 16, 17, 18, 19, 20, 21, 22, 23, 24]
[2025-06-04T07:24:14.428+0000] {taskinstance.py:441} INFO - ::group::Post task execution logs
[2025-06-04T07:24:14.439+0000] {taskinstance.py:1206} INFO - Marking task as SUCCESS. dag_id=f1_data_extraction_pipeline, task_id=transform_schedule_and_get_rounds, run_id=manual__2025-06-04T07:24:11+00:00, execution_date=20250604T072411, start_date=20250604T072414, end_date=20250604T072414
[2025-06-04T07:24:14.465+0000] {local_task_job_runner.py:240} INFO - Task exited with return code 0
[2025-06-04T07:24:14.558+0000] {taskinstance.py:3503} INFO - 1 downstream tasks scheduled from follow-on schedule check
[2025-06-04T07:24:14.559+0000] {local_task_job_runner.py:222} INFO - ::endgroup::
