[2025-06-03T16:51:41.216+0000] {local_task_job_runner.py:120} INFO - ::group::Pre task execution logs
[2025-06-03T16:51:41.230+0000] {taskinstance.py:2076} INFO - Dependencies all met for dep_context=non-requeueable deps ti=<TaskInstance: f1_data_extraction_pipeline.transform_season_results manual__2025-06-03T16:51:32+00:00 [queued]>
[2025-06-03T16:51:41.233+0000] {taskinstance.py:2076} INFO - Dependencies all met for dep_context=requeueable deps ti=<TaskInstance: f1_data_extraction_pipeline.transform_season_results manual__2025-06-03T16:51:32+00:00 [queued]>
[2025-06-03T16:51:41.233+0000] {taskinstance.py:2306} INFO - Starting attempt 1 of 1
[2025-06-03T16:51:41.237+0000] {taskinstance.py:2330} INFO - Executing <Task(PythonOperator): transform_season_results> on 2025-06-03 16:51:32+00:00
[2025-06-03T16:51:41.242+0000] {logging_mixin.py:188} WARNING - /home/***/.local/lib/python3.12/site-packages/***/task/task_runner/standard_task_runner.py:61 DeprecationWarning: This process (pid=197) is multi-threaded, use of fork() may lead to deadlocks in the child.
[2025-06-03T16:51:41.241+0000] {standard_task_runner.py:90} INFO - Running: ['***', 'tasks', 'run', 'f1_data_extraction_pipeline', 'transform_season_results', 'manual__2025-06-03T16:51:32+00:00', '--job-id', '20', '--raw', '--subdir', 'DAGS_FOLDER/f1_pipeline.py', '--cfg-path', '/tmp/tmpzd47jn1y']
[2025-06-03T16:51:41.243+0000] {standard_task_runner.py:91} INFO - Job 20: Subtask transform_season_results
[2025-06-03T16:51:41.243+0000] {standard_task_runner.py:63} INFO - Started process 198 to run task
[2025-06-03T16:51:41.263+0000] {task_command.py:426} INFO - Running <TaskInstance: f1_data_extraction_pipeline.transform_season_results manual__2025-06-03T16:51:32+00:00 [running]> on host f31bb3fa218c
[2025-06-03T16:51:41.380+0000] {taskinstance.py:2648} INFO - Exporting env vars: AIRFLOW_CTX_DAG_OWNER='***' AIRFLOW_CTX_DAG_ID='f1_data_extraction_pipeline' AIRFLOW_CTX_TASK_ID='transform_season_results' AIRFLOW_CTX_EXECUTION_DATE='2025-06-03T16:51:32+00:00' AIRFLOW_CTX_TRY_NUMBER='1' AIRFLOW_CTX_DAG_RUN_ID='manual__2025-06-03T16:51:32+00:00'
[2025-06-03T16:51:41.381+0000] {taskinstance.py:430} INFO - ::endgroup::
[2025-06-03T16:51:41.385+0000] {logging_mixin.py:188} INFO - Starting transformation for year 2024 from /opt/***/data/raw/2024/season_data.json
[2025-06-03T16:51:41.397+0000] {logging_mixin.py:188} INFO - Races for year 2024 saved to /opt/***/data/processed/2024/races_schedule.csv.
[2025-06-03T16:51:41.397+0000] {python.py:237} INFO - Done. Returned value was: True
[2025-06-03T16:51:41.398+0000] {taskinstance.py:441} INFO - ::group::Post task execution logs
[2025-06-03T16:51:41.407+0000] {taskinstance.py:1206} INFO - Marking task as SUCCESS. dag_id=f1_data_extraction_pipeline, task_id=transform_season_results, run_id=manual__2025-06-03T16:51:32+00:00, execution_date=20250603T165132, start_date=20250603T165141, end_date=20250603T165141
[2025-06-03T16:51:41.432+0000] {local_task_job_runner.py:240} INFO - Task exited with return code 0
[2025-06-03T16:51:41.441+0000] {taskinstance.py:3503} INFO - 0 downstream tasks scheduled from follow-on schedule check
[2025-06-03T16:51:41.441+0000] {local_task_job_runner.py:222} INFO - ::endgroup::
