[2025-06-04T09:35:21.163+0000] {local_task_job_runner.py:120} INFO - ::group::Pre task execution logs
[2025-06-04T09:35:21.177+0000] {taskinstance.py:2076} INFO - Dependencies all met for dep_context=non-requeueable deps ti=<TaskInstance: f1_data_extraction_pipeline.load_data_to_postgres manual__2025-06-04T09:34:41+00:00 [queued]>
[2025-06-04T09:35:21.180+0000] {taskinstance.py:2076} INFO - Dependencies all met for dep_context=requeueable deps ti=<TaskInstance: f1_data_extraction_pipeline.load_data_to_postgres manual__2025-06-04T09:34:41+00:00 [queued]>
[2025-06-04T09:35:21.180+0000] {taskinstance.py:2306} INFO - Starting attempt 1 of 1
[2025-06-04T09:35:21.185+0000] {taskinstance.py:2330} INFO - Executing <Task(PythonOperator): load_data_to_postgres> on 2025-06-04 09:34:41+00:00
[2025-06-04T09:35:21.191+0000] {logging_mixin.py:188} WARNING - /home/***/.local/lib/python3.12/site-packages/***/task/task_runner/standard_task_runner.py:61 DeprecationWarning: This process (pid=739) is multi-threaded, use of fork() may lead to deadlocks in the child.
[2025-06-04T09:35:21.190+0000] {standard_task_runner.py:90} INFO - Running: ['***', 'tasks', 'run', 'f1_data_extraction_pipeline', 'load_data_to_postgres', 'manual__2025-06-04T09:34:41+00:00', '--job-id', '26', '--raw', '--subdir', 'DAGS_FOLDER/f1_pipeline.py', '--cfg-path', '/tmp/tmp20nfwenn']
[2025-06-04T09:35:21.191+0000] {standard_task_runner.py:91} INFO - Job 26: Subtask load_data_to_postgres
[2025-06-04T09:35:21.191+0000] {standard_task_runner.py:63} INFO - Started process 740 to run task
[2025-06-04T09:35:21.213+0000] {task_command.py:426} INFO - Running <TaskInstance: f1_data_extraction_pipeline.load_data_to_postgres manual__2025-06-04T09:34:41+00:00 [running]> on host bbce21915965
[2025-06-04T09:35:21.327+0000] {taskinstance.py:2648} INFO - Exporting env vars: AIRFLOW_CTX_DAG_OWNER='***' AIRFLOW_CTX_DAG_ID='f1_data_extraction_pipeline' AIRFLOW_CTX_TASK_ID='load_data_to_postgres' AIRFLOW_CTX_EXECUTION_DATE='2025-06-04T09:34:41+00:00' AIRFLOW_CTX_TRY_NUMBER='1' AIRFLOW_CTX_DAG_RUN_ID='manual__2025-06-04T09:34:41+00:00'
[2025-06-04T09:35:21.327+0000] {taskinstance.py:430} INFO - ::endgroup::
[2025-06-04T09:35:21.339+0000] {logging_mixin.py:188} INFO - ✔️  Upsert terminé pour circuits_info.csv → circuits
[2025-06-04T09:35:21.342+0000] {logging_mixin.py:188} INFO - ✔️  Upsert terminé pour races_schedule.csv → races
[2025-06-04T09:35:21.345+0000] {logging_mixin.py:188} INFO - ✔️  Upsert terminé pour drivers.csv → drivers
[2025-06-04T09:35:21.346+0000] {logging_mixin.py:188} INFO - ✔️  Upsert terminé pour constructors.csv → constructors
[2025-06-04T09:35:21.368+0000] {logging_mixin.py:188} INFO - ✔️  Upsert terminé pour detailed_results.csv → results
[2025-06-04T09:35:21.371+0000] {logging_mixin.py:188} INFO - 
🎉 Chargement terminé pour la saison 2022.
[2025-06-04T09:35:21.371+0000] {logging_mixin.py:188} INFO - ✅ Chargement des données dans Postgres terminé pour la saison 2022.
[2025-06-04T09:35:21.371+0000] {python.py:237} INFO - Done. Returned value was: None
[2025-06-04T09:35:21.371+0000] {taskinstance.py:441} INFO - ::group::Post task execution logs
[2025-06-04T09:35:21.376+0000] {taskinstance.py:1206} INFO - Marking task as SUCCESS. dag_id=f1_data_extraction_pipeline, task_id=load_data_to_postgres, run_id=manual__2025-06-04T09:34:41+00:00, execution_date=20250604T093441, start_date=20250604T093521, end_date=20250604T093521
[2025-06-04T09:35:21.420+0000] {local_task_job_runner.py:240} INFO - Task exited with return code 0
[2025-06-04T09:35:21.430+0000] {taskinstance.py:3503} INFO - 0 downstream tasks scheduled from follow-on schedule check
[2025-06-04T09:35:21.430+0000] {local_task_job_runner.py:222} INFO - ::endgroup::
