[2025-06-04T09:24:28.496+0000] {local_task_job_runner.py:120} INFO - ::group::Pre task execution logs
[2025-06-04T09:24:28.509+0000] {taskinstance.py:2076} INFO - Dependencies all met for dep_context=non-requeueable deps ti=<TaskInstance: f1_data_extraction_pipeline.fetch_all_round_details manual__2025-06-04T09:24:23+00:00 [queued]>
[2025-06-04T09:24:28.512+0000] {taskinstance.py:2076} INFO - Dependencies all met for dep_context=requeueable deps ti=<TaskInstance: f1_data_extraction_pipeline.fetch_all_round_details manual__2025-06-04T09:24:23+00:00 [queued]>
[2025-06-04T09:24:28.513+0000] {taskinstance.py:2306} INFO - Starting attempt 1 of 1
[2025-06-04T09:24:28.517+0000] {taskinstance.py:2330} INFO - Executing <Task(PythonOperator): fetch_all_round_details> on 2025-06-04 09:24:23+00:00
[2025-06-04T09:24:28.522+0000] {logging_mixin.py:188} WARNING - /home/***/.local/lib/python3.12/site-packages/***/task/task_runner/standard_task_runner.py:61 DeprecationWarning: This process (pid=335) is multi-threaded, use of fork() may lead to deadlocks in the child.
[2025-06-04T09:24:28.523+0000] {standard_task_runner.py:63} INFO - Started process 336 to run task
[2025-06-04T09:24:28.521+0000] {standard_task_runner.py:90} INFO - Running: ['***', 'tasks', 'run', 'f1_data_extraction_pipeline', 'fetch_all_round_details', 'manual__2025-06-04T09:24:23+00:00', '--job-id', '9', '--raw', '--subdir', 'DAGS_FOLDER/f1_pipeline.py', '--cfg-path', '/tmp/tmpi43tog97']
[2025-06-04T09:24:28.523+0000] {standard_task_runner.py:91} INFO - Job 9: Subtask fetch_all_round_details
[2025-06-04T09:24:28.547+0000] {task_command.py:426} INFO - Running <TaskInstance: f1_data_extraction_pipeline.fetch_all_round_details manual__2025-06-04T09:24:23+00:00 [running]> on host bbce21915965
[2025-06-04T09:24:28.666+0000] {taskinstance.py:2648} INFO - Exporting env vars: AIRFLOW_CTX_DAG_OWNER='***' AIRFLOW_CTX_DAG_ID='f1_data_extraction_pipeline' AIRFLOW_CTX_TASK_ID='fetch_all_round_details' AIRFLOW_CTX_EXECUTION_DATE='2025-06-04T09:24:23+00:00' AIRFLOW_CTX_TRY_NUMBER='1' AIRFLOW_CTX_DAG_RUN_ID='manual__2025-06-04T09:24:23+00:00'
[2025-06-04T09:24:28.666+0000] {taskinstance.py:430} INFO - ::endgroup::
[2025-06-04T09:24:28.671+0000] {logging_mixin.py:188} INFO - Chaîne XCom brute pour rounds_list: '[1, 2, 3, 4, 5, 6, 7, 8, 9, 10, 11, 12, 13, 14, 15, 16, 17, 18, 19, 20, 21, 22]'
[2025-06-04T09:24:28.671+0000] {logging_mixin.py:188} INFO - Extraction des résultats pour l'année 2023, rounds (liste parsée): [1, 2, 3, 4, 5, 6, 7, 8, 9, 10, 11, 12, 13, 14, 15, 16, 17, 18, 19, 20, 21, 22]
[2025-06-04T09:24:28.671+0000] {logging_mixin.py:188} INFO - Fetching F1 race results for 2023 round 1 from https://ergast.com/api/f1/2023/1/results.json...
[2025-06-04T09:24:28.671+0000] {logging_mixin.py:188} INFO - Data will be saved relative to: /opt/***/data/raw
[2025-06-04T09:24:29.534+0000] {logging_mixin.py:188} INFO - Results for round 1 of season 2023 saved to /opt/***/data/raw/2023/round_1_results.json
[2025-06-04T09:24:29.536+0000] {logging_mixin.py:188} INFO - Fetching F1 race results for 2023 round 2 from https://ergast.com/api/f1/2023/2/results.json...
[2025-06-04T09:24:29.536+0000] {logging_mixin.py:188} INFO - Data will be saved relative to: /opt/***/data/raw
[2025-06-04T09:24:31.077+0000] {logging_mixin.py:188} INFO - Results for round 2 of season 2023 saved to /opt/***/data/raw/2023/round_2_results.json
[2025-06-04T09:24:31.080+0000] {logging_mixin.py:188} INFO - Fetching F1 race results for 2023 round 3 from https://ergast.com/api/f1/2023/3/results.json...
[2025-06-04T09:24:31.081+0000] {logging_mixin.py:188} INFO - Data will be saved relative to: /opt/***/data/raw
[2025-06-04T09:24:32.315+0000] {logging_mixin.py:188} INFO - Results for round 3 of season 2023 saved to /opt/***/data/raw/2023/round_3_results.json
[2025-06-04T09:24:32.316+0000] {logging_mixin.py:188} INFO - Fetching F1 race results for 2023 round 4 from https://ergast.com/api/f1/2023/4/results.json...
[2025-06-04T09:24:32.316+0000] {logging_mixin.py:188} INFO - Data will be saved relative to: /opt/***/data/raw
[2025-06-04T09:24:33.148+0000] {logging_mixin.py:188} INFO - Results for round 4 of season 2023 saved to /opt/***/data/raw/2023/round_4_results.json
[2025-06-04T09:24:33.150+0000] {logging_mixin.py:188} INFO - Fetching F1 race results for 2023 round 5 from https://ergast.com/api/f1/2023/5/results.json...
[2025-06-04T09:24:33.150+0000] {logging_mixin.py:188} INFO - Data will be saved relative to: /opt/***/data/raw
[2025-06-04T09:24:34.885+0000] {logging_mixin.py:188} INFO - Results for round 5 of season 2023 saved to /opt/***/data/raw/2023/round_5_results.json
[2025-06-04T09:24:34.887+0000] {logging_mixin.py:188} INFO - Fetching F1 race results for 2023 round 6 from https://ergast.com/api/f1/2023/6/results.json...
[2025-06-04T09:24:34.888+0000] {logging_mixin.py:188} INFO - Data will be saved relative to: /opt/***/data/raw
[2025-06-04T09:24:36.855+0000] {logging_mixin.py:188} INFO - Results for round 6 of season 2023 saved to /opt/***/data/raw/2023/round_6_results.json
[2025-06-04T09:24:36.858+0000] {logging_mixin.py:188} INFO - Fetching F1 race results for 2023 round 7 from https://ergast.com/api/f1/2023/7/results.json...
[2025-06-04T09:24:36.858+0000] {logging_mixin.py:188} INFO - Data will be saved relative to: /opt/***/data/raw
[2025-06-04T09:24:38.665+0000] {logging_mixin.py:188} INFO - Results for round 7 of season 2023 saved to /opt/***/data/raw/2023/round_7_results.json
[2025-06-04T09:24:38.689+0000] {logging_mixin.py:188} INFO - Fetching F1 race results for 2023 round 8 from https://ergast.com/api/f1/2023/8/results.json...
[2025-06-04T09:24:38.690+0000] {logging_mixin.py:188} INFO - Data will be saved relative to: /opt/***/data/raw
[2025-06-04T09:24:40.175+0000] {logging_mixin.py:188} INFO - Results for round 8 of season 2023 saved to /opt/***/data/raw/2023/round_8_results.json
[2025-06-04T09:24:40.179+0000] {logging_mixin.py:188} INFO - Fetching F1 race results for 2023 round 9 from https://ergast.com/api/f1/2023/9/results.json...
[2025-06-04T09:24:40.180+0000] {logging_mixin.py:188} INFO - Data will be saved relative to: /opt/***/data/raw
[2025-06-04T09:24:42.025+0000] {logging_mixin.py:188} INFO - Results for round 9 of season 2023 saved to /opt/***/data/raw/2023/round_9_results.json
[2025-06-04T09:24:42.046+0000] {logging_mixin.py:188} INFO - Fetching F1 race results for 2023 round 10 from https://ergast.com/api/f1/2023/10/results.json...
[2025-06-04T09:24:42.048+0000] {logging_mixin.py:188} INFO - Data will be saved relative to: /opt/***/data/raw
[2025-06-04T09:24:42.992+0000] {logging_mixin.py:188} INFO - Results for round 10 of season 2023 saved to /opt/***/data/raw/2023/round_10_results.json
[2025-06-04T09:24:42.995+0000] {logging_mixin.py:188} INFO - Fetching F1 race results for 2023 round 11 from https://ergast.com/api/f1/2023/11/results.json...
[2025-06-04T09:24:42.995+0000] {logging_mixin.py:188} INFO - Data will be saved relative to: /opt/***/data/raw
[2025-06-04T09:24:44.676+0000] {logging_mixin.py:188} INFO - Results for round 11 of season 2023 saved to /opt/***/data/raw/2023/round_11_results.json
[2025-06-04T09:24:44.678+0000] {logging_mixin.py:188} INFO - Fetching F1 race results for 2023 round 12 from https://ergast.com/api/f1/2023/12/results.json...
[2025-06-04T09:24:44.679+0000] {logging_mixin.py:188} INFO - Data will be saved relative to: /opt/***/data/raw
[2025-06-04T09:24:45.621+0000] {logging_mixin.py:188} INFO - Results for round 12 of season 2023 saved to /opt/***/data/raw/2023/round_12_results.json
[2025-06-04T09:24:45.623+0000] {logging_mixin.py:188} INFO - Fetching F1 race results for 2023 round 13 from https://ergast.com/api/f1/2023/13/results.json...
[2025-06-04T09:24:45.624+0000] {logging_mixin.py:188} INFO - Data will be saved relative to: /opt/***/data/raw
[2025-06-04T09:24:47.255+0000] {logging_mixin.py:188} INFO - Results for round 13 of season 2023 saved to /opt/***/data/raw/2023/round_13_results.json
[2025-06-04T09:24:47.258+0000] {logging_mixin.py:188} INFO - Fetching F1 race results for 2023 round 14 from https://ergast.com/api/f1/2023/14/results.json...
[2025-06-04T09:24:47.259+0000] {logging_mixin.py:188} INFO - Data will be saved relative to: /opt/***/data/raw
[2025-06-04T09:24:48.395+0000] {logging_mixin.py:188} INFO - Results for round 14 of season 2023 saved to /opt/***/data/raw/2023/round_14_results.json
[2025-06-04T09:24:48.398+0000] {logging_mixin.py:188} INFO - Fetching F1 race results for 2023 round 15 from https://ergast.com/api/f1/2023/15/results.json...
[2025-06-04T09:24:48.399+0000] {logging_mixin.py:188} INFO - Data will be saved relative to: /opt/***/data/raw
[2025-06-04T09:24:49.516+0000] {logging_mixin.py:188} INFO - Results for round 15 of season 2023 saved to /opt/***/data/raw/2023/round_15_results.json
[2025-06-04T09:24:49.518+0000] {logging_mixin.py:188} INFO - Fetching F1 race results for 2023 round 16 from https://ergast.com/api/f1/2023/16/results.json...
[2025-06-04T09:24:49.518+0000] {logging_mixin.py:188} INFO - Data will be saved relative to: /opt/***/data/raw
[2025-06-04T09:24:50.733+0000] {logging_mixin.py:188} INFO - Results for round 16 of season 2023 saved to /opt/***/data/raw/2023/round_16_results.json
[2025-06-04T09:24:50.734+0000] {logging_mixin.py:188} INFO - Fetching F1 race results for 2023 round 17 from https://ergast.com/api/f1/2023/17/results.json...
[2025-06-04T09:24:50.734+0000] {logging_mixin.py:188} INFO - Data will be saved relative to: /opt/***/data/raw
[2025-06-04T09:24:51.860+0000] {logging_mixin.py:188} INFO - Results for round 17 of season 2023 saved to /opt/***/data/raw/2023/round_17_results.json
[2025-06-04T09:24:51.861+0000] {logging_mixin.py:188} INFO - Fetching F1 race results for 2023 round 18 from https://ergast.com/api/f1/2023/18/results.json...
[2025-06-04T09:24:51.862+0000] {logging_mixin.py:188} INFO - Data will be saved relative to: /opt/***/data/raw
[2025-06-04T09:24:53.059+0000] {logging_mixin.py:188} INFO - Results for round 18 of season 2023 saved to /opt/***/data/raw/2023/round_18_results.json
[2025-06-04T09:24:53.065+0000] {logging_mixin.py:188} INFO - Fetching F1 race results for 2023 round 19 from https://ergast.com/api/f1/2023/19/results.json...
[2025-06-04T09:24:53.065+0000] {logging_mixin.py:188} INFO - Data will be saved relative to: /opt/***/data/raw
[2025-06-04T09:24:54.016+0000] {logging_mixin.py:188} INFO - Results for round 19 of season 2023 saved to /opt/***/data/raw/2023/round_19_results.json
[2025-06-04T09:24:54.019+0000] {logging_mixin.py:188} INFO - Fetching F1 race results for 2023 round 20 from https://ergast.com/api/f1/2023/20/results.json...
[2025-06-04T09:24:54.020+0000] {logging_mixin.py:188} INFO - Data will be saved relative to: /opt/***/data/raw
[2025-06-04T09:24:55.675+0000] {logging_mixin.py:188} INFO - Results for round 20 of season 2023 saved to /opt/***/data/raw/2023/round_20_results.json
[2025-06-04T09:24:55.682+0000] {logging_mixin.py:188} INFO - Fetching F1 race results for 2023 round 21 from https://ergast.com/api/f1/2023/21/results.json...
[2025-06-04T09:24:55.684+0000] {logging_mixin.py:188} INFO - Data will be saved relative to: /opt/***/data/raw
[2025-06-04T09:24:56.626+0000] {logging_mixin.py:188} INFO - Results for round 21 of season 2023 saved to /opt/***/data/raw/2023/round_21_results.json
[2025-06-04T09:24:56.643+0000] {logging_mixin.py:188} INFO - Fetching F1 race results for 2023 round 22 from https://ergast.com/api/f1/2023/22/results.json...
[2025-06-04T09:24:56.645+0000] {logging_mixin.py:188} INFO - Data will be saved relative to: /opt/***/data/raw
[2025-06-04T09:24:57.557+0000] {logging_mixin.py:188} INFO - Results for round 22 of season 2023 saved to /opt/***/data/raw/2023/round_22_results.json
[2025-06-04T09:24:57.578+0000] {logging_mixin.py:188} INFO - Extraction des résultats de tous les rounds terminée pour l'année 2023.
[2025-06-04T09:24:57.583+0000] {python.py:237} INFO - Done. Returned value was: None
[2025-06-04T09:24:57.588+0000] {taskinstance.py:441} INFO - ::group::Post task execution logs
[2025-06-04T09:24:57.638+0000] {taskinstance.py:1206} INFO - Marking task as SUCCESS. dag_id=f1_data_extraction_pipeline, task_id=fetch_all_round_details, run_id=manual__2025-06-04T09:24:23+00:00, execution_date=20250604T092423, start_date=20250604T092428, end_date=20250604T092457
[2025-06-04T09:24:57.685+0000] {local_task_job_runner.py:240} INFO - Task exited with return code 0
[2025-06-04T09:24:57.915+0000] {taskinstance.py:3503} INFO - 1 downstream tasks scheduled from follow-on schedule check
[2025-06-04T09:24:57.916+0000] {local_task_job_runner.py:222} INFO - ::endgroup::
