[2025-06-04T07:44:59.108+0000] {local_task_job_runner.py:120} INFO - ::group::Pre task execution logs
[2025-06-04T07:44:59.130+0000] {taskinstance.py:2076} INFO - Dependencies all met for dep_context=non-requeueable deps ti=<TaskInstance: f1_data_extraction_pipeline.transform_all_detailed_results manual__2025-06-04T07:44:24+00:00 [queued]>
[2025-06-04T07:44:59.134+0000] {taskinstance.py:2076} INFO - Dependencies all met for dep_context=requeueable deps ti=<TaskInstance: f1_data_extraction_pipeline.transform_all_detailed_results manual__2025-06-04T07:44:24+00:00 [queued]>
[2025-06-04T07:44:59.134+0000] {taskinstance.py:2306} INFO - Starting attempt 1 of 1
[2025-06-04T07:44:59.140+0000] {taskinstance.py:2330} INFO - Executing <Task(PythonOperator): transform_all_detailed_results> on 2025-06-04 07:44:24+00:00
[2025-06-04T07:44:59.144+0000] {standard_task_runner.py:90} INFO - Running: ['***', 'tasks', 'run', 'f1_data_extraction_pipeline', 'transform_all_detailed_results', 'manual__2025-06-04T07:44:24+00:00', '--job-id', '21', '--raw', '--subdir', 'DAGS_FOLDER/f1_pipeline.py', '--cfg-path', '/tmp/tmpjmrer81s']
[2025-06-04T07:44:59.150+0000] {standard_task_runner.py:91} INFO - Job 21: Subtask transform_all_detailed_results
[2025-06-04T07:44:59.315+0000] {logging_mixin.py:188} WARNING - /home/***/.local/lib/python3.12/site-packages/***/task/task_runner/standard_task_runner.py:61 DeprecationWarning: This process (pid=527) is multi-threaded, use of fork() may lead to deadlocks in the child.
[2025-06-04T07:44:59.315+0000] {standard_task_runner.py:63} INFO - Started process 528 to run task
[2025-06-04T07:44:59.326+0000] {task_command.py:426} INFO - Running <TaskInstance: f1_data_extraction_pipeline.transform_all_detailed_results manual__2025-06-04T07:44:24+00:00 [running]> on host b959d05d9e8c
[2025-06-04T07:44:59.365+0000] {taskinstance.py:2648} INFO - Exporting env vars: AIRFLOW_CTX_DAG_OWNER='***' AIRFLOW_CTX_DAG_ID='f1_data_extraction_pipeline' AIRFLOW_CTX_TASK_ID='transform_all_detailed_results' AIRFLOW_CTX_EXECUTION_DATE='2025-06-04T07:44:24+00:00' AIRFLOW_CTX_TRY_NUMBER='1' AIRFLOW_CTX_DAG_RUN_ID='manual__2025-06-04T07:44:24+00:00'
[2025-06-04T07:44:59.365+0000] {taskinstance.py:430} INFO - ::endgroup::
[2025-06-04T07:44:59.371+0000] {logging_mixin.py:188} INFO - Error: Results file not found for year 2024, round [ at /opt/***/data/raw/2024/round_[_results.json
[2025-06-04T07:44:59.372+0000] {logging_mixin.py:188} INFO - Error: Results file not found for year 2024, round , at /opt/***/data/raw/2024/round_,_results.json
[2025-06-04T07:44:59.372+0000] {logging_mixin.py:188} INFO - Error: Results file not found for year 2024, round   at /opt/***/data/raw/2024/round_ _results.json
[2025-06-04T07:44:59.373+0000] {logging_mixin.py:188} INFO - Error: Results file not found for year 2024, round , at /opt/***/data/raw/2024/round_,_results.json
[2025-06-04T07:44:59.373+0000] {logging_mixin.py:188} INFO - Error: Results file not found for year 2024, round   at /opt/***/data/raw/2024/round_ _results.json
[2025-06-04T07:44:59.374+0000] {logging_mixin.py:188} INFO - Error: Results file not found for year 2024, round , at /opt/***/data/raw/2024/round_,_results.json
[2025-06-04T07:44:59.374+0000] {logging_mixin.py:188} INFO - Error: Results file not found for year 2024, round   at /opt/***/data/raw/2024/round_ _results.json
[2025-06-04T07:44:59.374+0000] {logging_mixin.py:188} INFO - Error: Results file not found for year 2024, round , at /opt/***/data/raw/2024/round_,_results.json
[2025-06-04T07:44:59.374+0000] {logging_mixin.py:188} INFO - Error: Results file not found for year 2024, round   at /opt/***/data/raw/2024/round_ _results.json
[2025-06-04T07:44:59.375+0000] {logging_mixin.py:188} INFO - Error: Results file not found for year 2024, round , at /opt/***/data/raw/2024/round_,_results.json
[2025-06-04T07:44:59.375+0000] {logging_mixin.py:188} INFO - Error: Results file not found for year 2024, round   at /opt/***/data/raw/2024/round_ _results.json
[2025-06-04T07:44:59.375+0000] {logging_mixin.py:188} INFO - Error: Results file not found for year 2024, round , at /opt/***/data/raw/2024/round_,_results.json
[2025-06-04T07:44:59.376+0000] {logging_mixin.py:188} INFO - Error: Results file not found for year 2024, round   at /opt/***/data/raw/2024/round_ _results.json
[2025-06-04T07:44:59.376+0000] {logging_mixin.py:188} INFO - Error: Results file not found for year 2024, round , at /opt/***/data/raw/2024/round_,_results.json
[2025-06-04T07:44:59.376+0000] {logging_mixin.py:188} INFO - Error: Results file not found for year 2024, round   at /opt/***/data/raw/2024/round_ _results.json
[2025-06-04T07:44:59.377+0000] {logging_mixin.py:188} INFO - Error: Results file not found for year 2024, round , at /opt/***/data/raw/2024/round_,_results.json
[2025-06-04T07:44:59.377+0000] {logging_mixin.py:188} INFO - Error: Results file not found for year 2024, round   at /opt/***/data/raw/2024/round_ _results.json
[2025-06-04T07:44:59.377+0000] {logging_mixin.py:188} INFO - Error: Results file not found for year 2024, round , at /opt/***/data/raw/2024/round_,_results.json
[2025-06-04T07:44:59.377+0000] {logging_mixin.py:188} INFO - Error: Results file not found for year 2024, round   at /opt/***/data/raw/2024/round_ _results.json
[2025-06-04T07:44:59.378+0000] {logging_mixin.py:188} INFO - Error: Results file not found for year 2024, round 0 at /opt/***/data/raw/2024/round_0_results.json
[2025-06-04T07:44:59.378+0000] {logging_mixin.py:188} INFO - Error: Results file not found for year 2024, round , at /opt/***/data/raw/2024/round_,_results.json
[2025-06-04T07:44:59.378+0000] {logging_mixin.py:188} INFO - Error: Results file not found for year 2024, round   at /opt/***/data/raw/2024/round_ _results.json
[2025-06-04T07:44:59.379+0000] {logging_mixin.py:188} INFO - Error: Results file not found for year 2024, round , at /opt/***/data/raw/2024/round_,_results.json
[2025-06-04T07:44:59.379+0000] {logging_mixin.py:188} INFO - Error: Results file not found for year 2024, round   at /opt/***/data/raw/2024/round_ _results.json
[2025-06-04T07:44:59.380+0000] {logging_mixin.py:188} INFO - Error: Results file not found for year 2024, round , at /opt/***/data/raw/2024/round_,_results.json
[2025-06-04T07:44:59.380+0000] {logging_mixin.py:188} INFO - Error: Results file not found for year 2024, round   at /opt/***/data/raw/2024/round_ _results.json
[2025-06-04T07:44:59.381+0000] {logging_mixin.py:188} INFO - Error: Results file not found for year 2024, round , at /opt/***/data/raw/2024/round_,_results.json
[2025-06-04T07:44:59.381+0000] {logging_mixin.py:188} INFO - Error: Results file not found for year 2024, round   at /opt/***/data/raw/2024/round_ _results.json
[2025-06-04T07:44:59.381+0000] {logging_mixin.py:188} INFO - Error: Results file not found for year 2024, round , at /opt/***/data/raw/2024/round_,_results.json
[2025-06-04T07:44:59.381+0000] {logging_mixin.py:188} INFO - Error: Results file not found for year 2024, round   at /opt/***/data/raw/2024/round_ _results.json
[2025-06-04T07:44:59.382+0000] {logging_mixin.py:188} INFO - Error: Results file not found for year 2024, round , at /opt/***/data/raw/2024/round_,_results.json
[2025-06-04T07:44:59.382+0000] {logging_mixin.py:188} INFO - Error: Results file not found for year 2024, round   at /opt/***/data/raw/2024/round_ _results.json
[2025-06-04T07:44:59.383+0000] {logging_mixin.py:188} INFO - Error: Results file not found for year 2024, round , at /opt/***/data/raw/2024/round_,_results.json
[2025-06-04T07:44:59.383+0000] {logging_mixin.py:188} INFO - Error: Results file not found for year 2024, round   at /opt/***/data/raw/2024/round_ _results.json
[2025-06-04T07:44:59.384+0000] {logging_mixin.py:188} INFO - Error: Results file not found for year 2024, round , at /opt/***/data/raw/2024/round_,_results.json
[2025-06-04T07:44:59.384+0000] {logging_mixin.py:188} INFO - Error: Results file not found for year 2024, round   at /opt/***/data/raw/2024/round_ _results.json
[2025-06-04T07:44:59.384+0000] {logging_mixin.py:188} INFO - Error: Results file not found for year 2024, round , at /opt/***/data/raw/2024/round_,_results.json
[2025-06-04T07:44:59.385+0000] {logging_mixin.py:188} INFO - Error: Results file not found for year 2024, round   at /opt/***/data/raw/2024/round_ _results.json
[2025-06-04T07:44:59.385+0000] {logging_mixin.py:188} INFO - Error: Results file not found for year 2024, round , at /opt/***/data/raw/2024/round_,_results.json
[2025-06-04T07:44:59.385+0000] {logging_mixin.py:188} INFO - Error: Results file not found for year 2024, round   at /opt/***/data/raw/2024/round_ _results.json
[2025-06-04T07:44:59.386+0000] {logging_mixin.py:188} INFO - Error: Results file not found for year 2024, round 0 at /opt/***/data/raw/2024/round_0_results.json
[2025-06-04T07:44:59.386+0000] {logging_mixin.py:188} INFO - Error: Results file not found for year 2024, round , at /opt/***/data/raw/2024/round_,_results.json
[2025-06-04T07:44:59.386+0000] {logging_mixin.py:188} INFO - Error: Results file not found for year 2024, round   at /opt/***/data/raw/2024/round_ _results.json
[2025-06-04T07:44:59.387+0000] {logging_mixin.py:188} INFO - Error: Results file not found for year 2024, round , at /opt/***/data/raw/2024/round_,_results.json
[2025-06-04T07:44:59.387+0000] {logging_mixin.py:188} INFO - Error: Results file not found for year 2024, round   at /opt/***/data/raw/2024/round_ _results.json
[2025-06-04T07:44:59.387+0000] {logging_mixin.py:188} INFO - Error: Results file not found for year 2024, round , at /opt/***/data/raw/2024/round_,_results.json
[2025-06-04T07:44:59.388+0000] {logging_mixin.py:188} INFO - Error: Results file not found for year 2024, round   at /opt/***/data/raw/2024/round_ _results.json
[2025-06-04T07:44:59.388+0000] {logging_mixin.py:188} INFO - Error: Results file not found for year 2024, round , at /opt/***/data/raw/2024/round_,_results.json
[2025-06-04T07:44:59.388+0000] {logging_mixin.py:188} INFO - Error: Results file not found for year 2024, round   at /opt/***/data/raw/2024/round_ _results.json
[2025-06-04T07:44:59.389+0000] {logging_mixin.py:188} INFO - Error: Results file not found for year 2024, round ] at /opt/***/data/raw/2024/round_]_results.json
[2025-06-04T07:44:59.396+0000] {logging_mixin.py:188} INFO - Detailed results for year 2024 saved to /opt/***/data/processed/2024/detailed_results.csv.
[2025-06-04T07:44:59.397+0000] {logging_mixin.py:188} INFO - Drivers data for year 2024 saved to /opt/***/data/processed/2024/drivers.csv.
[2025-06-04T07:44:59.397+0000] {logging_mixin.py:188} INFO - Constructors data for year 2024 saved to /opt/***/data/processed/2024/constructors.csv.
[2025-06-04T07:44:59.398+0000] {python.py:237} INFO - Done. Returned value was: True
[2025-06-04T07:44:59.398+0000] {taskinstance.py:441} INFO - ::group::Post task execution logs
[2025-06-04T07:44:59.408+0000] {taskinstance.py:1206} INFO - Marking task as SUCCESS. dag_id=f1_data_extraction_pipeline, task_id=transform_all_detailed_results, run_id=manual__2025-06-04T07:44:24+00:00, execution_date=20250604T074424, start_date=20250604T074459, end_date=20250604T074459
[2025-06-04T07:44:59.418+0000] {local_task_job_runner.py:240} INFO - Task exited with return code 0
[2025-06-04T07:44:59.427+0000] {taskinstance.py:3503} INFO - 1 downstream tasks scheduled from follow-on schedule check
[2025-06-04T07:44:59.428+0000] {local_task_job_runner.py:222} INFO - ::endgroup::
