[2025-06-04T12:12:09.700+0000] {local_task_job_runner.py:120} INFO - ::group::Pre task execution logs
[2025-06-04T12:12:09.713+0000] {taskinstance.py:2076} INFO - Dependencies all met for dep_context=non-requeueable deps ti=<TaskInstance: f1_data_extraction_pipeline.load_data_to_postgres manual__2025-06-04T12:11:30+00:00 [queued]>
[2025-06-04T12:12:09.717+0000] {taskinstance.py:2076} INFO - Dependencies all met for dep_context=requeueable deps ti=<TaskInstance: f1_data_extraction_pipeline.load_data_to_postgres manual__2025-06-04T12:11:30+00:00 [queued]>
[2025-06-04T12:12:09.717+0000] {taskinstance.py:2306} INFO - Starting attempt 1 of 1
[2025-06-04T12:12:09.721+0000] {taskinstance.py:2330} INFO - Executing <Task(PythonOperator): load_data_to_postgres> on 2025-06-04 12:11:30+00:00
[2025-06-04T12:12:09.725+0000] {logging_mixin.py:188} WARNING - /home/***/.local/lib/python3.12/site-packages/***/task/task_runner/standard_task_runner.py:61 DeprecationWarning: This process (pid=362) is multi-threaded, use of fork() may lead to deadlocks in the child.
[2025-06-04T12:12:09.725+0000] {standard_task_runner.py:90} INFO - Running: ['***', 'tasks', 'run', 'f1_data_extraction_pipeline', 'load_data_to_postgres', 'manual__2025-06-04T12:11:30+00:00', '--job-id', '14', '--raw', '--subdir', 'DAGS_FOLDER/f1_pipeline.py', '--cfg-path', '/tmp/tmpfwfvhohz']
[2025-06-04T12:12:09.726+0000] {standard_task_runner.py:63} INFO - Started process 363 to run task
[2025-06-04T12:12:09.726+0000] {standard_task_runner.py:91} INFO - Job 14: Subtask load_data_to_postgres
[2025-06-04T12:12:09.748+0000] {task_command.py:426} INFO - Running <TaskInstance: f1_data_extraction_pipeline.load_data_to_postgres manual__2025-06-04T12:11:30+00:00 [running]> on host e747f96e55ee
[2025-06-04T12:12:09.861+0000] {taskinstance.py:2648} INFO - Exporting env vars: AIRFLOW_CTX_DAG_OWNER='***' AIRFLOW_CTX_DAG_ID='f1_data_extraction_pipeline' AIRFLOW_CTX_TASK_ID='load_data_to_postgres' AIRFLOW_CTX_EXECUTION_DATE='2025-06-04T12:11:30+00:00' AIRFLOW_CTX_TRY_NUMBER='1' AIRFLOW_CTX_DAG_RUN_ID='manual__2025-06-04T12:11:30+00:00'
[2025-06-04T12:12:09.861+0000] {taskinstance.py:430} INFO - ::endgroup::
[2025-06-04T12:12:09.872+0000] {logging_mixin.py:188} INFO - ✔️  Upsert terminé pour circuits_info.csv → circuits
[2025-06-04T12:12:09.877+0000] {logging_mixin.py:188} INFO - ✔️  Upsert terminé pour races_schedule.csv → races
[2025-06-04T12:12:09.880+0000] {logging_mixin.py:188} INFO - ✔️  Upsert terminé pour drivers.csv → drivers
[2025-06-04T12:12:09.881+0000] {logging_mixin.py:188} INFO - ✔️  Upsert terminé pour constructors.csv → constructors
[2025-06-04T12:12:09.904+0000] {logging_mixin.py:188} INFO - ✔️  Upsert terminé pour detailed_results.csv → results
[2025-06-04T12:12:09.904+0000] {logging_mixin.py:188} INFO - 
🎉 Chargement terminé pour la saison 2023.
[2025-06-04T12:12:09.905+0000] {logging_mixin.py:188} INFO - ✅ Chargement des données dans Postgres terminé pour la saison 2023.
[2025-06-04T12:12:09.905+0000] {python.py:237} INFO - Done. Returned value was: None
[2025-06-04T12:12:09.905+0000] {taskinstance.py:441} INFO - ::group::Post task execution logs
[2025-06-04T12:12:09.909+0000] {taskinstance.py:1206} INFO - Marking task as SUCCESS. dag_id=f1_data_extraction_pipeline, task_id=load_data_to_postgres, run_id=manual__2025-06-04T12:11:30+00:00, execution_date=20250604T121130, start_date=20250604T121209, end_date=20250604T121209
[2025-06-04T12:12:09.951+0000] {local_task_job_runner.py:240} INFO - Task exited with return code 0
[2025-06-04T12:12:09.960+0000] {taskinstance.py:3503} INFO - 0 downstream tasks scheduled from follow-on schedule check
[2025-06-04T12:12:09.961+0000] {local_task_job_runner.py:222} INFO - ::endgroup::
