[2025-06-04T08:41:15.868+0000] {local_task_job_runner.py:120} INFO - ::group::Pre task execution logs
[2025-06-04T08:41:15.883+0000] {taskinstance.py:2076} INFO - Dependencies all met for dep_context=non-requeueable deps ti=<TaskInstance: f1_data_extraction_pipeline.fetch_all_round_details manual__2025-06-04T08:41:10+00:00 [queued]>
[2025-06-04T08:41:15.886+0000] {taskinstance.py:2076} INFO - Dependencies all met for dep_context=requeueable deps ti=<TaskInstance: f1_data_extraction_pipeline.fetch_all_round_details manual__2025-06-04T08:41:10+00:00 [queued]>
[2025-06-04T08:41:15.887+0000] {taskinstance.py:2306} INFO - Starting attempt 1 of 1
[2025-06-04T08:41:15.891+0000] {taskinstance.py:2330} INFO - Executing <Task(PythonOperator): fetch_all_round_details> on 2025-06-04 08:41:10+00:00
[2025-06-04T08:41:15.895+0000] {standard_task_runner.py:90} INFO - Running: ['***', 'tasks', 'run', 'f1_data_extraction_pipeline', 'fetch_all_round_details', 'manual__2025-06-04T08:41:10+00:00', '--job-id', '4', '--raw', '--subdir', 'DAGS_FOLDER/f1_pipeline.py', '--cfg-path', '/tmp/tmp852hjdnf']
[2025-06-04T08:41:15.897+0000] {standard_task_runner.py:91} INFO - Job 4: Subtask fetch_all_round_details
[2025-06-04T08:41:15.898+0000] {logging_mixin.py:188} WARNING - /home/***/.local/lib/python3.12/site-packages/***/task/task_runner/standard_task_runner.py:61 DeprecationWarning: This process (pid=198) is multi-threaded, use of fork() may lead to deadlocks in the child.
[2025-06-04T08:41:15.899+0000] {standard_task_runner.py:63} INFO - Started process 199 to run task
[2025-06-04T08:41:16.002+0000] {task_command.py:426} INFO - Running <TaskInstance: f1_data_extraction_pipeline.fetch_all_round_details manual__2025-06-04T08:41:10+00:00 [running]> on host 2d9db0dcbf62
[2025-06-04T08:41:16.038+0000] {taskinstance.py:2648} INFO - Exporting env vars: AIRFLOW_CTX_DAG_OWNER='***' AIRFLOW_CTX_DAG_ID='f1_data_extraction_pipeline' AIRFLOW_CTX_TASK_ID='fetch_all_round_details' AIRFLOW_CTX_EXECUTION_DATE='2025-06-04T08:41:10+00:00' AIRFLOW_CTX_TRY_NUMBER='1' AIRFLOW_CTX_DAG_RUN_ID='manual__2025-06-04T08:41:10+00:00'
[2025-06-04T08:41:16.038+0000] {taskinstance.py:430} INFO - ::endgroup::
[2025-06-04T08:41:16.043+0000] {logging_mixin.py:188} INFO - Chaîne XCom brute pour rounds_list: '[1, 2, 3, 4, 5, 6, 7, 8, 9, 10, 11, 12, 13, 14, 15, 16, 17, 18, 19, 20, 21, 22, 23, 24]'
[2025-06-04T08:41:16.043+0000] {logging_mixin.py:188} INFO - Extraction des résultats pour l'année 2024, rounds (liste parsée): [1, 2, 3, 4, 5, 6, 7, 8, 9, 10, 11, 12, 13, 14, 15, 16, 17, 18, 19, 20, 21, 22, 23, 24]
[2025-06-04T08:41:16.043+0000] {logging_mixin.py:188} INFO - Fetching F1 race results for 2024 round 1 from https://ergast.com/api/f1/2024/1/results.json...
[2025-06-04T08:41:16.043+0000] {logging_mixin.py:188} INFO - Data will be saved relative to: /opt/***/data/raw
[2025-06-04T08:41:17.214+0000] {logging_mixin.py:188} INFO - Results for round 1 of season 2024 saved to /opt/***/data/raw/2024/round_1_results.json
[2025-06-04T08:41:17.215+0000] {logging_mixin.py:188} INFO - Fetching F1 race results for 2024 round 2 from https://ergast.com/api/f1/2024/2/results.json...
[2025-06-04T08:41:17.216+0000] {logging_mixin.py:188} INFO - Data will be saved relative to: /opt/***/data/raw
[2025-06-04T08:41:19.199+0000] {logging_mixin.py:188} INFO - Results for round 2 of season 2024 saved to /opt/***/data/raw/2024/round_2_results.json
[2025-06-04T08:41:19.202+0000] {logging_mixin.py:188} INFO - Fetching F1 race results for 2024 round 3 from https://ergast.com/api/f1/2024/3/results.json...
[2025-06-04T08:41:19.203+0000] {logging_mixin.py:188} INFO - Data will be saved relative to: /opt/***/data/raw
[2025-06-04T08:41:20.716+0000] {logging_mixin.py:188} INFO - Results for round 3 of season 2024 saved to /opt/***/data/raw/2024/round_3_results.json
[2025-06-04T08:41:20.719+0000] {logging_mixin.py:188} INFO - Fetching F1 race results for 2024 round 4 from https://ergast.com/api/f1/2024/4/results.json...
[2025-06-04T08:41:20.720+0000] {logging_mixin.py:188} INFO - Data will be saved relative to: /opt/***/data/raw
[2025-06-04T08:41:22.248+0000] {logging_mixin.py:188} INFO - Results for round 4 of season 2024 saved to /opt/***/data/raw/2024/round_4_results.json
[2025-06-04T08:41:22.250+0000] {logging_mixin.py:188} INFO - Fetching F1 race results for 2024 round 5 from https://ergast.com/api/f1/2024/5/results.json...
[2025-06-04T08:41:22.250+0000] {logging_mixin.py:188} INFO - Data will be saved relative to: /opt/***/data/raw
[2025-06-04T08:41:27.288+0000] {logging_mixin.py:188} INFO - Results for round 5 of season 2024 saved to /opt/***/data/raw/2024/round_5_results.json
[2025-06-04T08:41:27.291+0000] {logging_mixin.py:188} INFO - Fetching F1 race results for 2024 round 6 from https://ergast.com/api/f1/2024/6/results.json...
[2025-06-04T08:41:27.292+0000] {logging_mixin.py:188} INFO - Data will be saved relative to: /opt/***/data/raw
[2025-06-04T08:41:28.500+0000] {logging_mixin.py:188} INFO - Results for round 6 of season 2024 saved to /opt/***/data/raw/2024/round_6_results.json
[2025-06-04T08:41:28.501+0000] {logging_mixin.py:188} INFO - Fetching F1 race results for 2024 round 7 from https://ergast.com/api/f1/2024/7/results.json...
[2025-06-04T08:41:28.502+0000] {logging_mixin.py:188} INFO - Data will be saved relative to: /opt/***/data/raw
[2025-06-04T08:41:28.614+0000] {logging_mixin.py:188} INFO - Results for round 7 of season 2024 saved to /opt/***/data/raw/2024/round_7_results.json
[2025-06-04T08:41:28.616+0000] {logging_mixin.py:188} INFO - Fetching F1 race results for 2024 round 8 from https://ergast.com/api/f1/2024/8/results.json...
[2025-06-04T08:41:28.616+0000] {logging_mixin.py:188} INFO - Data will be saved relative to: /opt/***/data/raw
[2025-06-04T08:41:28.712+0000] {logging_mixin.py:188} INFO - Results for round 8 of season 2024 saved to /opt/***/data/raw/2024/round_8_results.json
[2025-06-04T08:41:28.713+0000] {logging_mixin.py:188} INFO - Fetching F1 race results for 2024 round 9 from https://ergast.com/api/f1/2024/9/results.json...
[2025-06-04T08:41:28.713+0000] {logging_mixin.py:188} INFO - Data will be saved relative to: /opt/***/data/raw
[2025-06-04T08:41:30.466+0000] {logging_mixin.py:188} INFO - Results for round 9 of season 2024 saved to /opt/***/data/raw/2024/round_9_results.json
[2025-06-04T08:41:30.493+0000] {logging_mixin.py:188} INFO - Fetching F1 race results for 2024 round 10 from https://ergast.com/api/f1/2024/10/results.json...
[2025-06-04T08:41:30.498+0000] {logging_mixin.py:188} INFO - Data will be saved relative to: /opt/***/data/raw
[2025-06-04T08:41:31.512+0000] {logging_mixin.py:188} INFO - Results for round 10 of season 2024 saved to /opt/***/data/raw/2024/round_10_results.json
[2025-06-04T08:41:31.517+0000] {logging_mixin.py:188} INFO - Fetching F1 race results for 2024 round 11 from https://ergast.com/api/f1/2024/11/results.json...
[2025-06-04T08:41:31.517+0000] {logging_mixin.py:188} INFO - Data will be saved relative to: /opt/***/data/raw
[2025-06-04T08:41:32.797+0000] {logging_mixin.py:188} INFO - Results for round 11 of season 2024 saved to /opt/***/data/raw/2024/round_11_results.json
[2025-06-04T08:41:32.799+0000] {logging_mixin.py:188} INFO - Fetching F1 race results for 2024 round 12 from https://ergast.com/api/f1/2024/12/results.json...
[2025-06-04T08:41:32.799+0000] {logging_mixin.py:188} INFO - Data will be saved relative to: /opt/***/data/raw
[2025-06-04T08:41:33.703+0000] {logging_mixin.py:188} INFO - Results for round 12 of season 2024 saved to /opt/***/data/raw/2024/round_12_results.json
[2025-06-04T08:41:33.704+0000] {logging_mixin.py:188} INFO - Fetching F1 race results for 2024 round 13 from https://ergast.com/api/f1/2024/13/results.json...
[2025-06-04T08:41:33.705+0000] {logging_mixin.py:188} INFO - Data will be saved relative to: /opt/***/data/raw
[2025-06-04T08:41:36.054+0000] {logging_mixin.py:188} INFO - Results for round 13 of season 2024 saved to /opt/***/data/raw/2024/round_13_results.json
[2025-06-04T08:41:36.056+0000] {logging_mixin.py:188} INFO - Fetching F1 race results for 2024 round 14 from https://ergast.com/api/f1/2024/14/results.json...
[2025-06-04T08:41:36.057+0000] {logging_mixin.py:188} INFO - Data will be saved relative to: /opt/***/data/raw
[2025-06-04T08:41:36.953+0000] {logging_mixin.py:188} INFO - Results for round 14 of season 2024 saved to /opt/***/data/raw/2024/round_14_results.json
[2025-06-04T08:41:36.955+0000] {logging_mixin.py:188} INFO - Fetching F1 race results for 2024 round 15 from https://ergast.com/api/f1/2024/15/results.json...
[2025-06-04T08:41:36.956+0000] {logging_mixin.py:188} INFO - Data will be saved relative to: /opt/***/data/raw
[2025-06-04T08:41:38.731+0000] {logging_mixin.py:188} INFO - Results for round 15 of season 2024 saved to /opt/***/data/raw/2024/round_15_results.json
[2025-06-04T08:41:38.733+0000] {logging_mixin.py:188} INFO - Fetching F1 race results for 2024 round 16 from https://ergast.com/api/f1/2024/16/results.json...
[2025-06-04T08:41:38.734+0000] {logging_mixin.py:188} INFO - Data will be saved relative to: /opt/***/data/raw
[2025-06-04T08:41:39.615+0000] {logging_mixin.py:188} INFO - Results for round 16 of season 2024 saved to /opt/***/data/raw/2024/round_16_results.json
[2025-06-04T08:41:39.616+0000] {logging_mixin.py:188} INFO - Fetching F1 race results for 2024 round 17 from https://ergast.com/api/f1/2024/17/results.json...
[2025-06-04T08:41:39.617+0000] {logging_mixin.py:188} INFO - Data will be saved relative to: /opt/***/data/raw
[2025-06-04T08:41:40.821+0000] {logging_mixin.py:188} INFO - Results for round 17 of season 2024 saved to /opt/***/data/raw/2024/round_17_results.json
[2025-06-04T08:41:40.823+0000] {logging_mixin.py:188} INFO - Fetching F1 race results for 2024 round 18 from https://ergast.com/api/f1/2024/18/results.json...
[2025-06-04T08:41:40.824+0000] {logging_mixin.py:188} INFO - Data will be saved relative to: /opt/***/data/raw
[2025-06-04T08:41:43.460+0000] {logging_mixin.py:188} INFO - Results for round 18 of season 2024 saved to /opt/***/data/raw/2024/round_18_results.json
[2025-06-04T08:41:43.473+0000] {logging_mixin.py:188} INFO - Fetching F1 race results for 2024 round 19 from https://ergast.com/api/f1/2024/19/results.json...
[2025-06-04T08:41:43.475+0000] {logging_mixin.py:188} INFO - Data will be saved relative to: /opt/***/data/raw
[2025-06-04T08:41:45.206+0000] {logging_mixin.py:188} INFO - Results for round 19 of season 2024 saved to /opt/***/data/raw/2024/round_19_results.json
[2025-06-04T08:41:45.207+0000] {logging_mixin.py:188} INFO - Fetching F1 race results for 2024 round 20 from https://ergast.com/api/f1/2024/20/results.json...
[2025-06-04T08:41:45.208+0000] {logging_mixin.py:188} INFO - Data will be saved relative to: /opt/***/data/raw
[2025-06-04T08:41:46.479+0000] {logging_mixin.py:188} INFO - Results for round 20 of season 2024 saved to /opt/***/data/raw/2024/round_20_results.json
[2025-06-04T08:41:46.481+0000] {logging_mixin.py:188} INFO - Fetching F1 race results for 2024 round 21 from https://ergast.com/api/f1/2024/21/results.json...
[2025-06-04T08:41:46.482+0000] {logging_mixin.py:188} INFO - Data will be saved relative to: /opt/***/data/raw
[2025-06-04T08:41:47.425+0000] {logging_mixin.py:188} INFO - Results for round 21 of season 2024 saved to /opt/***/data/raw/2024/round_21_results.json
[2025-06-04T08:41:47.431+0000] {logging_mixin.py:188} INFO - Fetching F1 race results for 2024 round 22 from https://ergast.com/api/f1/2024/22/results.json...
[2025-06-04T08:41:47.432+0000] {logging_mixin.py:188} INFO - Data will be saved relative to: /opt/***/data/raw
[2025-06-04T08:41:48.481+0000] {logging_mixin.py:188} INFO - Results for round 22 of season 2024 saved to /opt/***/data/raw/2024/round_22_results.json
[2025-06-04T08:41:48.483+0000] {logging_mixin.py:188} INFO - Fetching F1 race results for 2024 round 23 from https://ergast.com/api/f1/2024/23/results.json...
[2025-06-04T08:41:48.483+0000] {logging_mixin.py:188} INFO - Data will be saved relative to: /opt/***/data/raw
[2025-06-04T08:41:49.690+0000] {logging_mixin.py:188} INFO - Results for round 23 of season 2024 saved to /opt/***/data/raw/2024/round_23_results.json
[2025-06-04T08:41:49.693+0000] {logging_mixin.py:188} INFO - Fetching F1 race results for 2024 round 24 from https://ergast.com/api/f1/2024/24/results.json...
[2025-06-04T08:41:49.695+0000] {logging_mixin.py:188} INFO - Data will be saved relative to: /opt/***/data/raw
[2025-06-04T08:41:51.022+0000] {logging_mixin.py:188} INFO - Results for round 24 of season 2024 saved to /opt/***/data/raw/2024/round_24_results.json
[2025-06-04T08:41:51.024+0000] {logging_mixin.py:188} INFO - Extraction des résultats de tous les rounds terminée pour l'année 2024.
[2025-06-04T08:41:51.026+0000] {python.py:237} INFO - Done. Returned value was: None
[2025-06-04T08:41:51.026+0000] {taskinstance.py:441} INFO - ::group::Post task execution logs
[2025-06-04T08:41:51.066+0000] {taskinstance.py:1206} INFO - Marking task as SUCCESS. dag_id=f1_data_extraction_pipeline, task_id=fetch_all_round_details, run_id=manual__2025-06-04T08:41:10+00:00, execution_date=20250604T084110, start_date=20250604T084115, end_date=20250604T084151
[2025-06-04T08:41:51.142+0000] {local_task_job_runner.py:240} INFO - Task exited with return code 0
[2025-06-04T08:41:51.194+0000] {taskinstance.py:3503} INFO - 0 downstream tasks scheduled from follow-on schedule check
[2025-06-04T08:41:51.196+0000] {local_task_job_runner.py:222} INFO - ::endgroup::
