[2025-06-03T19:02:31.040+0000] {local_task_job_runner.py:120} INFO - ::group::Pre task execution logs
[2025-06-03T19:02:31.062+0000] {taskinstance.py:2076} INFO - Dependencies all met for dep_context=non-requeueable deps ti=<TaskInstance: f1_data_extraction_pipeline.transform_all_detailed_results manual__2025-06-03T19:02:05+00:00 [queued]>
[2025-06-03T19:02:31.066+0000] {taskinstance.py:2076} INFO - Dependencies all met for dep_context=requeueable deps ti=<TaskInstance: f1_data_extraction_pipeline.transform_all_detailed_results manual__2025-06-03T19:02:05+00:00 [queued]>
[2025-06-03T19:02:31.066+0000] {taskinstance.py:2306} INFO - Starting attempt 1 of 1
[2025-06-03T19:02:31.071+0000] {taskinstance.py:2330} INFO - Executing <Task(PythonOperator): transform_all_detailed_results> on 2025-06-03 19:02:05+00:00
[2025-06-03T19:02:31.075+0000] {standard_task_runner.py:90} INFO - Running: ['***', 'tasks', 'run', 'f1_data_extraction_pipeline', 'transform_all_detailed_results', 'manual__2025-06-03T19:02:05+00:00', '--job-id', '5', '--raw', '--subdir', 'DAGS_FOLDER/f1_pipeline.py', '--cfg-path', '/tmp/tmphr_4zh8t']
[2025-06-03T19:02:31.078+0000] {standard_task_runner.py:91} INFO - Job 5: Subtask transform_all_detailed_results
[2025-06-03T19:02:31.078+0000] {logging_mixin.py:188} WARNING - /home/***/.local/lib/python3.12/site-packages/***/task/task_runner/standard_task_runner.py:61 DeprecationWarning: This process (pid=201) is multi-threaded, use of fork() may lead to deadlocks in the child.
[2025-06-03T19:02:31.080+0000] {standard_task_runner.py:63} INFO - Started process 202 to run task
[2025-06-03T19:02:31.236+0000] {task_command.py:426} INFO - Running <TaskInstance: f1_data_extraction_pipeline.transform_all_detailed_results manual__2025-06-03T19:02:05+00:00 [running]> on host 8ce6f59a219c
[2025-06-03T19:02:31.273+0000] {taskinstance.py:2648} INFO - Exporting env vars: AIRFLOW_CTX_DAG_OWNER='***' AIRFLOW_CTX_DAG_ID='f1_data_extraction_pipeline' AIRFLOW_CTX_TASK_ID='transform_all_detailed_results' AIRFLOW_CTX_EXECUTION_DATE='2025-06-03T19:02:05+00:00' AIRFLOW_CTX_TRY_NUMBER='1' AIRFLOW_CTX_DAG_RUN_ID='manual__2025-06-03T19:02:05+00:00'
[2025-06-03T19:02:31.273+0000] {taskinstance.py:430} INFO - ::endgroup::
[2025-06-03T19:02:31.279+0000] {logging_mixin.py:188} INFO - Error: Results file not found for year 2024, round [ at /opt/***/data/raw/2024/round_[_results.json
[2025-06-03T19:02:31.280+0000] {logging_mixin.py:188} INFO - Error: Results file not found for year 2024, round , at /opt/***/data/raw/2024/round_,_results.json
[2025-06-03T19:02:31.280+0000] {logging_mixin.py:188} INFO - Error: Results file not found for year 2024, round   at /opt/***/data/raw/2024/round_ _results.json
[2025-06-03T19:02:31.281+0000] {logging_mixin.py:188} INFO - Error: Results file not found for year 2024, round , at /opt/***/data/raw/2024/round_,_results.json
[2025-06-03T19:02:31.281+0000] {logging_mixin.py:188} INFO - Error: Results file not found for year 2024, round   at /opt/***/data/raw/2024/round_ _results.json
[2025-06-03T19:02:31.282+0000] {logging_mixin.py:188} INFO - Error: Results file not found for year 2024, round , at /opt/***/data/raw/2024/round_,_results.json
[2025-06-03T19:02:31.282+0000] {logging_mixin.py:188} INFO - Error: Results file not found for year 2024, round   at /opt/***/data/raw/2024/round_ _results.json
[2025-06-03T19:02:31.282+0000] {logging_mixin.py:188} INFO - Error: Results file not found for year 2024, round , at /opt/***/data/raw/2024/round_,_results.json
[2025-06-03T19:02:31.282+0000] {logging_mixin.py:188} INFO - Error: Results file not found for year 2024, round   at /opt/***/data/raw/2024/round_ _results.json
[2025-06-03T19:02:31.283+0000] {logging_mixin.py:188} INFO - Error: Results file not found for year 2024, round , at /opt/***/data/raw/2024/round_,_results.json
[2025-06-03T19:02:31.283+0000] {logging_mixin.py:188} INFO - Error: Results file not found for year 2024, round   at /opt/***/data/raw/2024/round_ _results.json
[2025-06-03T19:02:31.284+0000] {logging_mixin.py:188} INFO - Error: Results file not found for year 2024, round , at /opt/***/data/raw/2024/round_,_results.json
[2025-06-03T19:02:31.284+0000] {logging_mixin.py:188} INFO - Error: Results file not found for year 2024, round   at /opt/***/data/raw/2024/round_ _results.json
[2025-06-03T19:02:31.284+0000] {logging_mixin.py:188} INFO - Error: Results file not found for year 2024, round , at /opt/***/data/raw/2024/round_,_results.json
[2025-06-03T19:02:31.284+0000] {logging_mixin.py:188} INFO - Error: Results file not found for year 2024, round   at /opt/***/data/raw/2024/round_ _results.json
[2025-06-03T19:02:31.285+0000] {logging_mixin.py:188} INFO - Error: Results file not found for year 2024, round , at /opt/***/data/raw/2024/round_,_results.json
[2025-06-03T19:02:31.285+0000] {logging_mixin.py:188} INFO - Error: Results file not found for year 2024, round   at /opt/***/data/raw/2024/round_ _results.json
[2025-06-03T19:02:31.286+0000] {logging_mixin.py:188} INFO - Error: Results file not found for year 2024, round , at /opt/***/data/raw/2024/round_,_results.json
[2025-06-03T19:02:31.286+0000] {logging_mixin.py:188} INFO - Error: Results file not found for year 2024, round   at /opt/***/data/raw/2024/round_ _results.json
[2025-06-03T19:02:31.286+0000] {logging_mixin.py:188} INFO - Error: Results file not found for year 2024, round 0 at /opt/***/data/raw/2024/round_0_results.json
[2025-06-03T19:02:31.286+0000] {logging_mixin.py:188} INFO - Error: Results file not found for year 2024, round , at /opt/***/data/raw/2024/round_,_results.json
[2025-06-03T19:02:31.287+0000] {logging_mixin.py:188} INFO - Error: Results file not found for year 2024, round   at /opt/***/data/raw/2024/round_ _results.json
[2025-06-03T19:02:31.287+0000] {logging_mixin.py:188} INFO - Error: Results file not found for year 2024, round , at /opt/***/data/raw/2024/round_,_results.json
[2025-06-03T19:02:31.287+0000] {logging_mixin.py:188} INFO - Error: Results file not found for year 2024, round   at /opt/***/data/raw/2024/round_ _results.json
[2025-06-03T19:02:31.288+0000] {logging_mixin.py:188} INFO - Error: Results file not found for year 2024, round , at /opt/***/data/raw/2024/round_,_results.json
[2025-06-03T19:02:31.288+0000] {logging_mixin.py:188} INFO - Error: Results file not found for year 2024, round   at /opt/***/data/raw/2024/round_ _results.json
[2025-06-03T19:02:31.289+0000] {logging_mixin.py:188} INFO - Error: Results file not found for year 2024, round , at /opt/***/data/raw/2024/round_,_results.json
[2025-06-03T19:02:31.289+0000] {logging_mixin.py:188} INFO - Error: Results file not found for year 2024, round   at /opt/***/data/raw/2024/round_ _results.json
[2025-06-03T19:02:31.290+0000] {logging_mixin.py:188} INFO - Error: Results file not found for year 2024, round , at /opt/***/data/raw/2024/round_,_results.json
[2025-06-03T19:02:31.290+0000] {logging_mixin.py:188} INFO - Error: Results file not found for year 2024, round   at /opt/***/data/raw/2024/round_ _results.json
[2025-06-03T19:02:31.291+0000] {logging_mixin.py:188} INFO - Error: Results file not found for year 2024, round , at /opt/***/data/raw/2024/round_,_results.json
[2025-06-03T19:02:31.291+0000] {logging_mixin.py:188} INFO - Error: Results file not found for year 2024, round   at /opt/***/data/raw/2024/round_ _results.json
[2025-06-03T19:02:31.292+0000] {logging_mixin.py:188} INFO - Error: Results file not found for year 2024, round , at /opt/***/data/raw/2024/round_,_results.json
[2025-06-03T19:02:31.292+0000] {logging_mixin.py:188} INFO - Error: Results file not found for year 2024, round   at /opt/***/data/raw/2024/round_ _results.json
[2025-06-03T19:02:31.293+0000] {logging_mixin.py:188} INFO - Error: Results file not found for year 2024, round , at /opt/***/data/raw/2024/round_,_results.json
[2025-06-03T19:02:31.293+0000] {logging_mixin.py:188} INFO - Error: Results file not found for year 2024, round   at /opt/***/data/raw/2024/round_ _results.json
[2025-06-03T19:02:31.294+0000] {logging_mixin.py:188} INFO - Error: Results file not found for year 2024, round , at /opt/***/data/raw/2024/round_,_results.json
[2025-06-03T19:02:31.294+0000] {logging_mixin.py:188} INFO - Error: Results file not found for year 2024, round   at /opt/***/data/raw/2024/round_ _results.json
[2025-06-03T19:02:31.295+0000] {logging_mixin.py:188} INFO - Error: Results file not found for year 2024, round , at /opt/***/data/raw/2024/round_,_results.json
[2025-06-03T19:02:31.295+0000] {logging_mixin.py:188} INFO - Error: Results file not found for year 2024, round   at /opt/***/data/raw/2024/round_ _results.json
[2025-06-03T19:02:31.295+0000] {logging_mixin.py:188} INFO - Error: Results file not found for year 2024, round 0 at /opt/***/data/raw/2024/round_0_results.json
[2025-06-03T19:02:31.295+0000] {logging_mixin.py:188} INFO - Error: Results file not found for year 2024, round , at /opt/***/data/raw/2024/round_,_results.json
[2025-06-03T19:02:31.295+0000] {logging_mixin.py:188} INFO - Error: Results file not found for year 2024, round   at /opt/***/data/raw/2024/round_ _results.json
[2025-06-03T19:02:31.296+0000] {logging_mixin.py:188} INFO - Error: Results file not found for year 2024, round , at /opt/***/data/raw/2024/round_,_results.json
[2025-06-03T19:02:31.296+0000] {logging_mixin.py:188} INFO - Error: Results file not found for year 2024, round   at /opt/***/data/raw/2024/round_ _results.json
[2025-06-03T19:02:31.297+0000] {logging_mixin.py:188} INFO - Error: Results file not found for year 2024, round , at /opt/***/data/raw/2024/round_,_results.json
[2025-06-03T19:02:31.297+0000] {logging_mixin.py:188} INFO - Error: Results file not found for year 2024, round   at /opt/***/data/raw/2024/round_ _results.json
[2025-06-03T19:02:31.298+0000] {logging_mixin.py:188} INFO - Error: Results file not found for year 2024, round , at /opt/***/data/raw/2024/round_,_results.json
[2025-06-03T19:02:31.298+0000] {logging_mixin.py:188} INFO - Error: Results file not found for year 2024, round   at /opt/***/data/raw/2024/round_ _results.json
[2025-06-03T19:02:31.299+0000] {logging_mixin.py:188} INFO - Error: Results file not found for year 2024, round ] at /opt/***/data/raw/2024/round_]_results.json
[2025-06-03T19:02:31.307+0000] {logging_mixin.py:188} INFO - Detailed results for year 2024 saved to /opt/***/data/processed/2024/detailed_results.csv.
[2025-06-03T19:02:31.308+0000] {logging_mixin.py:188} INFO - Drivers data for year 2024 saved to /opt/***/data/processed/2024/drivers.csv.
[2025-06-03T19:02:31.309+0000] {logging_mixin.py:188} INFO - Constructors data for year 2024 saved to /opt/***/data/processed/2024/constructors.csv.
[2025-06-03T19:02:31.309+0000] {python.py:237} INFO - Done. Returned value was: True
[2025-06-03T19:02:31.309+0000] {taskinstance.py:441} INFO - ::group::Post task execution logs
[2025-06-03T19:02:31.323+0000] {taskinstance.py:1206} INFO - Marking task as SUCCESS. dag_id=f1_data_extraction_pipeline, task_id=transform_all_detailed_results, run_id=manual__2025-06-03T19:02:05+00:00, execution_date=20250603T190205, start_date=20250603T190231, end_date=20250603T190231
[2025-06-03T19:02:31.352+0000] {local_task_job_runner.py:240} INFO - Task exited with return code 0
[2025-06-03T19:02:31.440+0000] {taskinstance.py:3503} INFO - 1 downstream tasks scheduled from follow-on schedule check
[2025-06-03T19:02:31.441+0000] {local_task_job_runner.py:222} INFO - ::endgroup::
