[2025-06-04T12:11:29.430+0000] {local_task_job_runner.py:120} INFO - ::group::Pre task execution logs
[2025-06-04T12:11:29.446+0000] {taskinstance.py:2076} INFO - Dependencies all met for dep_context=non-requeueable deps ti=<TaskInstance: f1_data_extraction_pipeline.fetch_all_round_details manual__2025-06-04T12:11:24+00:00 [queued]>
[2025-06-04T12:11:29.450+0000] {taskinstance.py:2076} INFO - Dependencies all met for dep_context=requeueable deps ti=<TaskInstance: f1_data_extraction_pipeline.fetch_all_round_details manual__2025-06-04T12:11:24+00:00 [queued]>
[2025-06-04T12:11:29.450+0000] {taskinstance.py:2306} INFO - Starting attempt 1 of 1
[2025-06-04T12:11:29.455+0000] {taskinstance.py:2330} INFO - Executing <Task(PythonOperator): fetch_all_round_details> on 2025-06-04 12:11:24+00:00
[2025-06-04T12:11:29.460+0000] {logging_mixin.py:188} WARNING - /home/***/.local/lib/python3.12/site-packages/***/task/task_runner/standard_task_runner.py:61 DeprecationWarning: This process (pid=324) is multi-threaded, use of fork() may lead to deadlocks in the child.
[2025-06-04T12:11:29.461+0000] {standard_task_runner.py:63} INFO - Started process 325 to run task
[2025-06-04T12:11:29.460+0000] {standard_task_runner.py:90} INFO - Running: ['***', 'tasks', 'run', 'f1_data_extraction_pipeline', 'fetch_all_round_details', 'manual__2025-06-04T12:11:24+00:00', '--job-id', '4', '--raw', '--subdir', 'DAGS_FOLDER/f1_pipeline.py', '--cfg-path', '/tmp/tmpmniwkx6l']
[2025-06-04T12:11:29.462+0000] {standard_task_runner.py:91} INFO - Job 4: Subtask fetch_all_round_details
[2025-06-04T12:11:29.484+0000] {task_command.py:426} INFO - Running <TaskInstance: f1_data_extraction_pipeline.fetch_all_round_details manual__2025-06-04T12:11:24+00:00 [running]> on host e747f96e55ee
[2025-06-04T12:11:29.613+0000] {taskinstance.py:2648} INFO - Exporting env vars: AIRFLOW_CTX_DAG_OWNER='***' AIRFLOW_CTX_DAG_ID='f1_data_extraction_pipeline' AIRFLOW_CTX_TASK_ID='fetch_all_round_details' AIRFLOW_CTX_EXECUTION_DATE='2025-06-04T12:11:24+00:00' AIRFLOW_CTX_TRY_NUMBER='1' AIRFLOW_CTX_DAG_RUN_ID='manual__2025-06-04T12:11:24+00:00'
[2025-06-04T12:11:29.613+0000] {taskinstance.py:430} INFO - ::endgroup::
[2025-06-04T12:11:29.618+0000] {logging_mixin.py:188} INFO - Chaîne XCom brute pour rounds_list: '[1, 2, 3, 4, 5, 6, 7, 8, 9, 10, 11, 12, 13, 14, 15, 16, 17, 18, 19, 20, 21, 22, 23, 24]'
[2025-06-04T12:11:29.619+0000] {logging_mixin.py:188} INFO - Extraction des résultats pour l'année 2024, rounds (liste parsée): [1, 2, 3, 4, 5, 6, 7, 8, 9, 10, 11, 12, 13, 14, 15, 16, 17, 18, 19, 20, 21, 22, 23, 24]
[2025-06-04T12:11:29.619+0000] {logging_mixin.py:188} INFO - Fetching F1 race results for 2024 round 1 from https://ergast.com/api/f1/2024/1/results.json...
[2025-06-04T12:11:29.619+0000] {logging_mixin.py:188} INFO - Data will be saved relative to: /opt/***/data/raw
[2025-06-04T12:11:30.987+0000] {logging_mixin.py:188} INFO - Results for round 1 of season 2024 saved to /opt/***/data/raw/2024/round_1_results.json
[2025-06-04T12:11:30.990+0000] {logging_mixin.py:188} INFO - Fetching F1 race results for 2024 round 2 from https://ergast.com/api/f1/2024/2/results.json...
[2025-06-04T12:11:30.991+0000] {logging_mixin.py:188} INFO - Data will be saved relative to: /opt/***/data/raw
[2025-06-04T12:11:31.870+0000] {logging_mixin.py:188} INFO - Results for round 2 of season 2024 saved to /opt/***/data/raw/2024/round_2_results.json
[2025-06-04T12:11:31.875+0000] {logging_mixin.py:188} INFO - Fetching F1 race results for 2024 round 3 from https://ergast.com/api/f1/2024/3/results.json...
[2025-06-04T12:11:31.876+0000] {logging_mixin.py:188} INFO - Data will be saved relative to: /opt/***/data/raw
[2025-06-04T12:11:33.047+0000] {logging_mixin.py:188} INFO - Results for round 3 of season 2024 saved to /opt/***/data/raw/2024/round_3_results.json
[2025-06-04T12:11:33.052+0000] {logging_mixin.py:188} INFO - Fetching F1 race results for 2024 round 4 from https://ergast.com/api/f1/2024/4/results.json...
[2025-06-04T12:11:33.053+0000] {logging_mixin.py:188} INFO - Data will be saved relative to: /opt/***/data/raw
[2025-06-04T12:11:33.872+0000] {logging_mixin.py:188} INFO - Results for round 4 of season 2024 saved to /opt/***/data/raw/2024/round_4_results.json
[2025-06-04T12:11:33.875+0000] {logging_mixin.py:188} INFO - Fetching F1 race results for 2024 round 5 from https://ergast.com/api/f1/2024/5/results.json...
[2025-06-04T12:11:33.876+0000] {logging_mixin.py:188} INFO - Data will be saved relative to: /opt/***/data/raw
[2025-06-04T12:11:35.136+0000] {logging_mixin.py:188} INFO - Results for round 5 of season 2024 saved to /opt/***/data/raw/2024/round_5_results.json
[2025-06-04T12:11:35.139+0000] {logging_mixin.py:188} INFO - Fetching F1 race results for 2024 round 6 from https://ergast.com/api/f1/2024/6/results.json...
[2025-06-04T12:11:35.139+0000] {logging_mixin.py:188} INFO - Data will be saved relative to: /opt/***/data/raw
[2025-06-04T12:11:37.074+0000] {logging_mixin.py:188} INFO - Results for round 6 of season 2024 saved to /opt/***/data/raw/2024/round_6_results.json
[2025-06-04T12:11:37.077+0000] {logging_mixin.py:188} INFO - Fetching F1 race results for 2024 round 7 from https://ergast.com/api/f1/2024/7/results.json...
[2025-06-04T12:11:37.080+0000] {logging_mixin.py:188} INFO - Data will be saved relative to: /opt/***/data/raw
[2025-06-04T12:11:38.099+0000] {logging_mixin.py:188} INFO - Results for round 7 of season 2024 saved to /opt/***/data/raw/2024/round_7_results.json
[2025-06-04T12:11:38.104+0000] {logging_mixin.py:188} INFO - Fetching F1 race results for 2024 round 8 from https://ergast.com/api/f1/2024/8/results.json...
[2025-06-04T12:11:38.106+0000] {logging_mixin.py:188} INFO - Data will be saved relative to: /opt/***/data/raw
[2025-06-04T12:11:39.991+0000] {logging_mixin.py:188} INFO - Results for round 8 of season 2024 saved to /opt/***/data/raw/2024/round_8_results.json
[2025-06-04T12:11:39.994+0000] {logging_mixin.py:188} INFO - Fetching F1 race results for 2024 round 9 from https://ergast.com/api/f1/2024/9/results.json...
[2025-06-04T12:11:39.995+0000] {logging_mixin.py:188} INFO - Data will be saved relative to: /opt/***/data/raw
[2025-06-04T12:11:40.924+0000] {logging_mixin.py:188} INFO - Results for round 9 of season 2024 saved to /opt/***/data/raw/2024/round_9_results.json
[2025-06-04T12:11:40.926+0000] {logging_mixin.py:188} INFO - Fetching F1 race results for 2024 round 10 from https://ergast.com/api/f1/2024/10/results.json...
[2025-06-04T12:11:40.927+0000] {logging_mixin.py:188} INFO - Data will be saved relative to: /opt/***/data/raw
[2025-06-04T12:11:42.710+0000] {logging_mixin.py:188} INFO - Results for round 10 of season 2024 saved to /opt/***/data/raw/2024/round_10_results.json
[2025-06-04T12:11:42.717+0000] {logging_mixin.py:188} INFO - Fetching F1 race results for 2024 round 11 from https://ergast.com/api/f1/2024/11/results.json...
[2025-06-04T12:11:42.717+0000] {logging_mixin.py:188} INFO - Data will be saved relative to: /opt/***/data/raw
[2025-06-04T12:11:44.521+0000] {logging_mixin.py:188} INFO - Results for round 11 of season 2024 saved to /opt/***/data/raw/2024/round_11_results.json
[2025-06-04T12:11:44.523+0000] {logging_mixin.py:188} INFO - Fetching F1 race results for 2024 round 12 from https://ergast.com/api/f1/2024/12/results.json...
[2025-06-04T12:11:44.524+0000] {logging_mixin.py:188} INFO - Data will be saved relative to: /opt/***/data/raw
[2025-06-04T12:11:46.306+0000] {logging_mixin.py:188} INFO - Results for round 12 of season 2024 saved to /opt/***/data/raw/2024/round_12_results.json
[2025-06-04T12:11:46.310+0000] {logging_mixin.py:188} INFO - Fetching F1 race results for 2024 round 13 from https://ergast.com/api/f1/2024/13/results.json...
[2025-06-04T12:11:46.311+0000] {logging_mixin.py:188} INFO - Data will be saved relative to: /opt/***/data/raw
[2025-06-04T12:11:47.471+0000] {logging_mixin.py:188} INFO - Results for round 13 of season 2024 saved to /opt/***/data/raw/2024/round_13_results.json
[2025-06-04T12:11:47.478+0000] {logging_mixin.py:188} INFO - Fetching F1 race results for 2024 round 14 from https://ergast.com/api/f1/2024/14/results.json...
[2025-06-04T12:11:47.479+0000] {logging_mixin.py:188} INFO - Data will be saved relative to: /opt/***/data/raw
[2025-06-04T12:11:48.693+0000] {logging_mixin.py:188} INFO - Results for round 14 of season 2024 saved to /opt/***/data/raw/2024/round_14_results.json
[2025-06-04T12:11:48.705+0000] {logging_mixin.py:188} INFO - Fetching F1 race results for 2024 round 15 from https://ergast.com/api/f1/2024/15/results.json...
[2025-06-04T12:11:48.708+0000] {logging_mixin.py:188} INFO - Data will be saved relative to: /opt/***/data/raw
[2025-06-04T12:11:49.944+0000] {logging_mixin.py:188} INFO - Results for round 15 of season 2024 saved to /opt/***/data/raw/2024/round_15_results.json
[2025-06-04T12:11:49.979+0000] {logging_mixin.py:188} INFO - Fetching F1 race results for 2024 round 16 from https://ergast.com/api/f1/2024/16/results.json...
[2025-06-04T12:11:49.981+0000] {logging_mixin.py:188} INFO - Data will be saved relative to: /opt/***/data/raw
[2025-06-04T12:11:51.473+0000] {logging_mixin.py:188} INFO - Results for round 16 of season 2024 saved to /opt/***/data/raw/2024/round_16_results.json
[2025-06-04T12:11:51.474+0000] {logging_mixin.py:188} INFO - Fetching F1 race results for 2024 round 17 from https://ergast.com/api/f1/2024/17/results.json...
[2025-06-04T12:11:51.475+0000] {logging_mixin.py:188} INFO - Data will be saved relative to: /opt/***/data/raw
[2025-06-04T12:11:52.619+0000] {logging_mixin.py:188} INFO - Results for round 17 of season 2024 saved to /opt/***/data/raw/2024/round_17_results.json
[2025-06-04T12:11:52.621+0000] {logging_mixin.py:188} INFO - Fetching F1 race results for 2024 round 18 from https://ergast.com/api/f1/2024/18/results.json...
[2025-06-04T12:11:52.622+0000] {logging_mixin.py:188} INFO - Data will be saved relative to: /opt/***/data/raw
[2025-06-04T12:11:53.725+0000] {logging_mixin.py:188} INFO - Results for round 18 of season 2024 saved to /opt/***/data/raw/2024/round_18_results.json
[2025-06-04T12:11:53.726+0000] {logging_mixin.py:188} INFO - Fetching F1 race results for 2024 round 19 from https://ergast.com/api/f1/2024/19/results.json...
[2025-06-04T12:11:53.726+0000] {logging_mixin.py:188} INFO - Data will be saved relative to: /opt/***/data/raw
[2025-06-04T12:11:55.302+0000] {logging_mixin.py:188} INFO - Results for round 19 of season 2024 saved to /opt/***/data/raw/2024/round_19_results.json
[2025-06-04T12:11:55.306+0000] {logging_mixin.py:188} INFO - Fetching F1 race results for 2024 round 20 from https://ergast.com/api/f1/2024/20/results.json...
[2025-06-04T12:11:55.308+0000] {logging_mixin.py:188} INFO - Data will be saved relative to: /opt/***/data/raw
[2025-06-04T12:11:56.934+0000] {logging_mixin.py:188} INFO - Results for round 20 of season 2024 saved to /opt/***/data/raw/2024/round_20_results.json
[2025-06-04T12:11:56.935+0000] {logging_mixin.py:188} INFO - Fetching F1 race results for 2024 round 21 from https://ergast.com/api/f1/2024/21/results.json...
[2025-06-04T12:11:56.935+0000] {logging_mixin.py:188} INFO - Data will be saved relative to: /opt/***/data/raw
[2025-06-04T12:11:58.610+0000] {logging_mixin.py:188} INFO - Results for round 21 of season 2024 saved to /opt/***/data/raw/2024/round_21_results.json
[2025-06-04T12:11:58.612+0000] {logging_mixin.py:188} INFO - Fetching F1 race results for 2024 round 22 from https://ergast.com/api/f1/2024/22/results.json...
[2025-06-04T12:11:58.613+0000] {logging_mixin.py:188} INFO - Data will be saved relative to: /opt/***/data/raw
[2025-06-04T12:11:59.922+0000] {logging_mixin.py:188} INFO - Results for round 22 of season 2024 saved to /opt/***/data/raw/2024/round_22_results.json
[2025-06-04T12:11:59.924+0000] {logging_mixin.py:188} INFO - Fetching F1 race results for 2024 round 23 from https://ergast.com/api/f1/2024/23/results.json...
[2025-06-04T12:11:59.925+0000] {logging_mixin.py:188} INFO - Data will be saved relative to: /opt/***/data/raw
[2025-06-04T12:12:01.484+0000] {logging_mixin.py:188} INFO - Results for round 23 of season 2024 saved to /opt/***/data/raw/2024/round_23_results.json
[2025-06-04T12:12:01.486+0000] {logging_mixin.py:188} INFO - Fetching F1 race results for 2024 round 24 from https://ergast.com/api/f1/2024/24/results.json...
[2025-06-04T12:12:01.487+0000] {logging_mixin.py:188} INFO - Data will be saved relative to: /opt/***/data/raw
[2025-06-04T12:12:02.638+0000] {logging_mixin.py:188} INFO - Results for round 24 of season 2024 saved to /opt/***/data/raw/2024/round_24_results.json
[2025-06-04T12:12:02.641+0000] {logging_mixin.py:188} INFO - Extraction des résultats de tous les rounds terminée pour l'année 2024.
[2025-06-04T12:12:02.643+0000] {python.py:237} INFO - Done. Returned value was: None
[2025-06-04T12:12:02.644+0000] {taskinstance.py:441} INFO - ::group::Post task execution logs
[2025-06-04T12:12:02.687+0000] {taskinstance.py:1206} INFO - Marking task as SUCCESS. dag_id=f1_data_extraction_pipeline, task_id=fetch_all_round_details, run_id=manual__2025-06-04T12:11:24+00:00, execution_date=20250604T121124, start_date=20250604T121129, end_date=20250604T121202
[2025-06-04T12:12:02.759+0000] {local_task_job_runner.py:240} INFO - Task exited with return code 0
[2025-06-04T12:12:03.332+0000] {taskinstance.py:3503} INFO - 1 downstream tasks scheduled from follow-on schedule check
[2025-06-04T12:12:03.337+0000] {local_task_job_runner.py:222} INFO - ::endgroup::
