[2025-06-04T08:01:27.608+0000] {local_task_job_runner.py:120} INFO - ::group::Pre task execution logs
[2025-06-04T08:01:27.626+0000] {taskinstance.py:2076} INFO - Dependencies all met for dep_context=non-requeueable deps ti=<TaskInstance: f1_data_extraction_pipeline.fetch_all_round_details manual__2025-06-04T08:01:23+00:00 [queued]>
[2025-06-04T08:01:27.630+0000] {taskinstance.py:2076} INFO - Dependencies all met for dep_context=requeueable deps ti=<TaskInstance: f1_data_extraction_pipeline.fetch_all_round_details manual__2025-06-04T08:01:23+00:00 [queued]>
[2025-06-04T08:01:27.630+0000] {taskinstance.py:2306} INFO - Starting attempt 1 of 1
[2025-06-04T08:01:27.637+0000] {taskinstance.py:2330} INFO - Executing <Task(PythonOperator): fetch_all_round_details> on 2025-06-04 08:01:23+00:00
[2025-06-04T08:01:27.641+0000] {standard_task_runner.py:90} INFO - Running: ['***', 'tasks', 'run', 'f1_data_extraction_pipeline', 'fetch_all_round_details', 'manual__2025-06-04T08:01:23+00:00', '--job-id', '35', '--raw', '--subdir', 'DAGS_FOLDER/f1_pipeline.py', '--cfg-path', '/tmp/tmp5mek_7_1']
[2025-06-04T08:01:27.645+0000] {standard_task_runner.py:91} INFO - Job 35: Subtask fetch_all_round_details
[2025-06-04T08:01:27.752+0000] {logging_mixin.py:188} WARNING - /home/***/.local/lib/python3.12/site-packages/***/task/task_runner/standard_task_runner.py:61 DeprecationWarning: This process (pid=1122) is multi-threaded, use of fork() may lead to deadlocks in the child.
[2025-06-04T08:01:27.752+0000] {standard_task_runner.py:63} INFO - Started process 1123 to run task
[2025-06-04T08:01:27.779+0000] {task_command.py:426} INFO - Running <TaskInstance: f1_data_extraction_pipeline.fetch_all_round_details manual__2025-06-04T08:01:23+00:00 [running]> on host b959d05d9e8c
[2025-06-04T08:01:27.823+0000] {taskinstance.py:2648} INFO - Exporting env vars: AIRFLOW_CTX_DAG_OWNER='***' AIRFLOW_CTX_DAG_ID='f1_data_extraction_pipeline' AIRFLOW_CTX_TASK_ID='fetch_all_round_details' AIRFLOW_CTX_EXECUTION_DATE='2025-06-04T08:01:23+00:00' AIRFLOW_CTX_TRY_NUMBER='1' AIRFLOW_CTX_DAG_RUN_ID='manual__2025-06-04T08:01:23+00:00'
[2025-06-04T08:01:27.824+0000] {taskinstance.py:430} INFO - ::endgroup::
[2025-06-04T08:01:27.829+0000] {logging_mixin.py:188} INFO - Chaîne XCom brute pour rounds_list: '[1, 2, 3, 4, 5, 6, 7, 8, 9, 10, 11, 12, 13, 14, 15, 16, 17, 18, 19, 20, 21, 22, 23, 24]'
[2025-06-04T08:01:27.829+0000] {logging_mixin.py:188} INFO - Extraction des résultats pour l'année 2024, rounds (liste parsée): [1, 2, 3, 4, 5, 6, 7, 8, 9, 10, 11, 12, 13, 14, 15, 16, 17, 18, 19, 20, 21, 22, 23, 24]
[2025-06-04T08:01:27.829+0000] {logging_mixin.py:188} INFO - Fetching F1 race results for 2024 round 1 from https://ergast.com/api/f1/2024/1/results.json...
[2025-06-04T08:01:27.829+0000] {logging_mixin.py:188} INFO - Data will be saved relative to: /opt/***/data/raw
[2025-06-04T08:01:29.290+0000] {logging_mixin.py:188} INFO - Results for round 1 of season 2024 saved to /opt/***/data/raw/2024/round_1_results.json
[2025-06-04T08:01:29.292+0000] {logging_mixin.py:188} INFO - Fetching F1 race results for 2024 round 2 from https://ergast.com/api/f1/2024/2/results.json...
[2025-06-04T08:01:29.292+0000] {logging_mixin.py:188} INFO - Data will be saved relative to: /opt/***/data/raw
[2025-06-04T08:01:30.084+0000] {logging_mixin.py:188} INFO - Results for round 2 of season 2024 saved to /opt/***/data/raw/2024/round_2_results.json
[2025-06-04T08:01:30.087+0000] {logging_mixin.py:188} INFO - Fetching F1 race results for 2024 round 3 from https://ergast.com/api/f1/2024/3/results.json...
[2025-06-04T08:01:30.088+0000] {logging_mixin.py:188} INFO - Data will be saved relative to: /opt/***/data/raw
[2025-06-04T08:01:32.239+0000] {logging_mixin.py:188} INFO - Results for round 3 of season 2024 saved to /opt/***/data/raw/2024/round_3_results.json
[2025-06-04T08:01:32.250+0000] {logging_mixin.py:188} INFO - Fetching F1 race results for 2024 round 4 from https://ergast.com/api/f1/2024/4/results.json...
[2025-06-04T08:01:32.251+0000] {logging_mixin.py:188} INFO - Data will be saved relative to: /opt/***/data/raw
[2025-06-04T08:01:34.800+0000] {logging_mixin.py:188} INFO - Results for round 4 of season 2024 saved to /opt/***/data/raw/2024/round_4_results.json
[2025-06-04T08:01:34.803+0000] {logging_mixin.py:188} INFO - Fetching F1 race results for 2024 round 5 from https://ergast.com/api/f1/2024/5/results.json...
[2025-06-04T08:01:34.804+0000] {logging_mixin.py:188} INFO - Data will be saved relative to: /opt/***/data/raw
[2025-06-04T08:01:36.732+0000] {logging_mixin.py:188} INFO - Results for round 5 of season 2024 saved to /opt/***/data/raw/2024/round_5_results.json
[2025-06-04T08:01:36.735+0000] {logging_mixin.py:188} INFO - Fetching F1 race results for 2024 round 6 from https://ergast.com/api/f1/2024/6/results.json...
[2025-06-04T08:01:36.735+0000] {logging_mixin.py:188} INFO - Data will be saved relative to: /opt/***/data/raw
[2025-06-04T08:01:39.025+0000] {logging_mixin.py:188} INFO - Results for round 6 of season 2024 saved to /opt/***/data/raw/2024/round_6_results.json
[2025-06-04T08:01:39.028+0000] {logging_mixin.py:188} INFO - Fetching F1 race results for 2024 round 7 from https://ergast.com/api/f1/2024/7/results.json...
[2025-06-04T08:01:39.029+0000] {logging_mixin.py:188} INFO - Data will be saved relative to: /opt/***/data/raw
[2025-06-04T08:01:39.146+0000] {logging_mixin.py:188} INFO - Results for round 7 of season 2024 saved to /opt/***/data/raw/2024/round_7_results.json
[2025-06-04T08:01:39.148+0000] {logging_mixin.py:188} INFO - Fetching F1 race results for 2024 round 8 from https://ergast.com/api/f1/2024/8/results.json...
[2025-06-04T08:01:39.148+0000] {logging_mixin.py:188} INFO - Data will be saved relative to: /opt/***/data/raw
[2025-06-04T08:01:39.249+0000] {logging_mixin.py:188} INFO - Results for round 8 of season 2024 saved to /opt/***/data/raw/2024/round_8_results.json
[2025-06-04T08:01:39.250+0000] {logging_mixin.py:188} INFO - Fetching F1 race results for 2024 round 9 from https://ergast.com/api/f1/2024/9/results.json...
[2025-06-04T08:01:39.251+0000] {logging_mixin.py:188} INFO - Data will be saved relative to: /opt/***/data/raw
[2025-06-04T08:01:39.361+0000] {logging_mixin.py:188} INFO - Results for round 9 of season 2024 saved to /opt/***/data/raw/2024/round_9_results.json
[2025-06-04T08:01:39.362+0000] {logging_mixin.py:188} INFO - Fetching F1 race results for 2024 round 10 from https://ergast.com/api/f1/2024/10/results.json...
[2025-06-04T08:01:39.363+0000] {logging_mixin.py:188} INFO - Data will be saved relative to: /opt/***/data/raw
[2025-06-04T08:01:39.475+0000] {logging_mixin.py:188} INFO - Results for round 10 of season 2024 saved to /opt/***/data/raw/2024/round_10_results.json
[2025-06-04T08:01:39.477+0000] {logging_mixin.py:188} INFO - Fetching F1 race results for 2024 round 11 from https://ergast.com/api/f1/2024/11/results.json...
[2025-06-04T08:01:39.477+0000] {logging_mixin.py:188} INFO - Data will be saved relative to: /opt/***/data/raw
[2025-06-04T08:01:39.590+0000] {logging_mixin.py:188} INFO - Results for round 11 of season 2024 saved to /opt/***/data/raw/2024/round_11_results.json
[2025-06-04T08:01:39.592+0000] {logging_mixin.py:188} INFO - Fetching F1 race results for 2024 round 12 from https://ergast.com/api/f1/2024/12/results.json...
[2025-06-04T08:01:39.593+0000] {logging_mixin.py:188} INFO - Data will be saved relative to: /opt/***/data/raw
[2025-06-04T08:01:39.711+0000] {logging_mixin.py:188} INFO - Results for round 12 of season 2024 saved to /opt/***/data/raw/2024/round_12_results.json
[2025-06-04T08:01:39.713+0000] {logging_mixin.py:188} INFO - Fetching F1 race results for 2024 round 13 from https://ergast.com/api/f1/2024/13/results.json...
[2025-06-04T08:01:39.713+0000] {logging_mixin.py:188} INFO - Data will be saved relative to: /opt/***/data/raw
[2025-06-04T08:01:42.216+0000] {logging_mixin.py:188} INFO - Results for round 13 of season 2024 saved to /opt/***/data/raw/2024/round_13_results.json
[2025-06-04T08:01:42.220+0000] {logging_mixin.py:188} INFO - Fetching F1 race results for 2024 round 14 from https://ergast.com/api/f1/2024/14/results.json...
[2025-06-04T08:01:42.221+0000] {logging_mixin.py:188} INFO - Data will be saved relative to: /opt/***/data/raw
[2025-06-04T08:01:43.947+0000] {logging_mixin.py:188} INFO - Results for round 14 of season 2024 saved to /opt/***/data/raw/2024/round_14_results.json
[2025-06-04T08:01:43.951+0000] {logging_mixin.py:188} INFO - Fetching F1 race results for 2024 round 15 from https://ergast.com/api/f1/2024/15/results.json...
[2025-06-04T08:01:43.952+0000] {logging_mixin.py:188} INFO - Data will be saved relative to: /opt/***/data/raw
[2025-06-04T08:01:45.124+0000] {logging_mixin.py:188} INFO - Results for round 15 of season 2024 saved to /opt/***/data/raw/2024/round_15_results.json
[2025-06-04T08:01:45.126+0000] {logging_mixin.py:188} INFO - Fetching F1 race results for 2024 round 16 from https://ergast.com/api/f1/2024/16/results.json...
[2025-06-04T08:01:45.127+0000] {logging_mixin.py:188} INFO - Data will be saved relative to: /opt/***/data/raw
[2025-06-04T08:01:46.568+0000] {logging_mixin.py:188} INFO - Results for round 16 of season 2024 saved to /opt/***/data/raw/2024/round_16_results.json
[2025-06-04T08:01:46.570+0000] {logging_mixin.py:188} INFO - Fetching F1 race results for 2024 round 17 from https://ergast.com/api/f1/2024/17/results.json...
[2025-06-04T08:01:46.571+0000] {logging_mixin.py:188} INFO - Data will be saved relative to: /opt/***/data/raw
[2025-06-04T08:01:47.360+0000] {logging_mixin.py:188} INFO - Results for round 17 of season 2024 saved to /opt/***/data/raw/2024/round_17_results.json
[2025-06-04T08:01:47.374+0000] {logging_mixin.py:188} INFO - Fetching F1 race results for 2024 round 18 from https://ergast.com/api/f1/2024/18/results.json...
[2025-06-04T08:01:47.376+0000] {logging_mixin.py:188} INFO - Data will be saved relative to: /opt/***/data/raw
[2025-06-04T08:01:48.997+0000] {logging_mixin.py:188} INFO - Results for round 18 of season 2024 saved to /opt/***/data/raw/2024/round_18_results.json
[2025-06-04T08:01:49.033+0000] {logging_mixin.py:188} INFO - Fetching F1 race results for 2024 round 19 from https://ergast.com/api/f1/2024/19/results.json...
[2025-06-04T08:01:49.040+0000] {logging_mixin.py:188} INFO - Data will be saved relative to: /opt/***/data/raw
[2025-06-04T08:01:51.019+0000] {logging_mixin.py:188} INFO - Results for round 19 of season 2024 saved to /opt/***/data/raw/2024/round_19_results.json
[2025-06-04T08:01:51.023+0000] {logging_mixin.py:188} INFO - Fetching F1 race results for 2024 round 20 from https://ergast.com/api/f1/2024/20/results.json...
[2025-06-04T08:01:51.024+0000] {logging_mixin.py:188} INFO - Data will be saved relative to: /opt/***/data/raw
[2025-06-04T08:01:53.531+0000] {logging_mixin.py:188} INFO - Results for round 20 of season 2024 saved to /opt/***/data/raw/2024/round_20_results.json
[2025-06-04T08:01:53.535+0000] {logging_mixin.py:188} INFO - Fetching F1 race results for 2024 round 21 from https://ergast.com/api/f1/2024/21/results.json...
[2025-06-04T08:01:53.538+0000] {logging_mixin.py:188} INFO - Data will be saved relative to: /opt/***/data/raw
[2025-06-04T08:01:56.031+0000] {logging_mixin.py:188} INFO - Results for round 21 of season 2024 saved to /opt/***/data/raw/2024/round_21_results.json
[2025-06-04T08:01:56.032+0000] {logging_mixin.py:188} INFO - Fetching F1 race results for 2024 round 22 from https://ergast.com/api/f1/2024/22/results.json...
[2025-06-04T08:01:56.032+0000] {logging_mixin.py:188} INFO - Data will be saved relative to: /opt/***/data/raw
[2025-06-04T08:01:57.846+0000] {logging_mixin.py:188} INFO - Results for round 22 of season 2024 saved to /opt/***/data/raw/2024/round_22_results.json
[2025-06-04T08:01:57.850+0000] {logging_mixin.py:188} INFO - Fetching F1 race results for 2024 round 23 from https://ergast.com/api/f1/2024/23/results.json...
[2025-06-04T08:01:57.851+0000] {logging_mixin.py:188} INFO - Data will be saved relative to: /opt/***/data/raw
[2025-06-04T08:01:59.427+0000] {logging_mixin.py:188} INFO - Results for round 23 of season 2024 saved to /opt/***/data/raw/2024/round_23_results.json
[2025-06-04T08:01:59.428+0000] {logging_mixin.py:188} INFO - Fetching F1 race results for 2024 round 24 from https://ergast.com/api/f1/2024/24/results.json...
[2025-06-04T08:01:59.429+0000] {logging_mixin.py:188} INFO - Data will be saved relative to: /opt/***/data/raw
[2025-06-04T08:02:01.073+0000] {logging_mixin.py:188} INFO - Results for round 24 of season 2024 saved to /opt/***/data/raw/2024/round_24_results.json
[2025-06-04T08:02:01.075+0000] {logging_mixin.py:188} INFO - Extraction des résultats de tous les rounds terminée pour l'année 2024.
[2025-06-04T08:02:01.077+0000] {python.py:237} INFO - Done. Returned value was: None
[2025-06-04T08:02:01.077+0000] {taskinstance.py:441} INFO - ::group::Post task execution logs
[2025-06-04T08:02:01.113+0000] {taskinstance.py:1206} INFO - Marking task as SUCCESS. dag_id=f1_data_extraction_pipeline, task_id=fetch_all_round_details, run_id=manual__2025-06-04T08:01:23+00:00, execution_date=20250604T080123, start_date=20250604T080127, end_date=20250604T080201
[2025-06-04T08:02:01.169+0000] {local_task_job_runner.py:240} INFO - Task exited with return code 0
[2025-06-04T08:02:01.203+0000] {taskinstance.py:3503} INFO - 1 downstream tasks scheduled from follow-on schedule check
[2025-06-04T08:02:01.204+0000] {local_task_job_runner.py:222} INFO - ::endgroup::
