[2025-06-04T08:54:53.073+0000] {local_task_job_runner.py:120} INFO - ::group::Pre task execution logs
[2025-06-04T08:54:53.098+0000] {taskinstance.py:2076} INFO - Dependencies all met for dep_context=non-requeueable deps ti=<TaskInstance: f1_data_extraction_pipeline.transform_all_detailed_results manual__2025-06-04T08:54:14+00:00 [queued]>
[2025-06-04T08:54:53.102+0000] {taskinstance.py:2076} INFO - Dependencies all met for dep_context=requeueable deps ti=<TaskInstance: f1_data_extraction_pipeline.transform_all_detailed_results manual__2025-06-04T08:54:14+00:00 [queued]>
[2025-06-04T08:54:53.102+0000] {taskinstance.py:2306} INFO - Starting attempt 1 of 1
[2025-06-04T08:54:53.109+0000] {taskinstance.py:2330} INFO - Executing <Task(PythonOperator): transform_all_detailed_results> on 2025-06-04 08:54:14+00:00
[2025-06-04T08:54:53.114+0000] {standard_task_runner.py:90} INFO - Running: ['***', 'tasks', 'run', 'f1_data_extraction_pipeline', 'transform_all_detailed_results', 'manual__2025-06-04T08:54:14+00:00', '--job-id', '36', '--raw', '--subdir', 'DAGS_FOLDER/f1_pipeline.py', '--cfg-path', '/tmp/tmpedu8y4ue']
[2025-06-04T08:54:53.120+0000] {standard_task_runner.py:91} INFO - Job 36: Subtask transform_all_detailed_results
[2025-06-04T08:54:53.298+0000] {logging_mixin.py:188} WARNING - /home/***/.local/lib/python3.12/site-packages/***/task/task_runner/standard_task_runner.py:61 DeprecationWarning: This process (pid=463) is multi-threaded, use of fork() may lead to deadlocks in the child.
[2025-06-04T08:54:53.298+0000] {standard_task_runner.py:63} INFO - Started process 464 to run task
[2025-06-04T08:54:53.311+0000] {task_command.py:426} INFO - Running <TaskInstance: f1_data_extraction_pipeline.transform_all_detailed_results manual__2025-06-04T08:54:14+00:00 [running]> on host cd5b922ce643
[2025-06-04T08:54:53.360+0000] {taskinstance.py:2648} INFO - Exporting env vars: AIRFLOW_CTX_DAG_OWNER='***' AIRFLOW_CTX_DAG_ID='f1_data_extraction_pipeline' AIRFLOW_CTX_TASK_ID='transform_all_detailed_results' AIRFLOW_CTX_EXECUTION_DATE='2025-06-04T08:54:14+00:00' AIRFLOW_CTX_TRY_NUMBER='1' AIRFLOW_CTX_DAG_RUN_ID='manual__2025-06-04T08:54:14+00:00'
[2025-06-04T08:54:53.361+0000] {taskinstance.py:430} INFO - ::endgroup::
[2025-06-04T08:54:53.367+0000] {logging_mixin.py:188} INFO - Error: Results file not found for year 2023, round [ at /opt/***/data/raw/2023/round_[_results.json
[2025-06-04T08:54:53.369+0000] {logging_mixin.py:188} INFO - Error: Results file not found for year 2023, round , at /opt/***/data/raw/2023/round_,_results.json
[2025-06-04T08:54:53.369+0000] {logging_mixin.py:188} INFO - Error: Results file not found for year 2023, round   at /opt/***/data/raw/2023/round_ _results.json
[2025-06-04T08:54:53.369+0000] {logging_mixin.py:188} INFO - Error: Results file not found for year 2023, round , at /opt/***/data/raw/2023/round_,_results.json
[2025-06-04T08:54:53.370+0000] {logging_mixin.py:188} INFO - Error: Results file not found for year 2023, round   at /opt/***/data/raw/2023/round_ _results.json
[2025-06-04T08:54:53.370+0000] {logging_mixin.py:188} INFO - Error: Results file not found for year 2023, round , at /opt/***/data/raw/2023/round_,_results.json
[2025-06-04T08:54:53.370+0000] {logging_mixin.py:188} INFO - Error: Results file not found for year 2023, round   at /opt/***/data/raw/2023/round_ _results.json
[2025-06-04T08:54:53.371+0000] {logging_mixin.py:188} INFO - Error: Results file not found for year 2023, round , at /opt/***/data/raw/2023/round_,_results.json
[2025-06-04T08:54:53.371+0000] {logging_mixin.py:188} INFO - Error: Results file not found for year 2023, round   at /opt/***/data/raw/2023/round_ _results.json
[2025-06-04T08:54:53.372+0000] {logging_mixin.py:188} INFO - Error: Results file not found for year 2023, round , at /opt/***/data/raw/2023/round_,_results.json
[2025-06-04T08:54:53.372+0000] {logging_mixin.py:188} INFO - Error: Results file not found for year 2023, round   at /opt/***/data/raw/2023/round_ _results.json
[2025-06-04T08:54:53.372+0000] {logging_mixin.py:188} INFO - Error: Results file not found for year 2023, round , at /opt/***/data/raw/2023/round_,_results.json
[2025-06-04T08:54:53.372+0000] {logging_mixin.py:188} INFO - Error: Results file not found for year 2023, round   at /opt/***/data/raw/2023/round_ _results.json
[2025-06-04T08:54:53.373+0000] {logging_mixin.py:188} INFO - Error: Results file not found for year 2023, round , at /opt/***/data/raw/2023/round_,_results.json
[2025-06-04T08:54:53.373+0000] {logging_mixin.py:188} INFO - Error: Results file not found for year 2023, round   at /opt/***/data/raw/2023/round_ _results.json
[2025-06-04T08:54:53.374+0000] {logging_mixin.py:188} INFO - Error: Results file not found for year 2023, round , at /opt/***/data/raw/2023/round_,_results.json
[2025-06-04T08:54:53.374+0000] {logging_mixin.py:188} INFO - Error: Results file not found for year 2023, round   at /opt/***/data/raw/2023/round_ _results.json
[2025-06-04T08:54:53.374+0000] {logging_mixin.py:188} INFO - Error: Results file not found for year 2023, round , at /opt/***/data/raw/2023/round_,_results.json
[2025-06-04T08:54:53.374+0000] {logging_mixin.py:188} INFO - Error: Results file not found for year 2023, round   at /opt/***/data/raw/2023/round_ _results.json
[2025-06-04T08:54:53.375+0000] {logging_mixin.py:188} INFO - Error: Results file not found for year 2023, round 0 at /opt/***/data/raw/2023/round_0_results.json
[2025-06-04T08:54:53.375+0000] {logging_mixin.py:188} INFO - Error: Results file not found for year 2023, round , at /opt/***/data/raw/2023/round_,_results.json
[2025-06-04T08:54:53.375+0000] {logging_mixin.py:188} INFO - Error: Results file not found for year 2023, round   at /opt/***/data/raw/2023/round_ _results.json
[2025-06-04T08:54:53.376+0000] {logging_mixin.py:188} INFO - Error: Results file not found for year 2023, round , at /opt/***/data/raw/2023/round_,_results.json
[2025-06-04T08:54:53.376+0000] {logging_mixin.py:188} INFO - Error: Results file not found for year 2023, round   at /opt/***/data/raw/2023/round_ _results.json
[2025-06-04T08:54:53.377+0000] {logging_mixin.py:188} INFO - Error: Results file not found for year 2023, round , at /opt/***/data/raw/2023/round_,_results.json
[2025-06-04T08:54:53.377+0000] {logging_mixin.py:188} INFO - Error: Results file not found for year 2023, round   at /opt/***/data/raw/2023/round_ _results.json
[2025-06-04T08:54:53.378+0000] {logging_mixin.py:188} INFO - Error: Results file not found for year 2023, round , at /opt/***/data/raw/2023/round_,_results.json
[2025-06-04T08:54:53.378+0000] {logging_mixin.py:188} INFO - Error: Results file not found for year 2023, round   at /opt/***/data/raw/2023/round_ _results.json
[2025-06-04T08:54:53.379+0000] {logging_mixin.py:188} INFO - Error: Results file not found for year 2023, round , at /opt/***/data/raw/2023/round_,_results.json
[2025-06-04T08:54:53.379+0000] {logging_mixin.py:188} INFO - Error: Results file not found for year 2023, round   at /opt/***/data/raw/2023/round_ _results.json
[2025-06-04T08:54:53.380+0000] {logging_mixin.py:188} INFO - Error: Results file not found for year 2023, round , at /opt/***/data/raw/2023/round_,_results.json
[2025-06-04T08:54:53.380+0000] {logging_mixin.py:188} INFO - Error: Results file not found for year 2023, round   at /opt/***/data/raw/2023/round_ _results.json
[2025-06-04T08:54:53.380+0000] {logging_mixin.py:188} INFO - Error: Results file not found for year 2023, round , at /opt/***/data/raw/2023/round_,_results.json
[2025-06-04T08:54:53.381+0000] {logging_mixin.py:188} INFO - Error: Results file not found for year 2023, round   at /opt/***/data/raw/2023/round_ _results.json
[2025-06-04T08:54:53.381+0000] {logging_mixin.py:188} INFO - Error: Results file not found for year 2023, round , at /opt/***/data/raw/2023/round_,_results.json
[2025-06-04T08:54:53.381+0000] {logging_mixin.py:188} INFO - Error: Results file not found for year 2023, round   at /opt/***/data/raw/2023/round_ _results.json
[2025-06-04T08:54:53.382+0000] {logging_mixin.py:188} INFO - Error: Results file not found for year 2023, round , at /opt/***/data/raw/2023/round_,_results.json
[2025-06-04T08:54:53.382+0000] {logging_mixin.py:188} INFO - Error: Results file not found for year 2023, round   at /opt/***/data/raw/2023/round_ _results.json
[2025-06-04T08:54:53.383+0000] {logging_mixin.py:188} INFO - Error: Results file not found for year 2023, round , at /opt/***/data/raw/2023/round_,_results.json
[2025-06-04T08:54:53.383+0000] {logging_mixin.py:188} INFO - Error: Results file not found for year 2023, round   at /opt/***/data/raw/2023/round_ _results.json
[2025-06-04T08:54:53.383+0000] {logging_mixin.py:188} INFO - Error: Results file not found for year 2023, round 0 at /opt/***/data/raw/2023/round_0_results.json
[2025-06-04T08:54:53.383+0000] {logging_mixin.py:188} INFO - Error: Results file not found for year 2023, round , at /opt/***/data/raw/2023/round_,_results.json
[2025-06-04T08:54:53.384+0000] {logging_mixin.py:188} INFO - Error: Results file not found for year 2023, round   at /opt/***/data/raw/2023/round_ _results.json
[2025-06-04T08:54:53.384+0000] {logging_mixin.py:188} INFO - Error: Results file not found for year 2023, round , at /opt/***/data/raw/2023/round_,_results.json
[2025-06-04T08:54:53.384+0000] {logging_mixin.py:188} INFO - Error: Results file not found for year 2023, round   at /opt/***/data/raw/2023/round_ _results.json
[2025-06-04T08:54:53.385+0000] {logging_mixin.py:188} INFO - Error: Results file not found for year 2023, round ] at /opt/***/data/raw/2023/round_]_results.json
[2025-06-04T08:54:53.393+0000] {logging_mixin.py:188} INFO - Detailed results for year 2023 saved to /opt/***/data/processed/2023/detailed_results.csv.
[2025-06-04T08:54:53.394+0000] {logging_mixin.py:188} INFO - Drivers data for year 2023 saved to /opt/***/data/processed/2023/drivers.csv.
[2025-06-04T08:54:53.395+0000] {logging_mixin.py:188} INFO - Constructors data for year 2023 saved to /opt/***/data/processed/2023/constructors.csv.
[2025-06-04T08:54:53.395+0000] {python.py:237} INFO - Done. Returned value was: True
[2025-06-04T08:54:53.395+0000] {taskinstance.py:441} INFO - ::group::Post task execution logs
[2025-06-04T08:54:53.407+0000] {taskinstance.py:1206} INFO - Marking task as SUCCESS. dag_id=f1_data_extraction_pipeline, task_id=transform_all_detailed_results, run_id=manual__2025-06-04T08:54:14+00:00, execution_date=20250604T085414, start_date=20250604T085453, end_date=20250604T085453
[2025-06-04T08:54:53.439+0000] {local_task_job_runner.py:240} INFO - Task exited with return code 0
[2025-06-04T08:54:53.449+0000] {taskinstance.py:3503} INFO - 1 downstream tasks scheduled from follow-on schedule check
[2025-06-04T08:54:53.450+0000] {local_task_job_runner.py:222} INFO - ::endgroup::
