[2025-06-04T08:08:41.439+0000] {local_task_job_runner.py:120} INFO - ::group::Pre task execution logs
[2025-06-04T08:08:41.464+0000] {taskinstance.py:2076} INFO - Dependencies all met for dep_context=non-requeueable deps ti=<TaskInstance: f1_data_extraction_pipeline.transform_all_detailed_results manual__2025-06-04T08:08:14+00:00 [queued]>
[2025-06-04T08:08:41.469+0000] {taskinstance.py:2076} INFO - Dependencies all met for dep_context=requeueable deps ti=<TaskInstance: f1_data_extraction_pipeline.transform_all_detailed_results manual__2025-06-04T08:08:14+00:00 [queued]>
[2025-06-04T08:08:41.469+0000] {taskinstance.py:2306} INFO - Starting attempt 1 of 1
[2025-06-04T08:08:41.475+0000] {taskinstance.py:2330} INFO - Executing <Task(PythonOperator): transform_all_detailed_results> on 2025-06-04 08:08:14+00:00
[2025-06-04T08:08:41.481+0000] {standard_task_runner.py:90} INFO - Running: ['***', 'tasks', 'run', 'f1_data_extraction_pipeline', 'transform_all_detailed_results', 'manual__2025-06-04T08:08:14+00:00', '--job-id', '47', '--raw', '--subdir', 'DAGS_FOLDER/f1_pipeline.py', '--cfg-path', '/tmp/tmp_at0n3k8']
[2025-06-04T08:08:41.486+0000] {standard_task_runner.py:91} INFO - Job 47: Subtask transform_all_detailed_results
[2025-06-04T08:08:41.486+0000] {logging_mixin.py:188} WARNING - /home/***/.local/lib/python3.12/site-packages/***/task/task_runner/standard_task_runner.py:61 DeprecationWarning: This process (pid=355) is multi-threaded, use of fork() may lead to deadlocks in the child.
[2025-06-04T08:08:41.488+0000] {standard_task_runner.py:63} INFO - Started process 356 to run task
[2025-06-04T08:08:41.694+0000] {task_command.py:426} INFO - Running <TaskInstance: f1_data_extraction_pipeline.transform_all_detailed_results manual__2025-06-04T08:08:14+00:00 [running]> on host 410a371b2c4a
[2025-06-04T08:08:41.741+0000] {taskinstance.py:2648} INFO - Exporting env vars: AIRFLOW_CTX_DAG_OWNER='***' AIRFLOW_CTX_DAG_ID='f1_data_extraction_pipeline' AIRFLOW_CTX_TASK_ID='transform_all_detailed_results' AIRFLOW_CTX_EXECUTION_DATE='2025-06-04T08:08:14+00:00' AIRFLOW_CTX_TRY_NUMBER='1' AIRFLOW_CTX_DAG_RUN_ID='manual__2025-06-04T08:08:14+00:00'
[2025-06-04T08:08:41.742+0000] {taskinstance.py:430} INFO - ::endgroup::
[2025-06-04T08:08:41.749+0000] {logging_mixin.py:188} INFO - Error: Results file not found for year 2024, round [ at /opt/***/data/raw/2024/round_[_results.json
[2025-06-04T08:08:41.750+0000] {logging_mixin.py:188} INFO - Error: Results file not found for year 2024, round , at /opt/***/data/raw/2024/round_,_results.json
[2025-06-04T08:08:41.750+0000] {logging_mixin.py:188} INFO - Error: Results file not found for year 2024, round   at /opt/***/data/raw/2024/round_ _results.json
[2025-06-04T08:08:41.751+0000] {logging_mixin.py:188} INFO - Error: Results file not found for year 2024, round , at /opt/***/data/raw/2024/round_,_results.json
[2025-06-04T08:08:41.751+0000] {logging_mixin.py:188} INFO - Error: Results file not found for year 2024, round   at /opt/***/data/raw/2024/round_ _results.json
[2025-06-04T08:08:41.752+0000] {logging_mixin.py:188} INFO - Error: Results file not found for year 2024, round , at /opt/***/data/raw/2024/round_,_results.json
[2025-06-04T08:08:41.752+0000] {logging_mixin.py:188} INFO - Error: Results file not found for year 2024, round   at /opt/***/data/raw/2024/round_ _results.json
[2025-06-04T08:08:41.752+0000] {logging_mixin.py:188} INFO - Error: Results file not found for year 2024, round , at /opt/***/data/raw/2024/round_,_results.json
[2025-06-04T08:08:41.753+0000] {logging_mixin.py:188} INFO - Error: Results file not found for year 2024, round   at /opt/***/data/raw/2024/round_ _results.json
[2025-06-04T08:08:41.753+0000] {logging_mixin.py:188} INFO - Error: Results file not found for year 2024, round , at /opt/***/data/raw/2024/round_,_results.json
[2025-06-04T08:08:41.753+0000] {logging_mixin.py:188} INFO - Error: Results file not found for year 2024, round   at /opt/***/data/raw/2024/round_ _results.json
[2025-06-04T08:08:41.755+0000] {logging_mixin.py:188} INFO - Error: Results file not found for year 2024, round , at /opt/***/data/raw/2024/round_,_results.json
[2025-06-04T08:08:41.755+0000] {logging_mixin.py:188} INFO - Error: Results file not found for year 2024, round   at /opt/***/data/raw/2024/round_ _results.json
[2025-06-04T08:08:41.755+0000] {logging_mixin.py:188} INFO - Error: Results file not found for year 2024, round , at /opt/***/data/raw/2024/round_,_results.json
[2025-06-04T08:08:41.756+0000] {logging_mixin.py:188} INFO - Error: Results file not found for year 2024, round   at /opt/***/data/raw/2024/round_ _results.json
[2025-06-04T08:08:41.756+0000] {logging_mixin.py:188} INFO - Error: Results file not found for year 2024, round , at /opt/***/data/raw/2024/round_,_results.json
[2025-06-04T08:08:41.756+0000] {logging_mixin.py:188} INFO - Error: Results file not found for year 2024, round   at /opt/***/data/raw/2024/round_ _results.json
[2025-06-04T08:08:41.757+0000] {logging_mixin.py:188} INFO - Error: Results file not found for year 2024, round , at /opt/***/data/raw/2024/round_,_results.json
[2025-06-04T08:08:41.757+0000] {logging_mixin.py:188} INFO - Error: Results file not found for year 2024, round   at /opt/***/data/raw/2024/round_ _results.json
[2025-06-04T08:08:41.758+0000] {logging_mixin.py:188} INFO - Error: Results file not found for year 2024, round 0 at /opt/***/data/raw/2024/round_0_results.json
[2025-06-04T08:08:41.758+0000] {logging_mixin.py:188} INFO - Error: Results file not found for year 2024, round , at /opt/***/data/raw/2024/round_,_results.json
[2025-06-04T08:08:41.758+0000] {logging_mixin.py:188} INFO - Error: Results file not found for year 2024, round   at /opt/***/data/raw/2024/round_ _results.json
[2025-06-04T08:08:41.759+0000] {logging_mixin.py:188} INFO - Error: Results file not found for year 2024, round , at /opt/***/data/raw/2024/round_,_results.json
[2025-06-04T08:08:41.759+0000] {logging_mixin.py:188} INFO - Error: Results file not found for year 2024, round   at /opt/***/data/raw/2024/round_ _results.json
[2025-06-04T08:08:41.759+0000] {logging_mixin.py:188} INFO - Error: Results file not found for year 2024, round , at /opt/***/data/raw/2024/round_,_results.json
[2025-06-04T08:08:41.760+0000] {logging_mixin.py:188} INFO - Error: Results file not found for year 2024, round   at /opt/***/data/raw/2024/round_ _results.json
[2025-06-04T08:08:41.760+0000] {logging_mixin.py:188} INFO - Error: Results file not found for year 2024, round , at /opt/***/data/raw/2024/round_,_results.json
[2025-06-04T08:08:41.760+0000] {logging_mixin.py:188} INFO - Error: Results file not found for year 2024, round   at /opt/***/data/raw/2024/round_ _results.json
[2025-06-04T08:08:41.761+0000] {logging_mixin.py:188} INFO - Error: Results file not found for year 2024, round , at /opt/***/data/raw/2024/round_,_results.json
[2025-06-04T08:08:41.761+0000] {logging_mixin.py:188} INFO - Error: Results file not found for year 2024, round   at /opt/***/data/raw/2024/round_ _results.json
[2025-06-04T08:08:41.762+0000] {logging_mixin.py:188} INFO - Error: Results file not found for year 2024, round , at /opt/***/data/raw/2024/round_,_results.json
[2025-06-04T08:08:41.762+0000] {logging_mixin.py:188} INFO - Error: Results file not found for year 2024, round   at /opt/***/data/raw/2024/round_ _results.json
[2025-06-04T08:08:41.763+0000] {logging_mixin.py:188} INFO - Error: Results file not found for year 2024, round , at /opt/***/data/raw/2024/round_,_results.json
[2025-06-04T08:08:41.763+0000] {logging_mixin.py:188} INFO - Error: Results file not found for year 2024, round   at /opt/***/data/raw/2024/round_ _results.json
[2025-06-04T08:08:41.763+0000] {logging_mixin.py:188} INFO - Error: Results file not found for year 2024, round , at /opt/***/data/raw/2024/round_,_results.json
[2025-06-04T08:08:41.763+0000] {logging_mixin.py:188} INFO - Error: Results file not found for year 2024, round   at /opt/***/data/raw/2024/round_ _results.json
[2025-06-04T08:08:41.764+0000] {logging_mixin.py:188} INFO - Error: Results file not found for year 2024, round , at /opt/***/data/raw/2024/round_,_results.json
[2025-06-04T08:08:41.764+0000] {logging_mixin.py:188} INFO - Error: Results file not found for year 2024, round   at /opt/***/data/raw/2024/round_ _results.json
[2025-06-04T08:08:41.765+0000] {logging_mixin.py:188} INFO - Error: Results file not found for year 2024, round , at /opt/***/data/raw/2024/round_,_results.json
[2025-06-04T08:08:41.765+0000] {logging_mixin.py:188} INFO - Error: Results file not found for year 2024, round   at /opt/***/data/raw/2024/round_ _results.json
[2025-06-04T08:08:41.765+0000] {logging_mixin.py:188} INFO - Error: Results file not found for year 2024, round 0 at /opt/***/data/raw/2024/round_0_results.json
[2025-06-04T08:08:41.766+0000] {logging_mixin.py:188} INFO - Error: Results file not found for year 2024, round , at /opt/***/data/raw/2024/round_,_results.json
[2025-06-04T08:08:41.766+0000] {logging_mixin.py:188} INFO - Error: Results file not found for year 2024, round   at /opt/***/data/raw/2024/round_ _results.json
[2025-06-04T08:08:41.766+0000] {logging_mixin.py:188} INFO - Error: Results file not found for year 2024, round , at /opt/***/data/raw/2024/round_,_results.json
[2025-06-04T08:08:41.766+0000] {logging_mixin.py:188} INFO - Error: Results file not found for year 2024, round   at /opt/***/data/raw/2024/round_ _results.json
[2025-06-04T08:08:41.767+0000] {logging_mixin.py:188} INFO - Error: Results file not found for year 2024, round , at /opt/***/data/raw/2024/round_,_results.json
[2025-06-04T08:08:41.767+0000] {logging_mixin.py:188} INFO - Error: Results file not found for year 2024, round   at /opt/***/data/raw/2024/round_ _results.json
[2025-06-04T08:08:41.768+0000] {logging_mixin.py:188} INFO - Error: Results file not found for year 2024, round , at /opt/***/data/raw/2024/round_,_results.json
[2025-06-04T08:08:41.768+0000] {logging_mixin.py:188} INFO - Error: Results file not found for year 2024, round   at /opt/***/data/raw/2024/round_ _results.json
[2025-06-04T08:08:41.769+0000] {logging_mixin.py:188} INFO - Error: Results file not found for year 2024, round ] at /opt/***/data/raw/2024/round_]_results.json
[2025-06-04T08:08:41.777+0000] {logging_mixin.py:188} INFO - Detailed results for year 2024 saved to /opt/***/data/processed/2024/detailed_results.csv.
[2025-06-04T08:08:41.778+0000] {logging_mixin.py:188} INFO - Drivers data for year 2024 saved to /opt/***/data/processed/2024/drivers.csv.
[2025-06-04T08:08:41.779+0000] {logging_mixin.py:188} INFO - Constructors data for year 2024 saved to /opt/***/data/processed/2024/constructors.csv.
[2025-06-04T08:08:41.779+0000] {python.py:237} INFO - Done. Returned value was: True
[2025-06-04T08:08:41.779+0000] {taskinstance.py:441} INFO - ::group::Post task execution logs
[2025-06-04T08:08:41.791+0000] {taskinstance.py:1206} INFO - Marking task as SUCCESS. dag_id=f1_data_extraction_pipeline, task_id=transform_all_detailed_results, run_id=manual__2025-06-04T08:08:14+00:00, execution_date=20250604T080814, start_date=20250604T080841, end_date=20250604T080841
[2025-06-04T08:08:41.808+0000] {local_task_job_runner.py:240} INFO - Task exited with return code 0
[2025-06-04T08:08:41.929+0000] {taskinstance.py:3503} INFO - 1 downstream tasks scheduled from follow-on schedule check
[2025-06-04T08:08:41.933+0000] {local_task_job_runner.py:222} INFO - ::endgroup::
